{"meta": {"format": 3, "version": "7.10.7", "timestamp": "2025-10-16T17:03:55.585377", "branch_coverage": false, "show_contexts": false}, "files": {"agents\\src\\autifyme_agents\\__init__.py": {"executed_lines": [0], "summary": {"covered_lines": 0, "num_statements": 0, "percent_covered": 100.0, "percent_covered_display": "100", "missing_lines": 0, "excluded_lines": 0}, "missing_lines": [], "excluded_lines": [], "functions": {"": {"executed_lines": [], "summary": {"covered_lines": 0, "num_statements": 0, "percent_covered": 100.0, "percent_covered_display": "100", "missing_lines": 0, "excluded_lines": 0}, "missing_lines": [], "excluded_lines": []}}, "classes": {"": {"executed_lines": [], "summary": {"covered_lines": 0, "num_statements": 0, "percent_covered": 100.0, "percent_covered_display": "100", "missing_lines": 0, "excluded_lines": 0}, "missing_lines": [], "excluded_lines": []}}}, "agents\\src\\autifyme_agents\\core\\__init__.py": {"executed_lines": [0], "summary": {"covered_lines": 0, "num_statements": 0, "percent_covered": 100.0, "percent_covered_display": "100", "missing_lines": 0, "excluded_lines": 0}, "missing_lines": [], "excluded_lines": [], "functions": {"": {"executed_lines": [], "summary": {"covered_lines": 0, "num_statements": 0, "percent_covered": 100.0, "percent_covered_display": "100", "missing_lines": 0, "excluded_lines": 0}, "missing_lines": [], "excluded_lines": []}}, "classes": {"": {"executed_lines": [], "summary": {"covered_lines": 0, "num_statements": 0, "percent_covered": 100.0, "percent_covered_display": "100", "missing_lines": 0, "excluded_lines": 0}, "missing_lines": [], "excluded_lines": []}}}, "agents\\src\\autifyme_agents\\core\\config.py": {"executed_lines": [1, 2, 3, 5, 7, 8, 13, 19, 20, 21, 22, 23, 24, 25, 26, 27, 28, 33], "summary": {"covered_lines": 17, "num_statements": 17, "percent_covered": 100.0, "percent_covered_display": "100", "missing_lines": 0, "excluded_lines": 0}, "missing_lines": [], "excluded_lines": [], "functions": {"": {"executed_lines": [1, 2, 3, 5, 7, 8, 13, 19, 20, 21, 22, 23, 24, 25, 26, 27, 28, 33], "summary": {"covered_lines": 17, "num_statements": 17, "percent_covered": 100.0, "percent_covered_display": "100", "missing_lines": 0, "excluded_lines": 0}, "missing_lines": [], "excluded_lines": []}}, "classes": {"Settings": {"executed_lines": [], "summary": {"covered_lines": 0, "num_statements": 0, "percent_covered": 100.0, "percent_covered_display": "100", "missing_lines": 0, "excluded_lines": 0}, "missing_lines": [], "excluded_lines": []}, "": {"executed_lines": [1, 2, 3, 5, 7, 8, 13, 19, 20, 21, 22, 23, 24, 25, 26, 27, 28, 33], "summary": {"covered_lines": 17, "num_statements": 17, "percent_covered": 100.0, "percent_covered_display": "100", "missing_lines": 0, "excluded_lines": 0}, "missing_lines": [], "excluded_lines": []}}}, "agents\\src\\autifyme_agents\\core\\exceptions.py": {"executed_lines": [1, 14, 17, 18, 24, 31, 32, 39, 48, 49, 50, 53, 54, 56, 69, 70, 72, 85, 86, 88, 108, 109, 110, 112, 113, 114, 116, 123, 124, 131, 147, 148, 154, 162, 163, 164, 171, 172, 179, 187, 188, 189, 196, 197, 203, 217, 218, 224], "summary": {"covered_lines": 37, "num_statements": 51, "percent_covered": 72.54901960784314, "percent_covered_display": "73", "missing_lines": 14, "excluded_lines": 0}, "missing_lines": [65, 66, 81, 82, 140, 141, 143, 144, 212, 213, 214, 233, 234, 235], "excluded_lines": [], "functions": {"ToolExecutionError.__init__": {"executed_lines": [48, 49, 50], "summary": {"covered_lines": 3, "num_statements": 3, "percent_covered": 100.0, "percent_covered_display": "100", "missing_lines": 0, "excluded_lines": 0}, "missing_lines": [], "excluded_lines": []}, "StorageError.__init__": {"executed_lines": [], "summary": {"covered_lines": 0, "num_statements": 2, "percent_covered": 0.0, "percent_covered_display": "0", "missing_lines": 2, "excluded_lines": 0}, "missing_lines": [65, 66], "excluded_lines": []}, "ImageAnalysisError.__init__": {"executed_lines": [], "summary": {"covered_lines": 0, "num_statements": 2, "percent_covered": 0.0, "percent_covered_display": "0", "missing_lines": 2, "excluded_lines": 0}, "missing_lines": [81, 82], "excluded_lines": []}, "ExternalAPIError.__init__": {"executed_lines": [108, 109, 110, 112, 113, 114, 116], "summary": {"covered_lines": 7, "num_statements": 7, "percent_covered": 100.0, "percent_covered_display": "100", "missing_lines": 0, "excluded_lines": 0}, "missing_lines": [], "excluded_lines": []}, "ValidationError.__init__": {"executed_lines": [], "summary": {"covered_lines": 0, "num_statements": 4, "percent_covered": 0.0, "percent_covered_display": "0", "missing_lines": 4, "excluded_lines": 0}, "missing_lines": [140, 141, 143, 144], "excluded_lines": []}, "DataNotFoundError.__init__": {"executed_lines": [162, 163, 164], "summary": {"covered_lines": 3, "num_statements": 3, "percent_covered": 100.0, "percent_covered_display": "100", "missing_lines": 0, "excluded_lines": 0}, "missing_lines": [], "excluded_lines": []}, "ConfigurationError.__init__": {"executed_lines": [187, 188, 189], "summary": {"covered_lines": 3, "num_statements": 3, "percent_covered": 100.0, "percent_covered_display": "100", "missing_lines": 0, "excluded_lines": 0}, "missing_lines": [], "excluded_lines": []}, "AgentExecutionError.__init__": {"executed_lines": [], "summary": {"covered_lines": 0, "num_statements": 3, "percent_covered": 0.0, "percent_covered_display": "0", "missing_lines": 3, "excluded_lines": 0}, "missing_lines": [212, 213, 214], "excluded_lines": []}, "WorkflowInterruptedError.__init__": {"executed_lines": [], "summary": {"covered_lines": 0, "num_statements": 3, "percent_covered": 0.0, "percent_covered_display": "0", "missing_lines": 3, "excluded_lines": 0}, "missing_lines": [233, 234, 235], "excluded_lines": []}, "": {"executed_lines": [1, 14, 17, 18, 24, 31, 32, 39, 53, 54, 56, 69, 70, 72, 85, 86, 88, 123, 124, 131, 147, 148, 154, 171, 172, 179, 196, 197, 203, 217, 218, 224], "summary": {"covered_lines": 21, "num_statements": 21, "percent_covered": 100.0, "percent_covered_display": "100", "missing_lines": 0, "excluded_lines": 0}, "missing_lines": [], "excluded_lines": []}}, "classes": {"AutifyMEError": {"executed_lines": [], "summary": {"covered_lines": 0, "num_statements": 0, "percent_covered": 100.0, "percent_covered_display": "100", "missing_lines": 0, "excluded_lines": 0}, "missing_lines": [], "excluded_lines": []}, "ToolExecutionError": {"executed_lines": [48, 49, 50], "summary": {"covered_lines": 3, "num_statements": 3, "percent_covered": 100.0, "percent_covered_display": "100", "missing_lines": 0, "excluded_lines": 0}, "missing_lines": [], "excluded_lines": []}, "StorageError": {"executed_lines": [], "summary": {"covered_lines": 0, "num_statements": 2, "percent_covered": 0.0, "percent_covered_display": "0", "missing_lines": 2, "excluded_lines": 0}, "missing_lines": [65, 66], "excluded_lines": []}, "ImageAnalysisError": {"executed_lines": [], "summary": {"covered_lines": 0, "num_statements": 2, "percent_covered": 0.0, "percent_covered_display": "0", "missing_lines": 2, "excluded_lines": 0}, "missing_lines": [81, 82], "excluded_lines": []}, "ExternalAPIError": {"executed_lines": [108, 109, 110, 112, 113, 114, 116], "summary": {"covered_lines": 7, "num_statements": 7, "percent_covered": 100.0, "percent_covered_display": "100", "missing_lines": 0, "excluded_lines": 0}, "missing_lines": [], "excluded_lines": []}, "ValidationError": {"executed_lines": [], "summary": {"covered_lines": 0, "num_statements": 4, "percent_covered": 0.0, "percent_covered_display": "0", "missing_lines": 4, "excluded_lines": 0}, "missing_lines": [140, 141, 143, 144], "excluded_lines": []}, "DataNotFoundError": {"executed_lines": [162, 163, 164], "summary": {"covered_lines": 3, "num_statements": 3, "percent_covered": 100.0, "percent_covered_display": "100", "missing_lines": 0, "excluded_lines": 0}, "missing_lines": [], "excluded_lines": []}, "ConfigurationError": {"executed_lines": [187, 188, 189], "summary": {"covered_lines": 3, "num_statements": 3, "percent_covered": 100.0, "percent_covered_display": "100", "missing_lines": 0, "excluded_lines": 0}, "missing_lines": [], "excluded_lines": []}, "AgentExecutionError": {"executed_lines": [], "summary": {"covered_lines": 0, "num_statements": 3, "percent_covered": 0.0, "percent_covered_display": "0", "missing_lines": 3, "excluded_lines": 0}, "missing_lines": [212, 213, 214], "excluded_lines": []}, "WorkflowInterruptedError": {"executed_lines": [], "summary": {"covered_lines": 0, "num_statements": 3, "percent_covered": 0.0, "percent_covered_display": "0", "missing_lines": 3, "excluded_lines": 0}, "missing_lines": [233, 234, 235], "excluded_lines": []}, "": {"executed_lines": [1, 14, 17, 18, 24, 31, 32, 39, 53, 54, 56, 69, 70, 72, 85, 86, 88, 123, 124, 131, 147, 148, 154, 171, 172, 179, 196, 197, 203, 217, 218, 224], "summary": {"covered_lines": 21, "num_statements": 21, "percent_covered": 100.0, "percent_covered_display": "100", "missing_lines": 0, "excluded_lines": 0}, "missing_lines": [], "excluded_lines": []}}}, "agents\\src\\autifyme_agents\\core\\llm_factory.py": {"executed_lines": [1, 2, 3, 6, 32, 33, 46], "summary": {"covered_lines": 7, "num_statements": 10, "percent_covered": 70.0, "percent_covered_display": "70", "missing_lines": 3, "excluded_lines": 0}, "missing_lines": [34, 36, 44], "excluded_lines": [], "functions": {"get_llm": {"executed_lines": [32, 33, 46], "summary": {"covered_lines": 3, "num_statements": 6, "percent_covered": 50.0, "percent_covered_display": "50", "missing_lines": 3, "excluded_lines": 0}, "missing_lines": [34, 36, 44], "excluded_lines": []}, "": {"executed_lines": [1, 2, 3, 6], "summary": {"covered_lines": 4, "num_statements": 4, "percent_covered": 100.0, "percent_covered_display": "100", "missing_lines": 0, "excluded_lines": 0}, "missing_lines": [], "excluded_lines": []}}, "classes": {"": {"executed_lines": [1, 2, 3, 6, 32, 33, 46], "summary": {"covered_lines": 7, "num_statements": 10, "percent_covered": 70.0, "percent_covered_display": "70", "missing_lines": 3, "excluded_lines": 0}, "missing_lines": [34, 36, 44], "excluded_lines": []}}}, "agents\\src\\autifyme_agents\\core\\logging_config.py": {"executed_lines": [1, 6, 7, 8, 9, 10, 13, 16, 17, 18, 22, 24, 25, 26, 27, 28, 40, 41, 43, 46, 49, 54, 57, 65, 66, 69, 72, 73, 75, 79, 80, 83, 84, 85, 87, 91, 92, 95, 96, 101, 102, 103, 104, 107, 116, 119, 134], "summary": {"covered_lines": 45, "num_statements": 60, "percent_covered": 75.0, "percent_covered_display": "75", "missing_lines": 15, "excluded_lines": 0}, "missing_lines": [29, 31, 32, 33, 34, 35, 36, 37, 50, 51, 52, 98, 128, 129, 130], "excluded_lines": [], "functions": {"StructuredFormatter.format": {"executed_lines": [46, 49, 54], "summary": {"covered_lines": 3, "num_statements": 6, "percent_covered": 50.0, "percent_covered_display": "50", "missing_lines": 3, "excluded_lines": 0}, "missing_lines": [50, 51, 52], "excluded_lines": []}, "setup_logging": {"executed_lines": [65, 66, 69, 72, 73, 75, 79, 80, 83, 84, 85, 87, 91, 92, 95, 96, 101, 102, 103, 104], "summary": {"covered_lines": 20, "num_statements": 21, "percent_covered": 95.23809523809524, "percent_covered_display": "95", "missing_lines": 1, "excluded_lines": 0}, "missing_lines": [98], "excluded_lines": []}, "get_logger": {"executed_lines": [116], "summary": {"covered_lines": 1, "num_statements": 1, "percent_covered": 100.0, "percent_covered_display": "100", "missing_lines": 0, "excluded_lines": 0}, "missing_lines": [], "excluded_lines": []}, "log_with_context": {"executed_lines": [], "summary": {"covered_lines": 0, "num_statements": 3, "percent_covered": 0.0, "percent_covered_display": "0", "missing_lines": 3, "excluded_lines": 0}, "missing_lines": [128, 129, 130], "excluded_lines": []}, "": {"executed_lines": [1, 6, 7, 8, 9, 10, 13, 16, 17, 18, 22, 24, 25, 26, 27, 28, 40, 41, 43, 57, 107, 119, 134], "summary": {"covered_lines": 21, "num_statements": 29, "percent_covered": 72.41379310344827, "percent_covered_display": "72", "missing_lines": 8, "excluded_lines": 0}, "missing_lines": [29, 31, 32, 33, 34, 35, 36, 37], "excluded_lines": []}}, "classes": {"StructuredFormatter": {"executed_lines": [46, 49, 54], "summary": {"covered_lines": 3, "num_statements": 6, "percent_covered": 50.0, "percent_covered_display": "50", "missing_lines": 3, "excluded_lines": 0}, "missing_lines": [50, 51, 52], "excluded_lines": []}, "": {"executed_lines": [1, 6, 7, 8, 9, 10, 13, 16, 17, 18, 22, 24, 25, 26, 27, 28, 40, 41, 43, 57, 65, 66, 69, 72, 73, 75, 79, 80, 83, 84, 85, 87, 91, 92, 95, 96, 101, 102, 103, 104, 107, 116, 119, 134], "summary": {"covered_lines": 42, "num_statements": 54, "percent_covered": 77.77777777777777, "percent_covered_display": "78", "missing_lines": 12, "excluded_lines": 0}, "missing_lines": [29, 31, 32, 33, 34, 35, 36, 37, 98, 128, 129, 130], "excluded_lines": []}}}, "agents\\src\\autifyme_agents\\core\\middleware.py": {"executed_lines": [1, 3, 5, 6, 7, 8, 9, 11, 13, 14, 16, 19, 27, 28, 30, 32, 34, 35, 36, 37, 39, 40, 42, 43, 45, 51, 53, 55, 56, 58, 59, 60, 61, 63, 65, 66, 67, 68, 70, 72, 75, 76, 83, 84, 85, 86, 87, 89, 91, 92, 93, 97], "summary": {"covered_lines": 50, "num_statements": 54, "percent_covered": 92.5925925925926, "percent_covered_display": "93", "missing_lines": 4, "excluded_lines": 0}, "missing_lines": [46, 47, 48, 49], "excluded_lines": [], "functions": {"create_company_context_middleware": {"executed_lines": [27, 28, 30, 32, 39, 55, 72], "summary": {"covered_lines": 7, "num_statements": 7, "percent_covered": 100.0, "percent_covered_display": "100", "missing_lines": 0, "excluded_lines": 0}, "missing_lines": [], "excluded_lines": []}, "create_company_context_middleware._get_profile": {"executed_lines": [34, 35, 36, 37], "summary": {"covered_lines": 4, "num_statements": 4, "percent_covered": 100.0, "percent_covered_display": "100", "missing_lines": 0, "excluded_lines": 0}, "missing_lines": [], "excluded_lines": []}, "create_company_context_middleware._ensure_profile": {"executed_lines": [40, 42, 43, 45, 51, 53], "summary": {"covered_lines": 6, "num_statements": 10, "percent_covered": 60.0, "percent_covered_display": "60", "missing_lines": 4, "excluded_lines": 0}, "missing_lines": [46, 47, 48, 49], "excluded_lines": []}, "create_company_context_middleware.decorator": {"executed_lines": [56, 58, 59, 63, 65, 66, 70], "summary": {"covered_lines": 7, "num_statements": 7, "percent_covered": 100.0, "percent_covered_display": "100", "missing_lines": 0, "excluded_lines": 0}, "missing_lines": [], "excluded_lines": []}, "create_company_context_middleware.decorator.async_wrapper": {"executed_lines": [60, 61], "summary": {"covered_lines": 2, "num_statements": 2, "percent_covered": 100.0, "percent_covered_display": "100", "missing_lines": 0, "excluded_lines": 0}, "missing_lines": [], "excluded_lines": []}, "create_company_context_middleware.decorator.sync_wrapper": {"executed_lines": [67, 68], "summary": {"covered_lines": 2, "num_statements": 2, "percent_covered": 100.0, "percent_covered_display": "100", "missing_lines": 0, "excluded_lines": 0}, "missing_lines": [], "excluded_lines": []}, "CompanyContextMiddleware.__init__": {"executed_lines": [84, 85, 86, 87], "summary": {"covered_lines": 4, "num_statements": 4, "percent_covered": 100.0, "percent_covered_display": "100", "missing_lines": 0, "excluded_lines": 0}, "missing_lines": [], "excluded_lines": []}, "CompanyContextMiddleware.before_model": {"executed_lines": [91, 92, 93, 97], "summary": {"covered_lines": 4, "num_statements": 4, "percent_covered": 100.0, "percent_covered_display": "100", "missing_lines": 0, "excluded_lines": 0}, "missing_lines": [], "excluded_lines": []}, "": {"executed_lines": [1, 3, 5, 6, 7, 8, 9, 11, 13, 14, 16, 19, 75, 76, 83, 89], "summary": {"covered_lines": 14, "num_statements": 14, "percent_covered": 100.0, "percent_covered_display": "100", "missing_lines": 0, "excluded_lines": 0}, "missing_lines": [], "excluded_lines": []}}, "classes": {"CompanyContextMiddleware": {"executed_lines": [84, 85, 86, 87, 91, 92, 93, 97], "summary": {"covered_lines": 8, "num_statements": 8, "percent_covered": 100.0, "percent_covered_display": "100", "missing_lines": 0, "excluded_lines": 0}, "missing_lines": [], "excluded_lines": []}, "": {"executed_lines": [1, 3, 5, 6, 7, 8, 9, 11, 13, 14, 16, 19, 27, 28, 30, 32, 34, 35, 36, 37, 39, 40, 42, 43, 45, 51, 53, 55, 56, 58, 59, 60, 61, 63, 65, 66, 67, 68, 70, 72, 75, 76, 83, 89], "summary": {"covered_lines": 42, "num_statements": 46, "percent_covered": 91.30434782608695, "percent_covered_display": "91", "missing_lines": 4, "excluded_lines": 0}, "missing_lines": [46, 47, 48, 49], "excluded_lines": []}}}, "agents\\src\\autifyme_agents\\core\\ports.py": {"executed_lines": [1, 2, 3, 5, 13, 14, 23, 24, 33, 34, 47, 48, 79, 80, 92, 93, 109, 110, 138, 139, 171, 172, 196, 197, 214, 215, 234, 235], "summary": {"covered_lines": 27, "num_statements": 38, "percent_covered": 71.05263157894737, "percent_covered_display": "71", "missing_lines": 11, "excluded_lines": 0}, "missing_lines": [31, 45, 77, 90, 103, 132, 169, 194, 212, 232, 256], "excluded_lines": [], "functions": {"StorageInterface.get_company_profile": {"executed_lines": [], "summary": {"covered_lines": 0, "num_statements": 1, "percent_covered": 0.0, "percent_covered_display": "0", "missing_lines": 1, "excluded_lines": 0}, "missing_lines": [31], "excluded_lines": []}, "StorageInterface.save_product": {"executed_lines": [], "summary": {"covered_lines": 0, "num_statements": 1, "percent_covered": 0.0, "percent_covered_display": "0", "missing_lines": 1, "excluded_lines": 0}, "missing_lines": [45], "excluded_lines": []}, "StorageInterface.save_pending_approval": {"executed_lines": [], "summary": {"covered_lines": 0, "num_statements": 1, "percent_covered": 0.0, "percent_covered_display": "0", "missing_lines": 1, "excluded_lines": 0}, "missing_lines": [77], "excluded_lines": []}, "StorageInterface.get_pending_approval": {"executed_lines": [], "summary": {"covered_lines": 0, "num_statements": 1, "percent_covered": 0.0, "percent_covered_display": "0", "missing_lines": 1, "excluded_lines": 0}, "missing_lines": [90], "excluded_lines": []}, "StorageInterface.delete_pending_approval": {"executed_lines": [], "summary": {"covered_lines": 0, "num_statements": 1, "percent_covered": 0.0, "percent_covered_display": "0", "missing_lines": 1, "excluded_lines": 0}, "missing_lines": [103], "excluded_lines": []}, "StorageInterface.check_and_mark_message_processed": {"executed_lines": [], "summary": {"covered_lines": 0, "num_statements": 1, "percent_covered": 0.0, "percent_covered_display": "0", "missing_lines": 1, "excluded_lines": 0}, "missing_lines": [132], "excluded_lines": []}, "StorageInterface.save_workflow_outcome": {"executed_lines": [], "summary": {"covered_lines": 0, "num_statements": 1, "percent_covered": 0.0, "percent_covered_display": "0", "missing_lines": 1, "excluded_lines": 0}, "missing_lines": [169], "excluded_lines": []}, "StorageInterface.get_workflow_outcomes": {"executed_lines": [], "summary": {"covered_lines": 0, "num_statements": 1, "percent_covered": 0.0, "percent_covered_display": "0", "missing_lines": 1, "excluded_lines": 0}, "missing_lines": [194], "excluded_lines": []}, "StorageInterface.get_recent_failures": {"executed_lines": [], "summary": {"covered_lines": 0, "num_statements": 1, "percent_covered": 0.0, "percent_covered_display": "0", "missing_lines": 1, "excluded_lines": 0}, "missing_lines": [212], "excluded_lines": []}, "StorageInterface.get_success_rates": {"executed_lines": [], "summary": {"covered_lines": 0, "num_statements": 1, "percent_covered": 0.0, "percent_covered_display": "0", "missing_lines": 1, "excluded_lines": 0}, "missing_lines": [232], "excluded_lines": []}, "StorageInterface.get_edge_cases": {"executed_lines": [], "summary": {"covered_lines": 0, "num_statements": 1, "percent_covered": 0.0, "percent_covered_display": "0", "missing_lines": 1, "excluded_lines": 0}, "missing_lines": [256], "excluded_lines": []}, "": {"executed_lines": [1, 2, 3, 5, 13, 14, 23, 24, 33, 34, 47, 48, 79, 80, 92, 93, 109, 110, 138, 139, 171, 172, 196, 197, 214, 215, 234, 235], "summary": {"covered_lines": 27, "num_statements": 27, "percent_covered": 100.0, "percent_covered_display": "100", "missing_lines": 0, "excluded_lines": 0}, "missing_lines": [], "excluded_lines": []}}, "classes": {"StorageInterface": {"executed_lines": [], "summary": {"covered_lines": 0, "num_statements": 11, "percent_covered": 0.0, "percent_covered_display": "0", "missing_lines": 11, "excluded_lines": 0}, "missing_lines": [31, 45, 77, 90, 103, 132, 169, 194, 212, 232, 256], "excluded_lines": []}, "": {"executed_lines": [1, 2, 3, 5, 13, 14, 23, 24, 33, 34, 47, 48, 79, 80, 92, 93, 109, 110, 138, 139, 171, 172, 196, 197, 214, 215, 234, 235], "summary": {"covered_lines": 27, "num_statements": 27, "percent_covered": 100.0, "percent_covered_display": "100", "missing_lines": 0, "excluded_lines": 0}, "missing_lines": [], "excluded_lines": []}}}, "agents\\src\\autifyme_agents\\core\\prompt_loader.py": {"executed_lines": [1, 4, 24, 25, 27, 30, 31], "summary": {"covered_lines": 7, "num_statements": 8, "percent_covered": 87.5, "percent_covered_display": "88", "missing_lines": 1, "excluded_lines": 0}, "missing_lines": [28], "excluded_lines": [], "functions": {"load_prompt": {"executed_lines": [24, 25, 27, 30, 31], "summary": {"covered_lines": 5, "num_statements": 6, "percent_covered": 83.33333333333333, "percent_covered_display": "83", "missing_lines": 1, "excluded_lines": 0}, "missing_lines": [28], "excluded_lines": []}, "": {"executed_lines": [1, 4], "summary": {"covered_lines": 2, "num_statements": 2, "percent_covered": 100.0, "percent_covered_display": "100", "missing_lines": 0, "excluded_lines": 0}, "missing_lines": [], "excluded_lines": []}}, "classes": {"": {"executed_lines": [1, 4, 24, 25, 27, 30, 31], "summary": {"covered_lines": 7, "num_statements": 8, "percent_covered": 87.5, "percent_covered_display": "88", "missing_lines": 1, "excluded_lines": 0}, "missing_lines": [28], "excluded_lines": []}}}, "agents\\src\\autifyme_agents\\departments\\__init__.py": {"executed_lines": [0], "summary": {"covered_lines": 0, "num_statements": 0, "percent_covered": 100.0, "percent_covered_display": "100", "missing_lines": 0, "excluded_lines": 0}, "missing_lines": [], "excluded_lines": [], "functions": {"": {"executed_lines": [], "summary": {"covered_lines": 0, "num_statements": 0, "percent_covered": 100.0, "percent_covered_display": "100", "missing_lines": 0, "excluded_lines": 0}, "missing_lines": [], "excluded_lines": []}}, "classes": {"": {"executed_lines": [], "summary": {"covered_lines": 0, "num_statements": 0, "percent_covered": 100.0, "percent_covered_display": "100", "missing_lines": 0, "excluded_lines": 0}, "missing_lines": [], "excluded_lines": []}}}, "agents\\src\\autifyme_agents\\departments\\cataloging_department.py": {"executed_lines": [1, 16, 18, 19, 20, 21, 23, 24, 25, 26, 27, 28, 31, 34, 50, 51, 53, 56, 59, 65, 73, 101, 106, 109, 119, 129], "summary": {"covered_lines": 25, "num_statements": 28, "percent_covered": 89.28571428571429, "percent_covered_display": "89", "missing_lines": 3, "excluded_lines": 0}, "missing_lines": [66, 67, 68], "excluded_lines": [], "functions": {"create_cataloging_department": {"executed_lines": [50, 51, 53, 56, 59, 65, 73, 101, 106, 109, 119, 129], "summary": {"covered_lines": 12, "num_statements": 15, "percent_covered": 80.0, "percent_covered_display": "80", "missing_lines": 3, "excluded_lines": 0}, "missing_lines": [66, 67, 68], "excluded_lines": []}, "": {"executed_lines": [1, 16, 18, 19, 20, 21, 23, 24, 25, 26, 27, 28, 31, 34], "summary": {"covered_lines": 13, "num_statements": 13, "percent_covered": 100.0, "percent_covered_display": "100", "missing_lines": 0, "excluded_lines": 0}, "missing_lines": [], "excluded_lines": []}}, "classes": {"": {"executed_lines": [1, 16, 18, 19, 20, 21, 23, 24, 25, 26, 27, 28, 31, 34, 50, 51, 53, 56, 59, 65, 73, 101, 106, 109, 119, 129], "summary": {"covered_lines": 25, "num_statements": 28, "percent_covered": 89.28571428571429, "percent_covered_display": "89", "missing_lines": 3, "excluded_lines": 0}, "missing_lines": [66, 67, 68], "excluded_lines": []}}}, "agents\\src\\autifyme_agents\\departments\\marketing\\__init__.py": {"executed_lines": [], "summary": {"covered_lines": 0, "num_statements": 0, "percent_covered": 100.0, "percent_covered_display": "100", "missing_lines": 0, "excluded_lines": 0}, "missing_lines": [], "excluded_lines": [], "functions": {"": {"executed_lines": [], "summary": {"covered_lines": 0, "num_statements": 0, "percent_covered": 100.0, "percent_covered_display": "100", "missing_lines": 0, "excluded_lines": 0}, "missing_lines": [], "excluded_lines": []}}, "classes": {"": {"executed_lines": [], "summary": {"covered_lines": 0, "num_statements": 0, "percent_covered": 100.0, "percent_covered_display": "100", "missing_lines": 0, "excluded_lines": 0}, "missing_lines": [], "excluded_lines": []}}}, "agents\\src\\autifyme_agents\\departments\\marketing\\specialists\\__init__.py": {"executed_lines": [], "summary": {"covered_lines": 0, "num_statements": 0, "percent_covered": 100.0, "percent_covered_display": "100", "missing_lines": 0, "excluded_lines": 0}, "missing_lines": [], "excluded_lines": [], "functions": {"": {"executed_lines": [], "summary": {"covered_lines": 0, "num_statements": 0, "percent_covered": 100.0, "percent_covered_display": "100", "missing_lines": 0, "excluded_lines": 0}, "missing_lines": [], "excluded_lines": []}}, "classes": {"": {"executed_lines": [], "summary": {"covered_lines": 0, "num_statements": 0, "percent_covered": 100.0, "percent_covered_display": "100", "missing_lines": 0, "excluded_lines": 0}, "missing_lines": [], "excluded_lines": []}}}, "agents\\src\\autifyme_agents\\entrypoints\\__init__.py": {"executed_lines": [0], "summary": {"covered_lines": 0, "num_statements": 0, "percent_covered": 100.0, "percent_covered_display": "100", "missing_lines": 0, "excluded_lines": 0}, "missing_lines": [], "excluded_lines": [], "functions": {"": {"executed_lines": [], "summary": {"covered_lines": 0, "num_statements": 0, "percent_covered": 100.0, "percent_covered_display": "100", "missing_lines": 0, "excluded_lines": 0}, "missing_lines": [], "excluded_lines": []}}, "classes": {"": {"executed_lines": [], "summary": {"covered_lines": 0, "num_statements": 0, "percent_covered": 100.0, "percent_covered_display": "100", "missing_lines": 0, "excluded_lines": 0}, "missing_lines": [], "excluded_lines": []}}}, "agents\\src\\autifyme_agents\\entrypoints\\whatsapp_webhook.py": {"executed_lines": [1, 3, 5, 6, 7, 8, 10, 11, 13, 14, 15, 16, 17, 18, 21, 22, 28, 30, 33, 36, 37, 39, 42, 43, 49, 50, 51, 53, 57, 78, 80, 83, 97, 98, 100, 103, 104, 105, 106, 107, 108, 110, 111, 113, 116, 117, 118, 119, 120, 121, 129, 131, 132, 133, 141, 142, 144, 145, 146, 151, 155, 159, 160, 161, 169, 175, 176, 177, 178, 179, 182, 183, 187, 191, 197, 198, 204, 208, 217, 218, 220, 221, 222, 223, 224, 225, 226, 227, 228, 229, 230, 231, 232, 233, 234, 235, 236, 239, 257, 258, 259, 263, 271, 272, 274, 284, 286], "summary": {"covered_lines": 106, "num_statements": 134, "percent_covered": 79.1044776119403, "percent_covered_display": "79", "missing_lines": 28, "excluded_lines": 0}, "missing_lines": [23, 25, 26, 27, 45, 58, 59, 61, 62, 65, 66, 69, 73, 74, 75, 76, 84, 85, 86, 87, 88, 89, 162, 163, 164, 287, 288, 289], "excluded_lines": [], "functions": {"read_root": {"executed_lines": [39], "summary": {"covered_lines": 1, "num_statements": 1, "percent_covered": 100.0, "percent_covered_display": "100", "missing_lines": 0, "excluded_lines": 0}, "missing_lines": [], "excluded_lines": []}, "favicon": {"executed_lines": [], "summary": {"covered_lines": 0, "num_statements": 1, "percent_covered": 0.0, "percent_covered_display": "0", "missing_lines": 1, "excluded_lines": 0}, "missing_lines": [45], "excluded_lines": []}, "_get_runner": {"executed_lines": [57, 78], "summary": {"covered_lines": 2, "num_statements": 13, "percent_covered": 15.384615384615385, "percent_covered_display": "15", "missing_lines": 11, "excluded_lines": 0}, "missing_lines": [58, 59, 61, 62, 65, 66, 69, 73, 74, 75, 76], "excluded_lines": []}, "_persist_event": {"executed_lines": [], "summary": {"covered_lines": 0, "num_statements": 6, "percent_covered": 0.0, "percent_covered_display": "0", "missing_lines": 6, "excluded_lines": 0}, "missing_lines": [84, 85, 86, 87, 88, 89], "excluded_lines": []}, "health_check": {"executed_lines": [100], "summary": {"covered_lines": 1, "num_statements": 1, "percent_covered": 100.0, "percent_covered_display": "100", "missing_lines": 0, "excluded_lines": 0}, "missing_lines": [], "excluded_lines": []}, "verify": {"executed_lines": [105, 106, 107, 108, 110, 111, 113], "summary": {"covered_lines": 7, "num_statements": 7, "percent_covered": 100.0, "percent_covered_display": "100", "missing_lines": 0, "excluded_lines": 0}, "missing_lines": [], "excluded_lines": []}, "receive": {"executed_lines": [118, 119, 120, 121, 129, 131, 132, 133, 141, 142, 144, 145, 146, 151, 155, 159, 160, 161, 169, 175, 176, 177, 178, 179, 182, 183, 187, 191, 197, 198, 204, 208, 217, 218, 220, 221, 222, 223, 224, 225, 226, 227, 228, 229, 230, 231, 232, 233, 234, 235, 236, 239, 257, 258, 259, 263, 271, 272, 274, 284, 286], "summary": {"covered_lines": 61, "num_statements": 67, "percent_covered": 91.04477611940298, "percent_covered_display": "91", "missing_lines": 6, "excluded_lines": 0}, "missing_lines": [162, 163, 164, 287, 288, 289], "excluded_lines": []}, "": {"executed_lines": [1, 3, 5, 6, 7, 8, 10, 11, 13, 14, 15, 16, 17, 18, 21, 22, 28, 30, 33, 36, 37, 42, 43, 49, 50, 51, 53, 80, 83, 97, 98, 103, 104, 116, 117], "summary": {"covered_lines": 34, "num_statements": 38, "percent_covered": 89.47368421052632, "percent_covered_display": "89", "missing_lines": 4, "excluded_lines": 0}, "missing_lines": [23, 25, 26, 27], "excluded_lines": []}}, "classes": {"": {"executed_lines": [1, 3, 5, 6, 7, 8, 10, 11, 13, 14, 15, 16, 17, 18, 21, 22, 28, 30, 33, 36, 37, 39, 42, 43, 49, 50, 51, 53, 57, 78, 80, 83, 97, 98, 100, 103, 104, 105, 106, 107, 108, 110, 111, 113, 116, 117, 118, 119, 120, 121, 129, 131, 132, 133, 141, 142, 144, 145, 146, 151, 155, 159, 160, 161, 169, 175, 176, 177, 178, 179, 182, 183, 187, 191, 197, 198, 204, 208, 217, 218, 220, 221, 222, 223, 224, 225, 226, 227, 228, 229, 230, 231, 232, 233, 234, 235, 236, 239, 257, 258, 259, 263, 271, 272, 274, 284, 286], "summary": {"covered_lines": 106, "num_statements": 134, "percent_covered": 79.1044776119403, "percent_covered_display": "79", "missing_lines": 28, "excluded_lines": 0}, "missing_lines": [23, 25, 26, 27, 45, 58, 59, 61, 62, 65, 66, 69, 73, 74, 75, 76, 84, 85, 86, 87, 88, 89, 162, 163, 164, 287, 288, 289], "excluded_lines": []}}}, "agents\\src\\autifyme_agents\\integrations\\__init__.py": {"executed_lines": [0], "summary": {"covered_lines": 0, "num_statements": 0, "percent_covered": 100.0, "percent_covered_display": "100", "missing_lines": 0, "excluded_lines": 0}, "missing_lines": [], "excluded_lines": [], "functions": {"": {"executed_lines": [], "summary": {"covered_lines": 0, "num_statements": 0, "percent_covered": 100.0, "percent_covered_display": "100", "missing_lines": 0, "excluded_lines": 0}, "missing_lines": [], "excluded_lines": []}}, "classes": {"": {"executed_lines": [], "summary": {"covered_lines": 0, "num_statements": 0, "percent_covered": 100.0, "percent_covered_display": "100", "missing_lines": 0, "excluded_lines": 0}, "missing_lines": [], "excluded_lines": []}}}, "agents\\src\\autifyme_agents\\integrations\\communication\\__init__.py": {"executed_lines": [1, 3, 4, 6], "summary": {"covered_lines": 3, "num_statements": 3, "percent_covered": 100.0, "percent_covered_display": "100", "missing_lines": 0, "excluded_lines": 0}, "missing_lines": [], "excluded_lines": [], "functions": {"": {"executed_lines": [1, 3, 4, 6], "summary": {"covered_lines": 3, "num_statements": 3, "percent_covered": 100.0, "percent_covered_display": "100", "missing_lines": 0, "excluded_lines": 0}, "missing_lines": [], "excluded_lines": []}}, "classes": {"": {"executed_lines": [1, 3, 4, 6], "summary": {"covered_lines": 3, "num_statements": 3, "percent_covered": 100.0, "percent_covered_display": "100", "missing_lines": 0, "excluded_lines": 0}, "missing_lines": [], "excluded_lines": []}}}, "agents\\src\\autifyme_agents\\integrations\\communication\\whatsapp_client.py": {"executed_lines": [1, 3, 5, 6, 8, 10, 12, 15, 16, 18, 28], "summary": {"covered_lines": 9, "num_statements": 22, "percent_covered": 40.90909090909091, "percent_covered_display": "41", "missing_lines": 13, "excluded_lines": 0}, "missing_lines": [19, 20, 21, 23, 24, 26, 29, 36, 41, 42, 43, 44, 51], "excluded_lines": [], "functions": {"WhatsAppClient.__init__": {"executed_lines": [], "summary": {"covered_lines": 0, "num_statements": 6, "percent_covered": 0.0, "percent_covered_display": "0", "missing_lines": 6, "excluded_lines": 0}, "missing_lines": [19, 20, 21, 23, 24, 26], "excluded_lines": []}, "WhatsAppClient.send_text": {"executed_lines": [], "summary": {"covered_lines": 0, "num_statements": 7, "percent_covered": 0.0, "percent_covered_display": "0", "missing_lines": 7, "excluded_lines": 0}, "missing_lines": [29, 36, 41, 42, 43, 44, 51], "excluded_lines": []}, "": {"executed_lines": [1, 3, 5, 6, 8, 10, 12, 15, 16, 18, 28], "summary": {"covered_lines": 9, "num_statements": 9, "percent_covered": 100.0, "percent_covered_display": "100", "missing_lines": 0, "excluded_lines": 0}, "missing_lines": [], "excluded_lines": []}}, "classes": {"WhatsAppClient": {"executed_lines": [], "summary": {"covered_lines": 0, "num_statements": 13, "percent_covered": 0.0, "percent_covered_display": "0", "missing_lines": 13, "excluded_lines": 0}, "missing_lines": [19, 20, 21, 23, 24, 26, 29, 36, 41, 42, 43, 44, 51], "excluded_lines": []}, "": {"executed_lines": [1, 3, 5, 6, 8, 10, 12, 15, 16, 18, 28], "summary": {"covered_lines": 9, "num_statements": 9, "percent_covered": 100.0, "percent_covered_display": "100", "missing_lines": 0, "excluded_lines": 0}, "missing_lines": [], "excluded_lines": []}}}, "agents\\src\\autifyme_agents\\integrations\\communication\\whatsapp_media_client.py": {"executed_lines": [1, 3, 5, 6, 7, 8, 10, 12, 15, 16, 19, 22, 23, 31, 32, 33, 34, 35, 36, 41, 42, 43, 44, 45, 46, 47, 48, 52, 53, 54, 55, 59, 61, 71, 72, 76, 77, 78, 79, 80, 84, 86, 87, 90, 91, 92, 93, 96, 97, 98, 99, 100, 102, 104, 105, 107, 108, 111, 139], "summary": {"covered_lines": 57, "num_statements": 57, "percent_covered": 100.0, "percent_covered_display": "100", "missing_lines": 0, "excluded_lines": 0}, "missing_lines": [], "excluded_lines": [], "functions": {"WhatsAppMediaClient.__init__": {"executed_lines": [32, 33, 34, 35, 36], "summary": {"covered_lines": 5, "num_statements": 5, "percent_covered": 100.0, "percent_covered_display": "100", "missing_lines": 0, "excluded_lines": 0}, "missing_lines": [], "excluded_lines": []}, "WhatsAppMediaClient.get_media_url": {"executed_lines": [42, 43, 44, 45, 46, 47, 48, 52, 53, 54, 55, 59], "summary": {"covered_lines": 12, "num_statements": 12, "percent_covered": 100.0, "percent_covered_display": "100", "missing_lines": 0, "excluded_lines": 0}, "missing_lines": [], "excluded_lines": []}, "WhatsAppMediaClient.download_media": {"executed_lines": [71, 72, 76, 77, 78, 79, 80, 84, 86, 87, 90, 91, 92, 93, 96, 97, 98, 99, 100, 102], "summary": {"covered_lines": 20, "num_statements": 20, "percent_covered": 100.0, "percent_covered_display": "100", "missing_lines": 0, "excluded_lines": 0}, "missing_lines": [], "excluded_lines": []}, "WhatsAppMediaClient._derive_suffix": {"executed_lines": [107, 108, 111, 139], "summary": {"covered_lines": 4, "num_statements": 4, "percent_covered": 100.0, "percent_covered_display": "100", "missing_lines": 0, "excluded_lines": 0}, "missing_lines": [], "excluded_lines": []}, "": {"executed_lines": [1, 3, 5, 6, 7, 8, 10, 12, 15, 16, 19, 22, 23, 31, 41, 61, 104, 105], "summary": {"covered_lines": 16, "num_statements": 16, "percent_covered": 100.0, "percent_covered_display": "100", "missing_lines": 0, "excluded_lines": 0}, "missing_lines": [], "excluded_lines": []}}, "classes": {"WhatsAppMediaClient": {"executed_lines": [32, 33, 34, 35, 36, 42, 43, 44, 45, 46, 47, 48, 52, 53, 54, 55, 59, 71, 72, 76, 77, 78, 79, 80, 84, 86, 87, 90, 91, 92, 93, 96, 97, 98, 99, 100, 102, 107, 108, 111, 139], "summary": {"covered_lines": 41, "num_statements": 41, "percent_covered": 100.0, "percent_covered_display": "100", "missing_lines": 0, "excluded_lines": 0}, "missing_lines": [], "excluded_lines": []}, "": {"executed_lines": [1, 3, 5, 6, 7, 8, 10, 12, 15, 16, 19, 22, 23, 31, 41, 61, 104, 105], "summary": {"covered_lines": 16, "num_statements": 16, "percent_covered": 100.0, "percent_covered_display": "100", "missing_lines": 0, "excluded_lines": 0}, "missing_lines": [], "excluded_lines": []}}}, "agents\\src\\autifyme_agents\\integrations\\llm\\__init__.py": {"executed_lines": [], "summary": {"covered_lines": 0, "num_statements": 0, "percent_covered": 100.0, "percent_covered_display": "100", "missing_lines": 0, "excluded_lines": 0}, "missing_lines": [], "excluded_lines": [], "functions": {"": {"executed_lines": [], "summary": {"covered_lines": 0, "num_statements": 0, "percent_covered": 100.0, "percent_covered_display": "100", "missing_lines": 0, "excluded_lines": 0}, "missing_lines": [], "excluded_lines": []}}, "classes": {"": {"executed_lines": [], "summary": {"covered_lines": 0, "num_statements": 0, "percent_covered": 100.0, "percent_covered_display": "100", "missing_lines": 0, "excluded_lines": 0}, "missing_lines": [], "excluded_lines": []}}}, "agents\\src\\autifyme_agents\\integrations\\mcp\\__init__.py": {"executed_lines": [], "summary": {"covered_lines": 0, "num_statements": 0, "percent_covered": 100.0, "percent_covered_display": "100", "missing_lines": 0, "excluded_lines": 0}, "missing_lines": [], "excluded_lines": [], "functions": {"": {"executed_lines": [], "summary": {"covered_lines": 0, "num_statements": 0, "percent_covered": 100.0, "percent_covered_display": "100", "missing_lines": 0, "excluded_lines": 0}, "missing_lines": [], "excluded_lines": []}}, "classes": {"": {"executed_lines": [], "summary": {"covered_lines": 0, "num_statements": 0, "percent_covered": 100.0, "percent_covered_display": "100", "missing_lines": 0, "excluded_lines": 0}, "missing_lines": [], "excluded_lines": []}}}, "agents\\src\\autifyme_agents\\integrations\\storage\\__init__.py": {"executed_lines": [0], "summary": {"covered_lines": 0, "num_statements": 0, "percent_covered": 100.0, "percent_covered_display": "100", "missing_lines": 0, "excluded_lines": 0}, "missing_lines": [], "excluded_lines": [], "functions": {"": {"executed_lines": [], "summary": {"covered_lines": 0, "num_statements": 0, "percent_covered": 100.0, "percent_covered_display": "100", "missing_lines": 0, "excluded_lines": 0}, "missing_lines": [], "excluded_lines": []}}, "classes": {"": {"executed_lines": [], "summary": {"covered_lines": 0, "num_statements": 0, "percent_covered": 100.0, "percent_covered_display": "100", "missing_lines": 0, "excluded_lines": 0}, "missing_lines": [], "excluded_lines": []}}}, "agents\\src\\autifyme_agents\\integrations\\storage\\postgres_saver_factory.py": {"executed_lines": [1, 3, 5, 7, 8, 11], "summary": {"covered_lines": 5, "num_statements": 11, "percent_covered": 45.45454545454545, "percent_covered_display": "45", "missing_lines": 6, "excluded_lines": 0}, "missing_lines": [26, 28, 29, 30, 31, 33], "excluded_lines": [], "functions": {"get_checkpointer": {"executed_lines": [], "summary": {"covered_lines": 0, "num_statements": 6, "percent_covered": 0.0, "percent_covered_display": "0", "missing_lines": 6, "excluded_lines": 0}, "missing_lines": [26, 28, 29, 30, 31, 33], "excluded_lines": []}, "": {"executed_lines": [1, 3, 5, 7, 8, 11], "summary": {"covered_lines": 5, "num_statements": 5, "percent_covered": 100.0, "percent_covered_display": "100", "missing_lines": 0, "excluded_lines": 0}, "missing_lines": [], "excluded_lines": []}}, "classes": {"": {"executed_lines": [1, 3, 5, 7, 8, 11], "summary": {"covered_lines": 5, "num_statements": 11, "percent_covered": 45.45454545454545, "percent_covered_display": "45", "missing_lines": 6, "excluded_lines": 0}, "missing_lines": [26, 28, 29, 30, 31, 33], "excluded_lines": []}}}, "agents\\src\\autifyme_agents\\integrations\\storage\\storage_factory.py": {"executed_lines": [1, 3, 4, 6, 9], "summary": {"covered_lines": 4, "num_statements": 7, "percent_covered": 57.142857142857146, "percent_covered_display": "57", "missing_lines": 3, "excluded_lines": 0}, "missing_lines": [20, 23, 25], "excluded_lines": [], "functions": {"get_storage": {"executed_lines": [], "summary": {"covered_lines": 0, "num_statements": 3, "percent_covered": 0.0, "percent_covered_display": "0", "missing_lines": 3, "excluded_lines": 0}, "missing_lines": [20, 23, 25], "excluded_lines": []}, "": {"executed_lines": [1, 3, 4, 6, 9], "summary": {"covered_lines": 4, "num_statements": 4, "percent_covered": 100.0, "percent_covered_display": "100", "missing_lines": 0, "excluded_lines": 0}, "missing_lines": [], "excluded_lines": []}}, "classes": {"": {"executed_lines": [1, 3, 4, 6, 9], "summary": {"covered_lines": 4, "num_statements": 7, "percent_covered": 57.142857142857146, "percent_covered_display": "57", "missing_lines": 3, "excluded_lines": 0}, "missing_lines": [20, 23, 25], "excluded_lines": []}}}, "agents\\src\\autifyme_agents\\integrations\\storage\\supabase_client.py": {"executed_lines": [1, 3, 5, 6, 7, 9, 11, 12, 13, 15, 18, 19, 27, 45, 52, 65, 86, 127, 153, 166, 232, 259, 293, 316, 335], "summary": {"covered_lines": 23, "num_statements": 107, "percent_covered": 21.49532710280374, "percent_covered_display": "21", "missing_lines": 84, "excluded_lines": 0}, "missing_lines": [36, 37, 38, 39, 42, 43, 48, 49, 50, 55, 56, 58, 59, 63, 68, 69, 73, 75, 76, 79, 81, 82, 84, 100, 101, 102, 116, 122, 123, 125, 135, 136, 138, 148, 149, 151, 156, 157, 160, 188, 189, 190, 197, 199, 200, 209, 214, 216, 218, 226, 234, 237, 238, 239, 240, 242, 244, 245, 249, 257, 269, 271, 274, 275, 276, 278, 279, 281, 282, 284, 285, 288, 290, 291, 299, 301, 303, 314, 321, 327, 333, 342, 348, 355], "excluded_lines": [], "functions": {"SupabaseStorageClient.__init__": {"executed_lines": [], "summary": {"covered_lines": 0, "num_statements": 6, "percent_covered": 0.0, "percent_covered_display": "0", "missing_lines": 6, "excluded_lines": 0}, "missing_lines": [36, 37, 38, 39, 42, 43], "excluded_lines": []}, "SupabaseStorageClient._ensure_client": {"executed_lines": [], "summary": {"covered_lines": 0, "num_statements": 3, "percent_covered": 0.0, "percent_covered_display": "0", "missing_lines": 3, "excluded_lines": 0}, "missing_lines": [48, 49, 50], "excluded_lines": []}, "SupabaseStorageClient.get_company_profile": {"executed_lines": [], "summary": {"covered_lines": 0, "num_statements": 5, "percent_covered": 0.0, "percent_covered_display": "0", "missing_lines": 5, "excluded_lines": 0}, "missing_lines": [55, 56, 58, 59, 63], "excluded_lines": []}, "SupabaseStorageClient.save_product": {"executed_lines": [], "summary": {"covered_lines": 0, "num_statements": 9, "percent_covered": 0.0, "percent_covered_display": "0", "missing_lines": 9, "excluded_lines": 0}, "missing_lines": [68, 69, 73, 75, 76, 79, 81, 82, 84], "excluded_lines": []}, "SupabaseStorageClient.save_pending_approval": {"executed_lines": [], "summary": {"covered_lines": 0, "num_statements": 7, "percent_covered": 0.0, "percent_covered_display": "0", "missing_lines": 7, "excluded_lines": 0}, "missing_lines": [100, 101, 102, 116, 122, 123, 125], "excluded_lines": []}, "SupabaseStorageClient.get_pending_approval": {"executed_lines": [], "summary": {"covered_lines": 0, "num_statements": 6, "percent_covered": 0.0, "percent_covered_display": "0", "missing_lines": 6, "excluded_lines": 0}, "missing_lines": [135, 136, 138, 148, 149, 151], "excluded_lines": []}, "SupabaseStorageClient.delete_pending_approval": {"executed_lines": [], "summary": {"covered_lines": 0, "num_statements": 3, "percent_covered": 0.0, "percent_covered_display": "0", "missing_lines": 3, "excluded_lines": 0}, "missing_lines": [156, 157, 160], "excluded_lines": []}, "SupabaseStorageClient.check_and_mark_message_processed": {"executed_lines": [], "summary": {"covered_lines": 0, "num_statements": 11, "percent_covered": 0.0, "percent_covered_display": "0", "missing_lines": 11, "excluded_lines": 0}, "missing_lines": [188, 189, 190, 197, 199, 200, 209, 214, 216, 218, 226], "excluded_lines": []}, "SupabaseStorageClient.save_workflow_outcome": {"executed_lines": [], "summary": {"covered_lines": 0, "num_statements": 10, "percent_covered": 0.0, "percent_covered_display": "0", "missing_lines": 10, "excluded_lines": 0}, "missing_lines": [234, 237, 238, 239, 240, 242, 244, 245, 249, 257], "excluded_lines": []}, "SupabaseStorageClient.get_workflow_outcomes": {"executed_lines": [], "summary": {"covered_lines": 0, "num_statements": 14, "percent_covered": 0.0, "percent_covered_display": "0", "missing_lines": 14, "excluded_lines": 0}, "missing_lines": [269, 271, 274, 275, 276, 278, 279, 281, 282, 284, 285, 288, 290, 291], "excluded_lines": []}, "SupabaseStorageClient.get_recent_failures": {"executed_lines": [], "summary": {"covered_lines": 0, "num_statements": 4, "percent_covered": 0.0, "percent_covered_display": "0", "missing_lines": 4, "excluded_lines": 0}, "missing_lines": [299, 301, 303, 314], "excluded_lines": []}, "SupabaseStorageClient.get_success_rates": {"executed_lines": [], "summary": {"covered_lines": 0, "num_statements": 3, "percent_covered": 0.0, "percent_covered_display": "0", "missing_lines": 3, "excluded_lines": 0}, "missing_lines": [321, 327, 333], "excluded_lines": []}, "SupabaseStorageClient.get_edge_cases": {"executed_lines": [], "summary": {"covered_lines": 0, "num_statements": 3, "percent_covered": 0.0, "percent_covered_display": "0", "missing_lines": 3, "excluded_lines": 0}, "missing_lines": [342, 348, 355], "excluded_lines": []}, "": {"executed_lines": [1, 3, 5, 6, 7, 9, 11, 12, 13, 15, 18, 19, 27, 45, 52, 65, 86, 127, 153, 166, 232, 259, 293, 316, 335], "summary": {"covered_lines": 23, "num_statements": 23, "percent_covered": 100.0, "percent_covered_display": "100", "missing_lines": 0, "excluded_lines": 0}, "missing_lines": [], "excluded_lines": []}}, "classes": {"SupabaseStorageClient": {"executed_lines": [], "summary": {"covered_lines": 0, "num_statements": 84, "percent_covered": 0.0, "percent_covered_display": "0", "missing_lines": 84, "excluded_lines": 0}, "missing_lines": [36, 37, 38, 39, 42, 43, 48, 49, 50, 55, 56, 58, 59, 63, 68, 69, 73, 75, 76, 79, 81, 82, 84, 100, 101, 102, 116, 122, 123, 125, 135, 136, 138, 148, 149, 151, 156, 157, 160, 188, 189, 190, 197, 199, 200, 209, 214, 216, 218, 226, 234, 237, 238, 239, 240, 242, 244, 245, 249, 257, 269, 271, 274, 275, 276, 278, 279, 281, 282, 284, 285, 288, 290, 291, 299, 301, 303, 314, 321, 327, 333, 342, 348, 355], "excluded_lines": []}, "": {"executed_lines": [1, 3, 5, 6, 7, 9, 11, 12, 13, 15, 18, 19, 27, 45, 52, 65, 86, 127, 153, 166, 232, 259, 293, 316, 335], "summary": {"covered_lines": 23, "num_statements": 23, "percent_covered": 100.0, "percent_covered_display": "100", "missing_lines": 0, "excluded_lines": 0}, "missing_lines": [], "excluded_lines": []}}}, "agents\\src\\autifyme_agents\\schemas\\__init__.py": {"executed_lines": [1, 2, 3, 4, 6], "summary": {"covered_lines": 5, "num_statements": 5, "percent_covered": 100.0, "percent_covered_display": "100", "missing_lines": 0, "excluded_lines": 0}, "missing_lines": [], "excluded_lines": [], "functions": {"": {"executed_lines": [1, 2, 3, 4, 6], "summary": {"covered_lines": 5, "num_statements": 5, "percent_covered": 100.0, "percent_covered_display": "100", "missing_lines": 0, "excluded_lines": 0}, "missing_lines": [], "excluded_lines": []}}, "classes": {"": {"executed_lines": [1, 2, 3, 4, 6], "summary": {"covered_lines": 5, "num_statements": 5, "percent_covered": 100.0, "percent_covered_display": "100", "missing_lines": 0, "excluded_lines": 0}, "missing_lines": [], "excluded_lines": []}}}, "agents\\src\\autifyme_agents\\schemas\\agent_outputs.py": {"executed_lines": [1, 3, 4, 6, 8, 11, 12, 13, 14, 17, 18, 19, 20, 21, 22, 25, 26, 27, 28, 29, 32, 33, 38, 43, 47, 53, 54, 56, 57], "summary": {"covered_lines": 23, "num_statements": 23, "percent_covered": 100.0, "percent_covered_display": "100", "missing_lines": 0, "excluded_lines": 0}, "missing_lines": [], "excluded_lines": [], "functions": {"": {"executed_lines": [1, 3, 4, 6, 8, 11, 12, 13, 14, 17, 18, 19, 20, 21, 22, 25, 26, 27, 28, 29, 32, 33, 38, 43, 47, 53, 54, 56, 57], "summary": {"covered_lines": 23, "num_statements": 23, "percent_covered": 100.0, "percent_covered_display": "100", "missing_lines": 0, "excluded_lines": 0}, "missing_lines": [], "excluded_lines": []}}, "classes": {"AgentOutput": {"executed_lines": [], "summary": {"covered_lines": 0, "num_statements": 0, "percent_covered": 100.0, "percent_covered_display": "100", "missing_lines": 0, "excluded_lines": 0}, "missing_lines": [], "excluded_lines": []}, "ProductCatalogedOutput": {"executed_lines": [], "summary": {"covered_lines": 0, "num_statements": 0, "percent_covered": 100.0, "percent_covered_display": "100", "missing_lines": 0, "excluded_lines": 0}, "missing_lines": [], "excluded_lines": []}, "ErrorOutput": {"executed_lines": [], "summary": {"covered_lines": 0, "num_statements": 0, "percent_covered": 100.0, "percent_covered_display": "100", "missing_lines": 0, "excluded_lines": 0}, "missing_lines": [], "excluded_lines": []}, "ImageAnalysisResult": {"executed_lines": [], "summary": {"covered_lines": 0, "num_statements": 0, "percent_covered": 100.0, "percent_covered_display": "100", "missing_lines": 0, "excluded_lines": 0}, "missing_lines": [], "excluded_lines": []}, "CatalogingToolOutput": {"executed_lines": [], "summary": {"covered_lines": 0, "num_statements": 0, "percent_covered": 100.0, "percent_covered_display": "100", "missing_lines": 0, "excluded_lines": 0}, "missing_lines": [], "excluded_lines": []}, "": {"executed_lines": [1, 3, 4, 6, 8, 11, 12, 13, 14, 17, 18, 19, 20, 21, 22, 25, 26, 27, 28, 29, 32, 33, 38, 43, 47, 53, 54, 56, 57], "summary": {"covered_lines": 23, "num_statements": 23, "percent_covered": 100.0, "percent_covered_display": "100", "missing_lines": 0, "excluded_lines": 0}, "missing_lines": [], "excluded_lines": []}}}, "agents\\src\\autifyme_agents\\schemas\\approval.py": {"executed_lines": [1, 7, 9, 11, 14, 15, 29, 32, 37, 48, 49, 61, 62, 63, 64, 70, 71, 83, 86, 90, 99, 107], "summary": {"covered_lines": 18, "num_statements": 19, "percent_covered": 94.73684210526316, "percent_covered_display": "95", "missing_lines": 1, "excluded_lines": 0}, "missing_lines": [100], "excluded_lines": [], "functions": {"BatchApprovalResponse.validate_count": {"executed_lines": [99], "summary": {"covered_lines": 1, "num_statements": 2, "percent_covered": 50.0, "percent_covered_display": "50", "missing_lines": 1, "excluded_lines": 0}, "missing_lines": [100], "excluded_lines": []}, "": {"executed_lines": [1, 7, 9, 11, 14, 15, 29, 32, 37, 48, 49, 61, 62, 63, 64, 70, 71, 83, 86, 90, 107], "summary": {"covered_lines": 17, "num_statements": 17, "percent_covered": 100.0, "percent_covered_display": "100", "missing_lines": 0, "excluded_lines": 0}, "missing_lines": [], "excluded_lines": []}}, "classes": {"HumanInTheLoopResponse": {"executed_lines": [], "summary": {"covered_lines": 0, "num_statements": 0, "percent_covered": 100.0, "percent_covered_display": "100", "missing_lines": 0, "excluded_lines": 0}, "missing_lines": [], "excluded_lines": []}, "InterruptContext": {"executed_lines": [], "summary": {"covered_lines": 0, "num_statements": 0, "percent_covered": 100.0, "percent_covered_display": "100", "missing_lines": 0, "excluded_lines": 0}, "missing_lines": [], "excluded_lines": []}, "BatchApprovalResponse": {"executed_lines": [99], "summary": {"covered_lines": 1, "num_statements": 2, "percent_covered": 50.0, "percent_covered_display": "50", "missing_lines": 1, "excluded_lines": 0}, "missing_lines": [100], "excluded_lines": []}, "": {"executed_lines": [1, 7, 9, 11, 14, 15, 29, 32, 37, 48, 49, 61, 62, 63, 64, 70, 71, 83, 86, 90, 107], "summary": {"covered_lines": 17, "num_statements": 17, "percent_covered": 100.0, "percent_covered_display": "100", "missing_lines": 0, "excluded_lines": 0}, "missing_lines": [], "excluded_lines": []}}}, "agents\\src\\autifyme_agents\\schemas\\messages.py": {"executed_lines": [1, 8, 10, 11, 12, 14, 17, 18, 26, 27, 30, 33, 36, 45, 48, 51, 52, 53, 54, 58, 61, 62, 70, 71, 76, 77, 78, 79, 82, 85, 86, 91, 95, 99, 103, 107, 123, 150], "summary": {"covered_lines": 35, "num_statements": 60, "percent_covered": 58.333333333333336, "percent_covered_display": "58", "missing_lines": 25, "excluded_lines": 0}, "missing_lines": [97, 101, 105, 113, 114, 116, 117, 118, 120, 121, 129, 131, 132, 134, 135, 137, 138, 139, 140, 141, 142, 143, 145, 146, 148], "excluded_lines": [], "functions": {"IncomingMessage.has_media": {"executed_lines": [], "summary": {"covered_lines": 0, "num_statements": 1, "percent_covered": 0.0, "percent_covered_display": "0", "missing_lines": 1, "excluded_lines": 0}, "missing_lines": [97], "excluded_lines": []}, "IncomingMessage.has_text": {"executed_lines": [], "summary": {"covered_lines": 0, "num_statements": 1, "percent_covered": 0.0, "percent_covered_display": "0", "missing_lines": 1, "excluded_lines": 0}, "missing_lines": [101], "excluded_lines": []}, "IncomingMessage.is_empty": {"executed_lines": [], "summary": {"covered_lines": 0, "num_statements": 1, "percent_covered": 0.0, "percent_covered_display": "0", "missing_lines": 1, "excluded_lines": 0}, "missing_lines": [105], "excluded_lines": []}, "IncomingMessage.media_summary": {"executed_lines": [], "summary": {"covered_lines": 0, "num_statements": 7, "percent_covered": 0.0, "percent_covered_display": "0", "missing_lines": 7, "excluded_lines": 0}, "missing_lines": [113, 114, 116, 117, 118, 120, 121], "excluded_lines": []}, "IncomingMessage.to_semantic_description": {"executed_lines": [], "summary": {"covered_lines": 0, "num_statements": 15, "percent_covered": 0.0, "percent_covered_display": "0", "missing_lines": 15, "excluded_lines": 0}, "missing_lines": [129, 131, 132, 134, 135, 137, 138, 139, 140, 141, 142, 143, 145, 146, 148], "excluded_lines": []}, "": {"executed_lines": [1, 8, 10, 11, 12, 14, 17, 18, 26, 27, 30, 33, 36, 45, 48, 51, 52, 53, 54, 58, 61, 62, 70, 71, 76, 77, 78, 79, 82, 85, 86, 91, 95, 99, 103, 107, 123, 150], "summary": {"covered_lines": 35, "num_statements": 35, "percent_covered": 100.0, "percent_covered_display": "100", "missing_lines": 0, "excluded_lines": 0}, "missing_lines": [], "excluded_lines": []}}, "classes": {"MediaReference": {"executed_lines": [], "summary": {"covered_lines": 0, "num_statements": 0, "percent_covered": 100.0, "percent_covered_display": "100", "missing_lines": 0, "excluded_lines": 0}, "missing_lines": [], "excluded_lines": []}, "IncomingMessage": {"executed_lines": [], "summary": {"covered_lines": 0, "num_statements": 25, "percent_covered": 0.0, "percent_covered_display": "0", "missing_lines": 25, "excluded_lines": 0}, "missing_lines": [97, 101, 105, 113, 114, 116, 117, 118, 120, 121, 129, 131, 132, 134, 135, 137, 138, 139, 140, 141, 142, 143, 145, 146, 148], "excluded_lines": []}, "": {"executed_lines": [1, 8, 10, 11, 12, 14, 17, 18, 26, 27, 30, 33, 36, 45, 48, 51, 52, 53, 54, 58, 61, 62, 70, 71, 76, 77, 78, 79, 82, 85, 86, 91, 95, 99, 103, 107, 123, 150], "summary": {"covered_lines": 35, "num_statements": 35, "percent_covered": 100.0, "percent_covered_display": "100", "missing_lines": 0, "excluded_lines": 0}, "missing_lines": [], "excluded_lines": []}}}, "agents\\src\\autifyme_agents\\schemas\\models.py": {"executed_lines": [1, 3, 4, 6, 9, 10, 18, 22, 23, 24, 25, 26, 27, 29, 30, 31, 37, 39, 40, 49, 52, 53, 59, 60, 61, 62, 63, 64, 66, 73, 74, 80, 83, 84, 85, 86, 87, 92], "summary": {"covered_lines": 34, "num_statements": 41, "percent_covered": 82.92682926829268, "percent_covered_display": "83", "missing_lines": 7, "excluded_lines": 0}, "missing_lines": [38, 41, 42, 43, 44, 46, 47], "excluded_lines": [], "functions": {"Product.validate_id": {"executed_lines": [37, 39, 40], "summary": {"covered_lines": 3, "num_statements": 10, "percent_covered": 30.0, "percent_covered_display": "30", "missing_lines": 7, "excluded_lines": 0}, "missing_lines": [38, 41, 42, 43, 44, 46, 47], "excluded_lines": []}, "": {"executed_lines": [1, 3, 4, 6, 9, 10, 18, 22, 23, 24, 25, 26, 27, 29, 30, 31, 49, 52, 53, 59, 60, 61, 62, 63, 64, 66, 73, 74, 80, 83, 84, 85, 86, 87, 92], "summary": {"covered_lines": 31, "num_statements": 31, "percent_covered": 100.0, "percent_covered_display": "100", "missing_lines": 0, "excluded_lines": 0}, "missing_lines": [], "excluded_lines": []}}, "classes": {"Product": {"executed_lines": [37, 39, 40], "summary": {"covered_lines": 3, "num_statements": 10, "percent_covered": 30.0, "percent_covered_display": "30", "missing_lines": 7, "excluded_lines": 0}, "missing_lines": [38, 41, 42, 43, 44, 46, 47], "excluded_lines": []}, "CompanyProfile": {"executed_lines": [], "summary": {"covered_lines": 0, "num_statements": 0, "percent_covered": 100.0, "percent_covered_display": "100", "missing_lines": 0, "excluded_lines": 0}, "missing_lines": [], "excluded_lines": []}, "CatalogingResult": {"executed_lines": [], "summary": {"covered_lines": 0, "num_statements": 0, "percent_covered": 100.0, "percent_covered_display": "100", "missing_lines": 0, "excluded_lines": 0}, "missing_lines": [], "excluded_lines": []}, "": {"executed_lines": [1, 3, 4, 6, 9, 10, 18, 22, 23, 24, 25, 26, 27, 29, 30, 31, 49, 52, 53, 59, 60, 61, 62, 63, 64, 66, 73, 74, 80, 83, 84, 85, 86, 87, 92], "summary": {"covered_lines": 31, "num_statements": 31, "percent_covered": 100.0, "percent_covered_display": "100", "missing_lines": 0, "excluded_lines": 0}, "missing_lines": [], "excluded_lines": []}}}, "agents\\src\\autifyme_agents\\schemas\\state.py": {"executed_lines": [1, 3, 4, 6, 7, 8, 9, 11, 14, 17, 18, 21, 22, 23, 26, 27, 29, 30, 31, 32, 35, 36, 38, 39, 40, 41, 42, 43, 44, 45, 46], "summary": {"covered_lines": 29, "num_statements": 29, "percent_covered": 100.0, "percent_covered_display": "100", "missing_lines": 0, "excluded_lines": 0}, "missing_lines": [], "excluded_lines": [], "functions": {"": {"executed_lines": [1, 3, 4, 6, 7, 8, 9, 11, 14, 17, 18, 21, 22, 23, 26, 27, 29, 30, 31, 32, 35, 36, 38, 39, 40, 41, 42, 43, 44, 45, 46], "summary": {"covered_lines": 29, "num_statements": 29, "percent_covered": 100.0, "percent_covered_display": "100", "missing_lines": 0, "excluded_lines": 0}, "missing_lines": [], "excluded_lines": []}}, "classes": {"DepartmentResults": {"executed_lines": [], "summary": {"covered_lines": 0, "num_statements": 0, "percent_covered": 100.0, "percent_covered_display": "100", "missing_lines": 0, "excluded_lines": 0}, "missing_lines": [], "excluded_lines": []}, "ProjectMetadata": {"executed_lines": [], "summary": {"covered_lines": 0, "num_statements": 0, "percent_covered": 100.0, "percent_covered_display": "100", "missing_lines": 0, "excluded_lines": 0}, "missing_lines": [], "excluded_lines": []}, "InterruptInfo": {"executed_lines": [], "summary": {"covered_lines": 0, "num_statements": 0, "percent_covered": 100.0, "percent_covered_display": "100", "missing_lines": 0, "excluded_lines": 0}, "missing_lines": [], "excluded_lines": []}, "ProjectManagerState": {"executed_lines": [], "summary": {"covered_lines": 0, "num_statements": 0, "percent_covered": 100.0, "percent_covered_display": "100", "missing_lines": 0, "excluded_lines": 0}, "missing_lines": [], "excluded_lines": []}, "": {"executed_lines": [1, 3, 4, 6, 7, 8, 9, 11, 14, 17, 18, 21, 22, 23, 26, 27, 29, 30, 31, 32, 35, 36, 38, 39, 40, 41, 42, 43, 44, 45, 46], "summary": {"covered_lines": 29, "num_statements": 29, "percent_covered": 100.0, "percent_covered_display": "100", "missing_lines": 0, "excluded_lines": 0}, "missing_lines": [], "excluded_lines": []}}}, "agents\\src\\autifyme_agents\\specialists\\cataloging_specialist.py": {"executed_lines": [1, 6, 8, 9, 11, 12, 13, 16, 36, 37, 40, 49, 53], "summary": {"covered_lines": 12, "num_statements": 21, "percent_covered": 57.142857142857146, "percent_covered_display": "57", "missing_lines": 9, "excluded_lines": 0}, "missing_lines": [64, 67, 69, 70, 72, 74, 76, 79, 82], "excluded_lines": [], "functions": {"create_cataloging_specialist": {"executed_lines": [36, 37, 40, 49], "summary": {"covered_lines": 4, "num_statements": 4, "percent_covered": 100.0, "percent_covered_display": "100", "missing_lines": 0, "excluded_lines": 0}, "missing_lines": [], "excluded_lines": []}, "cataloging_specialist_invoke": {"executed_lines": [], "summary": {"covered_lines": 0, "num_statements": 9, "percent_covered": 0.0, "percent_covered_display": "0", "missing_lines": 9, "excluded_lines": 0}, "missing_lines": [64, 67, 69, 70, 72, 74, 76, 79, 82], "excluded_lines": []}, "": {"executed_lines": [1, 6, 8, 9, 11, 12, 13, 16, 53], "summary": {"covered_lines": 8, "num_statements": 8, "percent_covered": 100.0, "percent_covered_display": "100", "missing_lines": 0, "excluded_lines": 0}, "missing_lines": [], "excluded_lines": []}}, "classes": {"": {"executed_lines": [1, 6, 8, 9, 11, 12, 13, 16, 36, 37, 40, 49, 53], "summary": {"covered_lines": 12, "num_statements": 21, "percent_covered": 57.142857142857146, "percent_covered_display": "57", "missing_lines": 9, "excluded_lines": 0}, "missing_lines": [64, 67, 69, 70, 72, 74, 76, 79, 82], "excluded_lines": []}}}, "agents\\src\\autifyme_agents\\specialists\\image_analysis_specialist.py": {"executed_lines": [1, 6, 7, 8, 9, 11, 12, 13, 14, 16, 17, 18, 19, 22, 34, 35, 38, 53, 55, 56, 59, 60, 68, 69, 71, 74, 91, 92, 95, 104, 107, 130, 132, 133, 134, 136, 138, 139, 141, 143, 146, 147, 148, 149, 152, 153, 155, 156, 158, 165, 176, 178, 181, 211, 228, 229, 230, 233, 234, 238, 246, 247, 248, 249, 250, 252, 253, 259, 263, 264, 265, 271, 272, 280, 281, 286, 296, 307], "summary": {"covered_lines": 77, "num_statements": 77, "percent_covered": 100.0, "percent_covered_display": "100", "missing_lines": 0, "excluded_lines": 0}, "missing_lines": [], "excluded_lines": [], "functions": {"_encode_bytes_to_data_uri": {"executed_lines": [34, 35], "summary": {"covered_lines": 2, "num_statements": 2, "percent_covered": 100.0, "percent_covered_display": "100", "missing_lines": 0, "excluded_lines": 0}, "missing_lines": [], "excluded_lines": []}, "_encode_image_to_data_uri": {"executed_lines": [53, 55, 56, 59, 60, 68, 69, 71], "summary": {"covered_lines": 8, "num_statements": 8, "percent_covered": 100.0, "percent_covered_display": "100", "missing_lines": 0, "excluded_lines": 0}, "missing_lines": [], "excluded_lines": []}, "create_image_analysis_specialist": {"executed_lines": [91, 92, 95, 104], "summary": {"covered_lines": 4, "num_statements": 4, "percent_covered": 100.0, "percent_covered_display": "100", "missing_lines": 0, "excluded_lines": 0}, "missing_lines": [], "excluded_lines": []}, "image_analysis_specialist_invoke": {"executed_lines": [130, 132, 133, 134, 136, 138, 139, 141, 143, 146, 147, 148, 149, 152, 153, 155, 156, 158, 165, 176, 178], "summary": {"covered_lines": 21, "num_statements": 21, "percent_covered": 100.0, "percent_covered_display": "100", "missing_lines": 0, "excluded_lines": 0}, "missing_lines": [], "excluded_lines": []}, "create_image_analysis_specialist_graph": {"executed_lines": [211, 307], "summary": {"covered_lines": 2, "num_statements": 2, "percent_covered": 100.0, "percent_covered_display": "100", "missing_lines": 0, "excluded_lines": 0}, "missing_lines": [], "excluded_lines": []}, "create_image_analysis_specialist_graph.analyze_image_from_state": {"executed_lines": [228, 229, 230, 233, 234, 238, 246, 247, 248, 249, 250, 252, 253, 259, 263, 264, 265, 271, 272, 280, 281, 286, 296], "summary": {"covered_lines": 23, "num_statements": 23, "percent_covered": 100.0, "percent_covered_display": "100", "missing_lines": 0, "excluded_lines": 0}, "missing_lines": [], "excluded_lines": []}, "": {"executed_lines": [1, 6, 7, 8, 9, 11, 12, 13, 14, 16, 17, 18, 19, 22, 38, 74, 107, 181], "summary": {"covered_lines": 17, "num_statements": 17, "percent_covered": 100.0, "percent_covered_display": "100", "missing_lines": 0, "excluded_lines": 0}, "missing_lines": [], "excluded_lines": []}}, "classes": {"": {"executed_lines": [1, 6, 7, 8, 9, 11, 12, 13, 14, 16, 17, 18, 19, 22, 34, 35, 38, 53, 55, 56, 59, 60, 68, 69, 71, 74, 91, 92, 95, 104, 107, 130, 132, 133, 134, 136, 138, 139, 141, 143, 146, 147, 148, 149, 152, 153, 155, 156, 158, 165, 176, 178, 181, 211, 228, 229, 230, 233, 234, 238, 246, 247, 248, 249, 250, 252, 253, 259, 263, 264, 265, 271, 272, 280, 281, 286, 296, 307], "summary": {"covered_lines": 77, "num_statements": 77, "percent_covered": 100.0, "percent_covered_display": "100", "missing_lines": 0, "excluded_lines": 0}, "missing_lines": [], "excluded_lines": []}}}, "agents\\src\\autifyme_agents\\tools\\__init__.py": {"executed_lines": [3, 7, 8, 10], "summary": {"covered_lines": 4, "num_statements": 4, "percent_covered": 100.0, "percent_covered_display": "100", "missing_lines": 0, "excluded_lines": 0}, "missing_lines": [], "excluded_lines": [], "functions": {"": {"executed_lines": [3, 7, 8, 10], "summary": {"covered_lines": 4, "num_statements": 4, "percent_covered": 100.0, "percent_covered_display": "100", "missing_lines": 0, "excluded_lines": 0}, "missing_lines": [], "excluded_lines": []}}, "classes": {"": {"executed_lines": [3, 7, 8, 10], "summary": {"covered_lines": 4, "num_statements": 4, "percent_covered": 100.0, "percent_covered_display": "100", "missing_lines": 0, "excluded_lines": 0}, "missing_lines": [], "excluded_lines": []}}}, "agents\\src\\autifyme_agents\\tools\\analysis_tools.py": {"executed_lines": [1, 10, 12, 13, 21, 26, 27, 28, 29, 31, 34], "summary": {"covered_lines": 10, "num_statements": 35, "percent_covered": 28.571428571428573, "percent_covered_display": "29", "missing_lines": 25, "excluded_lines": 0}, "missing_lines": [35, 37, 38, 39, 46, 48, 50, 51, 56, 57, 63, 64, 66, 67, 76, 78, 79, 81, 82, 84, 85, 94, 95, 101, 107], "excluded_lines": [], "functions": {"create_analyze_product_image_tool": {"executed_lines": [], "summary": {"covered_lines": 0, "num_statements": 6, "percent_covered": 0.0, "percent_covered_display": "0", "missing_lines": 6, "excluded_lines": 0}, "missing_lines": [35, 37, 38, 39, 46, 107], "excluded_lines": []}, "create_analyze_product_image_tool.analyze_product_image": {"executed_lines": [], "summary": {"covered_lines": 0, "num_statements": 19, "percent_covered": 0.0, "percent_covered_display": "0", "missing_lines": 19, "excluded_lines": 0}, "missing_lines": [48, 50, 51, 56, 57, 63, 64, 66, 67, 76, 78, 79, 81, 82, 84, 85, 94, 95, 101], "excluded_lines": []}, "": {"executed_lines": [1, 10, 12, 13, 21, 26, 27, 28, 29, 31, 34], "summary": {"covered_lines": 10, "num_statements": 10, "percent_covered": 100.0, "percent_covered_display": "100", "missing_lines": 0, "excluded_lines": 0}, "missing_lines": [], "excluded_lines": []}}, "classes": {"": {"executed_lines": [1, 10, 12, 13, 21, 26, 27, 28, 29, 31, 34], "summary": {"covered_lines": 10, "num_statements": 35, "percent_covered": 28.571428571428573, "percent_covered_display": "29", "missing_lines": 25, "excluded_lines": 0}, "missing_lines": [35, 37, 38, 39, 46, 48, 50, 51, 56, 57, 63, 64, 66, 67, 76, 78, 79, 81, 82, 84, 85, 94, 95, 101, 107], "excluded_lines": []}}}, "agents\\src\\autifyme_agents\\tools\\cataloging_tools.py": {"executed_lines": [1, 10, 12, 14, 15, 16, 17, 18, 21, 24, 25, 27, 31, 33, 34, 35, 49, 57, 60, 63, 64, 66, 67, 69, 70, 71, 84, 85, 86, 88, 95, 96, 97, 98, 99, 103], "summary": {"covered_lines": 35, "num_statements": 35, "percent_covered": 100.0, "percent_covered_display": "100", "missing_lines": 0, "excluded_lines": 0}, "missing_lines": [], "excluded_lines": [], "functions": {"create_image_analysis_tool": {"executed_lines": [24, 25, 27, 31, 33, 34, 35, 57], "summary": {"covered_lines": 8, "num_statements": 8, "percent_covered": 100.0, "percent_covered_display": "100", "missing_lines": 0, "excluded_lines": 0}, "missing_lines": [], "excluded_lines": []}, "create_image_analysis_tool.image_analysis_specialist_tool": {"executed_lines": [49], "summary": {"covered_lines": 1, "num_statements": 1, "percent_covered": 100.0, "percent_covered_display": "100", "missing_lines": 0, "excluded_lines": 0}, "missing_lines": [], "excluded_lines": []}, "create_cataloging_specialist_tool": {"executed_lines": [63, 64, 66, 67, 69, 70, 71, 103], "summary": {"covered_lines": 8, "num_statements": 8, "percent_covered": 100.0, "percent_covered_display": "100", "missing_lines": 0, "excluded_lines": 0}, "missing_lines": [], "excluded_lines": []}, "create_cataloging_specialist_tool.cataloging_specialist_tool": {"executed_lines": [84, 85, 86, 88, 95, 96, 97, 98, 99], "summary": {"covered_lines": 9, "num_statements": 9, "percent_covered": 100.0, "percent_covered_display": "100", "missing_lines": 0, "excluded_lines": 0}, "missing_lines": [], "excluded_lines": []}, "": {"executed_lines": [1, 10, 12, 14, 15, 16, 17, 18, 21, 60], "summary": {"covered_lines": 9, "num_statements": 9, "percent_covered": 100.0, "percent_covered_display": "100", "missing_lines": 0, "excluded_lines": 0}, "missing_lines": [], "excluded_lines": []}}, "classes": {"": {"executed_lines": [1, 10, 12, 14, 15, 16, 17, 18, 21, 24, 25, 27, 31, 33, 34, 35, 49, 57, 60, 63, 64, 66, 67, 69, 70, 71, 84, 85, 86, 88, 95, 96, 97, 98, 99, 103], "summary": {"covered_lines": 35, "num_statements": 35, "percent_covered": 100.0, "percent_covered_display": "100", "missing_lines": 0, "excluded_lines": 0}, "missing_lines": [], "excluded_lines": []}}}, "agents\\src\\autifyme_agents\\tools\\communication_tools.py": {"executed_lines": [1, 3, 5, 7, 8, 10, 13, 14, 32], "summary": {"covered_lines": 8, "num_statements": 17, "percent_covered": 47.05882352941177, "percent_covered_display": "47", "missing_lines": 9, "excluded_lines": 0}, "missing_lines": [17, 18, 19, 20, 21, 22, 23, 24, 33], "excluded_lines": [], "functions": {"send_whatsapp_message": {"executed_lines": [], "summary": {"covered_lines": 0, "num_statements": 8, "percent_covered": 0.0, "percent_covered_display": "0", "missing_lines": 8, "excluded_lines": 0}, "missing_lines": [17, 18, 19, 20, 21, 22, 23, 24], "excluded_lines": []}, "create_send_whatsapp_message_tool": {"executed_lines": [], "summary": {"covered_lines": 0, "num_statements": 1, "percent_covered": 0.0, "percent_covered_display": "0", "missing_lines": 1, "excluded_lines": 0}, "missing_lines": [33], "excluded_lines": []}, "": {"executed_lines": [1, 3, 5, 7, 8, 10, 13, 14, 32], "summary": {"covered_lines": 8, "num_statements": 8, "percent_covered": 100.0, "percent_covered_display": "100", "missing_lines": 0, "excluded_lines": 0}, "missing_lines": [], "excluded_lines": []}}, "classes": {"": {"executed_lines": [1, 3, 5, 7, 8, 10, 13, 14, 32], "summary": {"covered_lines": 8, "num_statements": 17, "percent_covered": 47.05882352941177, "percent_covered_display": "47", "missing_lines": 9, "excluded_lines": 0}, "missing_lines": [17, 18, 19, 20, 21, 22, 23, 24, 33], "excluded_lines": []}}}, "agents\\src\\autifyme_agents\\tools\\platform_tools.py": {"executed_lines": [], "summary": {"covered_lines": 0, "num_statements": 20, "percent_covered": 0.0, "percent_covered_display": "0", "missing_lines": 20, "excluded_lines": 2}, "missing_lines": [7, 9, 10, 12, 17, 20, 29, 31, 32, 44, 45, 49, 50, 54, 55, 56, 60, 63, 64, 70], "excluded_lines": [14, 15], "functions": {"create_platform_media_tools": {"executed_lines": [], "summary": {"covered_lines": 0, "num_statements": 6, "percent_covered": 0.0, "percent_covered_display": "0", "missing_lines": 6, "excluded_lines": 0}, "missing_lines": [29, 31, 32, 63, 64, 70], "excluded_lines": []}, "create_platform_media_tools.download_media": {"executed_lines": [], "summary": {"covered_lines": 0, "num_statements": 8, "percent_covered": 0.0, "percent_covered_display": "0", "missing_lines": 8, "excluded_lines": 0}, "missing_lines": [44, 45, 49, 50, 54, 55, 56, 60], "excluded_lines": []}, "": {"executed_lines": [], "summary": {"covered_lines": 0, "num_statements": 6, "percent_covered": 0.0, "percent_covered_display": "0", "missing_lines": 6, "excluded_lines": 2}, "missing_lines": [7, 9, 10, 12, 17, 20], "excluded_lines": [14, 15]}}, "classes": {"": {"executed_lines": [], "summary": {"covered_lines": 0, "num_statements": 20, "percent_covered": 0.0, "percent_covered_display": "0", "missing_lines": 20, "excluded_lines": 2}, "missing_lines": [7, 9, 10, 12, 17, 20, 29, 31, 32, 44, 45, 49, 50, 54, 55, 56, 60, 63, 64, 70], "excluded_lines": [14, 15]}}}, "agents\\src\\autifyme_agents\\tools\\storage_tools.py": {"executed_lines": [1, 10, 12, 13, 14, 22, 28, 29, 31, 34, 35, 36, 37, 38, 39, 40, 41, 44, 45, 46, 51, 52, 53, 54, 55, 56, 71, 72, 73, 78, 79, 80, 81, 85, 86, 87, 88, 89, 90, 105, 117, 118, 125, 127, 128, 137, 140, 152, 153, 160, 162, 164], "summary": {"covered_lines": 50, "num_statements": 52, "percent_covered": 96.15384615384616, "percent_covered_display": "96", "missing_lines": 2, "excluded_lines": 0}, "missing_lines": [64, 98], "excluded_lines": [], "functions": {"_save_product": {"executed_lines": [45, 46, 51, 52, 53, 54, 55, 56], "summary": {"covered_lines": 8, "num_statements": 9, "percent_covered": 88.88888888888889, "percent_covered_display": "89", "missing_lines": 1, "excluded_lines": 0}, "missing_lines": [64], "excluded_lines": []}, "_get_company_profile": {"executed_lines": [72, 73, 78, 79, 80, 81, 85, 86, 87, 88, 89, 90], "summary": {"covered_lines": 12, "num_statements": 13, "percent_covered": 92.3076923076923, "percent_covered_display": "92", "missing_lines": 1, "excluded_lines": 0}, "missing_lines": [98], "excluded_lines": []}, "create_save_product_tool": {"executed_lines": [117, 118, 125, 137], "summary": {"covered_lines": 4, "num_statements": 4, "percent_covered": 100.0, "percent_covered_display": "100", "missing_lines": 0, "excluded_lines": 0}, "missing_lines": [], "excluded_lines": []}, "create_save_product_tool.save_product": {"executed_lines": [127, 128], "summary": {"covered_lines": 2, "num_statements": 2, "percent_covered": 100.0, "percent_covered_display": "100", "missing_lines": 0, "excluded_lines": 0}, "missing_lines": [], "excluded_lines": []}, "create_get_company_profile_tool": {"executed_lines": [152, 153, 160, 164], "summary": {"covered_lines": 4, "num_statements": 4, "percent_covered": 100.0, "percent_covered_display": "100", "missing_lines": 0, "excluded_lines": 0}, "missing_lines": [], "excluded_lines": []}, "create_get_company_profile_tool.get_company_profile": {"executed_lines": [162], "summary": {"covered_lines": 1, "num_statements": 1, "percent_covered": 100.0, "percent_covered_display": "100", "missing_lines": 0, "excluded_lines": 0}, "missing_lines": [], "excluded_lines": []}, "": {"executed_lines": [1, 10, 12, 13, 14, 22, 28, 29, 31, 34, 35, 36, 37, 38, 39, 40, 41, 44, 71, 105, 140], "summary": {"covered_lines": 19, "num_statements": 19, "percent_covered": 100.0, "percent_covered_display": "100", "missing_lines": 0, "excluded_lines": 0}, "missing_lines": [], "excluded_lines": []}}, "classes": {"SaveProductArgs": {"executed_lines": [], "summary": {"covered_lines": 0, "num_statements": 0, "percent_covered": 100.0, "percent_covered_display": "100", "missing_lines": 0, "excluded_lines": 0}, "missing_lines": [], "excluded_lines": []}, "": {"executed_lines": [1, 10, 12, 13, 14, 22, 28, 29, 31, 34, 35, 36, 37, 38, 39, 40, 41, 44, 45, 46, 51, 52, 53, 54, 55, 56, 71, 72, 73, 78, 79, 80, 81, 85, 86, 87, 88, 89, 90, 105, 117, 118, 125, 127, 128, 137, 140, 152, 153, 160, 162, 164], "summary": {"covered_lines": 50, "num_statements": 52, "percent_covered": 96.15384615384616, "percent_covered_display": "96", "missing_lines": 2, "excluded_lines": 0}, "missing_lines": [64, 98], "excluded_lines": []}}}, "agents\\src\\autifyme_agents\\workflows\\__init__.py": {"executed_lines": [1, 3, 5], "summary": {"covered_lines": 2, "num_statements": 2, "percent_covered": 100.0, "percent_covered_display": "100", "missing_lines": 0, "excluded_lines": 0}, "missing_lines": [], "excluded_lines": [], "functions": {"": {"executed_lines": [1, 3, 5], "summary": {"covered_lines": 2, "num_statements": 2, "percent_covered": 100.0, "percent_covered_display": "100", "missing_lines": 0, "excluded_lines": 0}, "missing_lines": [], "excluded_lines": []}}, "classes": {"": {"executed_lines": [1, 3, 5], "summary": {"covered_lines": 2, "num_statements": 2, "percent_covered": 100.0, "percent_covered_display": "100", "missing_lines": 0, "excluded_lines": 0}, "missing_lines": [], "excluded_lines": []}}}, "agents\\src\\autifyme_agents\\workflows\\approval_analyzer.py": {"executed_lines": [1, 19, 21, 22, 24, 25, 27, 28, 29, 31, 34, 65, 67, 72, 78, 82, 98, 100, 101, 102, 105, 106, 107, 113, 114, 130, 140, 143, 145, 147, 150, 170, 173, 180, 182, 192], "summary": {"covered_lines": 35, "num_statements": 45, "percent_covered": 77.77777777777777, "percent_covered_display": "78", "missing_lines": 10, "excluded_lines": 0}, "missing_lines": [115, 116, 117, 118, 121, 122, 124, 125, 127, 128], "excluded_lines": [], "functions": {"create_approval_analyzer": {"executed_lines": [65, 67, 72, 78, 82, 98, 143, 145, 147], "summary": {"covered_lines": 9, "num_statements": 9, "percent_covered": 100.0, "percent_covered_display": "100", "missing_lines": 0, "excluded_lines": 0}, "missing_lines": [], "excluded_lines": []}, "create_approval_analyzer.format_input": {"executed_lines": [100, 101, 102, 105, 106, 107, 113, 114, 130, 140], "summary": {"covered_lines": 10, "num_statements": 20, "percent_covered": 50.0, "percent_covered_display": "50", "missing_lines": 10, "excluded_lines": 0}, "missing_lines": [115, 116, 117, 118, 121, 122, 124, 125, 127, 128], "excluded_lines": []}, "analyze_approval": {"executed_lines": [170, 173, 180, 182, 192], "summary": {"covered_lines": 5, "num_statements": 5, "percent_covered": 100.0, "percent_covered_display": "100", "missing_lines": 0, "excluded_lines": 0}, "missing_lines": [], "excluded_lines": []}, "": {"executed_lines": [1, 19, 21, 22, 24, 25, 27, 28, 29, 31, 34, 150], "summary": {"covered_lines": 11, "num_statements": 11, "percent_covered": 100.0, "percent_covered_display": "100", "missing_lines": 0, "excluded_lines": 0}, "missing_lines": [], "excluded_lines": []}}, "classes": {"": {"executed_lines": [1, 19, 21, 22, 24, 25, 27, 28, 29, 31, 34, 65, 67, 72, 78, 82, 98, 100, 101, 102, 105, 106, 107, 113, 114, 130, 140, 143, 145, 147, 150, 170, 173, 180, 182, 192], "summary": {"covered_lines": 35, "num_statements": 45, "percent_covered": 77.77777777777777, "percent_covered_display": "78", "missing_lines": 10, "excluded_lines": 0}, "missing_lines": [115, 116, 117, 118, 121, 122, 124, 125, 127, 128], "excluded_lines": []}}}, "agents\\src\\autifyme_agents\\workflows\\channels\\__init__.py": {"executed_lines": [1, 9, 11], "summary": {"covered_lines": 2, "num_statements": 2, "percent_covered": 100.0, "percent_covered_display": "100", "missing_lines": 0, "excluded_lines": 0}, "missing_lines": [], "excluded_lines": [], "functions": {"": {"executed_lines": [1, 9, 11], "summary": {"covered_lines": 2, "num_statements": 2, "percent_covered": 100.0, "percent_covered_display": "100", "missing_lines": 0, "excluded_lines": 0}, "missing_lines": [], "excluded_lines": []}}, "classes": {"": {"executed_lines": [1, 9, 11], "summary": {"covered_lines": 2, "num_statements": 2, "percent_covered": 100.0, "percent_covered_display": "100", "missing_lines": 0, "excluded_lines": 0}, "missing_lines": [], "excluded_lines": []}}}, "agents\\src\\auti
[...]
issing_lines": [124, 126, 131], "excluded_lines": []}, "WhatsAppChannel.send_completion": {"executed_lines": [], "summary": {"covered_lines": 0, "num_statements": 5, "percent_covered": 0.0, "percent_covered_display": "0", "missing_lines": 5, "excluded_lines": 0}, "missing_lines": [150, 151, 153, 155, 164], "excluded_lines": []}, "WhatsAppChannel.send_error": {"executed_lines": [], "summary": {"covered_lines": 0, "num_statements": 3, "percent_covered": 0.0, "percent_covered_display": "0", "missing_lines": 3, "excluded_lines": 0}, "missing_lines": [185, 187, 192], "excluded_lines": []}, "WhatsAppChannel.download_media": {"executed_lines": [], "summary": {"covered_lines": 0, "num_statements": 8, "percent_covered": 0.0, "percent_covered_display": "0", "missing_lines": 8, "excluded_lines": 0}, "missing_lines": [210, 211, 213, 215, 226, 228, 229, 230], "excluded_lines": []}, "WhatsAppChannel.format_thread_id": {"executed_lines": [], "summary": {"covered_lines": 0, "num_statements": 2, "percent_covered": 0.0, "percent_covered_display": "0", "missing_lines": 2, "excluded_lines": 0}, "missing_lines": [249, 250], "excluded_lines": []}, "WhatsAppChannel._format_approval_message": {"executed_lines": [], "summary": {"covered_lines": 0, "num_statements": 14, "percent_covered": 0.0, "percent_covered_display": "0", "missing_lines": 14, "excluded_lines": 0}, "missing_lines": [261, 263, 265, 266, 268, 269, 270, 272, 273, 274, 276, 277, 279, 281], "excluded_lines": []}, "WhatsAppChannel._get_default_error_message": {"executed_lines": [], "summary": {"covered_lines": 0, "num_statements": 2, "percent_covered": 0.0, "percent_covered_display": "0", "missing_lines": 2, "excluded_lines": 0}, "missing_lines": [295, 309], "excluded_lines": []}, "": {"executed_lines": [1, 9, 11, 12, 14, 15, 16, 17, 19, 22, 23, 37, 51, 101, 133, 166, 194, 236, 252, 283], "summary": {"covered_lines": 18, "num_statements": 18, "percent_covered": 100.0, "percent_covered_display": "100", "missing_lines": 0, "excluded_lines": 0}, "missing_lines": [], "excluded_lines": []}}, "classes": {"WhatsAppChannel": {"executed_lines": [], "summary": {"covered_lines": 0, "num_statements": 48, "percent_covered": 0.0, "percent_covered_display": "0", "missing_lines": 48, "excluded_lines": 0}, "missing_lines": [48, 49, 71, 72, 74, 83, 85, 90, 92, 93, 94, 124, 126, 131, 150, 151, 153, 155, 164, 185, 187, 192, 210, 211, 213, 215, 226, 228, 229, 230, 249, 250, 261, 263, 265, 266, 268, 269, 270, 272, 273, 274, 276, 277, 279, 281, 295, 309], "excluded_lines": []}, "": {"executed_lines": [1, 9, 11, 12, 14, 15, 16, 17, 19, 22, 23, 37, 51, 101, 133, 166, 194, 236, 252, 283], "summary": {"covered_lines": 18, "num_statements": 18, "percent_covered": 100.0, "percent_covered_display": "100", "missing_lines": 0, "excluded_lines": 0}, "missing_lines": [], "excluded_lines": []}}}, "agents\\src\\autifyme_agents\\workflows\\orchestration\\__init__.py": {"executed_lines": [1, 10, 12], "summary": {"covered_lines": 2, "num_statements": 2, "percent_covered": 100.0, "percent_covered_display": "100", "missing_lines": 0, "excluded_lines": 0}, "missing_lines": [], "excluded_lines": [], "functions": {"": {"executed_lines": [1, 10, 12], "summary": {"covered_lines": 2, "num_statements": 2, "percent_covered": 100.0, "percent_covered_display": "100", "missing_lines": 0, "excluded_lines": 0}, "missing_lines": [], "excluded_lines": []}}, "classes": {"": {"executed_lines": [1, 10, 12], "summary": {"covered_lines": 2, "num_statements": 2, "percent_covered": 100.0, "percent_covered_display": "100", "missing_lines": 0, "excluded_lines": 0}, "missing_lines": [], "excluded_lines": []}}}, "agents\\src\\autifyme_agents\\workflows\\orchestration\\runner_v2.py": {"executed_lines": [1, 50, 52, 53, 54, 55, 56, 57, 59, 60, 61, 63, 64, 65, 66, 67, 68, 69, 70, 71, 73, 76, 79, 80, 119, 135, 136, 137, 139, 140, 141, 143, 153, 154, 155, 161, 164, 165, 168, 169, 171, 172, 174, 189, 200, 201, 203, 204, 206, 225, 230, 232, 239, 242, 251, 253, 293, 303, 304, 305, 306, 313, 336, 338, 625, 684, 761, 771, 777, 779, 784, 792, 793, 795, 797, 798, 801, 803, 810, 831, 863], "summary": {"covered_lines": 79, "num_statements": 271, "percent_covered": 29.15129151291513, "percent_covered_display": "29", "missing_lines": 192, "excluded_lines": 0}, "missing_lines": [255, 257, 258, 259, 264, 266, 267, 268, 271, 272, 273, 274, 275, 279, 284, 287, 288, 289, 291, 294, 295, 296, 339, 342, 343, 344, 346, 353, 354, 355, 358, 359, 369, 371, 372, 373, 374, 375, 377, 378, 379, 381, 388, 391, 392, 398, 402, 408, 410, 418, 422, 423, 429, 433, 436, 437, 438, 439, 440, 441, 448, 449, 454, 464, 466, 472, 481, 482, 486, 490, 492, 493, 497, 501, 504, 509, 514, 515, 517, 518, 519, 522, 523, 524, 525, 526, 531, 539, 541, 542, 543, 550, 551, 552, 554, 555, 559, 563, 564, 566, 575, 576, 578, 579, 580, 583, 584, 585, 586, 587, 595, 603, 605, 606, 607, 614, 615, 616, 618, 619, 623, 662, 663, 665, 667, 668, 671, 673, 682, 704, 706, 708, 710, 712, 713, 715, 716, 717, 725, 726, 727, 728, 732, 735, 736, 738, 739, 740, 741, 746, 747, 749, 757, 758, 759, 772, 773, 774, 780, 781, 785, 786, 799, 819, 840, 841, 842, 843, 844, 845, 847, 848, 849, 850, 851, 853, 854, 856, 857, 858, 859, 861, 872, 873, 874, 875, 876, 877, 879, 880, 881, 883], "excluded_lines": [], "functions": {"WorkflowRunner.__init__": {"executed_lines": [135, 136, 137, 139, 140, 141, 143, 153, 154, 155, 161, 164, 165, 168, 169, 171, 172], "summary": {"covered_lines": 17, "num_statements": 17, "percent_covered": 100.0, "percent_covered_display": "100", "missing_lines": 0, "excluded_lines": 0}, "missing_lines": [], "excluded_lines": []}, "WorkflowRunner.handle_message": {"executed_lines": [189, 200, 201, 203, 204], "summary": {"covered_lines": 5, "num_statements": 5, "percent_covered": 100.0, "percent_covered_display": "100", "missing_lines": 0, "excluded_lines": 0}, "missing_lines": [], "excluded_lines": []}, "WorkflowRunner._execute_workflow": {"executed_lines": [225, 230, 232, 239, 242, 251, 253, 293, 303, 304, 305, 306], "summary": {"covered_lines": 12, "num_statements": 34, "percent_covered": 35.294117647058826, "percent_covered_display": "35", "missing_lines": 22, "excluded_lines": 0}, "missing_lines": [255, 257, 258, 259, 264, 266, 267, 268, 271, 272, 273, 274, 275, 279, 284, 287, 288, 289, 291, 294, 295, 296], "excluded_lines": []}, "WorkflowRunner._invoke_pm": {"executed_lines": [336, 338], "summary": {"covered_lines": 2, "num_statements": 101, "percent_covered": 1.9801980198019802, "percent_covered_display": "2", "missing_lines": 99, "excluded_lines": 0}, "missing_lines": [339, 342, 343, 344, 346, 353, 354, 355, 358, 359, 369, 371, 372, 373, 374, 375, 377, 378, 379, 381, 388, 391, 392, 398, 402, 408, 410, 418, 422, 423, 429, 433, 436, 437, 438, 439, 440, 441, 448, 449, 454, 464, 466, 472, 481, 482, 486, 490, 492, 493, 497, 501, 504, 509, 514, 515, 517, 518, 519, 522, 523, 524, 525, 526, 531, 539, 541, 542, 543, 550, 551, 552, 554, 555, 559, 563, 564, 566, 575, 576, 578, 579, 580, 583, 584, 585, 586, 587, 595, 603, 605, 606, 607, 614, 615, 616, 618, 619, 623], "excluded_lines": []}, "WorkflowRunner._build_command_from_approval": {"executed_lines": [], "summary": {"covered_lines": 0, "num_statements": 8, "percent_covered": 0.0, "percent_covered_display": "0", "missing_lines": 8, "excluded_lines": 0}, "missing_lines": [662, 663, 665, 667, 668, 671, 673, 682], "excluded_lines": []}, "WorkflowRunner._handle_interrupt": {"executed_lines": [], "summary": {"covered_lines": 0, "num_statements": 26, "percent_covered": 0.0, "percent_covered_display": "0", "missing_lines": 26, "excluded_lines": 0}, "missing_lines": [704, 706, 708, 710, 712, 713, 715, 716, 717, 725, 726, 727, 728, 732, 735, 736, 738, 739, 740, 741, 746, 747, 749, 757, 758, 759], "excluded_lines": []}, "WorkflowRunner._get_lock": {"executed_lines": [771, 777, 779, 784, 792, 793], "summary": {"covered_lines": 6, "num_statements": 13, "percent_covered": 46.15384615384615, "percent_covered_display": "46", "missing_lines": 7, "excluded_lines": 0}, "missing_lines": [772, 773, 774, 780, 781, 785, 786], "excluded_lines": []}, "WorkflowRunner._get_checkpointer": {"executed_lines": [797, 798], "summary": {"covered_lines": 2, "num_statements": 3, "percent_covered": 66.66666666666667, "percent_covered_display": "67", "missing_lines": 1, "excluded_lines": 0}, "missing_lines": [799], "excluded_lines": []}, "WorkflowRunner._create_project_manager": {"executed_lines": [803], "summary": {"covered_lines": 1, "num_statements": 1, "percent_covered": 100.0, "percent_covered_display": "100", "missing_lines": 0, "excluded_lines": 0}, "missing_lines": [], "excluded_lines": []}, "WorkflowRunner._build_config": {"executed_lines": [], "summary": {"covered_lines": 0, "num_statements": 1, "percent_covered": 0.0, "percent_covered_display": "0", "missing_lines": 1, "excluded_lines": 0}, "missing_lines": [819], "excluded_lines": []}, "WorkflowRunner._extract_cataloging_result": {"executed_lines": [], "summary": {"covered_lines": 0, "num_statements": 18, "percent_covered": 0.0, "percent_covered_display": "0", "missing_lines": 18, "excluded_lines": 0}, "missing_lines": [840, 841, 842, 843, 844, 845, 847, 848, 849, 850, 851, 853, 854, 856, 857, 858, 859, 861], "excluded_lines": []}, "WorkflowRunner._extract_ai_summary": {"executed_lines": [], "summary": {"covered_lines": 0, "num_statements": 10, "percent_covered": 0.0, "percent_covered_display": "0", "missing_lines": 10, "excluded_lines": 0}, "missing_lines": [872, 873, 874, 875, 876, 877, 879, 880, 881, 883], "excluded_lines": []}, "": {"executed_lines": [1, 50, 52, 53, 54, 55, 56, 57, 59, 60, 61, 63, 64, 65, 66, 67, 68, 69, 70, 71, 73, 76, 79, 80, 119, 174, 206, 313, 625, 684, 761, 795, 801, 810, 831, 863], "summary": {"covered_lines": 34, "num_statements": 34, "percent_covered": 100.0, "percent_covered_display": "100", "missing_lines": 0, "excluded_lines": 0}, "missing_lines": [], "excluded_lines": []}}, "classes": {"WorkflowRunner": {"executed_lines": [135, 136, 137, 139, 140, 141, 143, 153, 154, 155, 161, 164, 165, 168, 169, 171, 172, 189, 200, 201, 203, 204, 225, 230, 232, 239, 242, 251, 253, 293, 303, 304, 305, 306, 336, 338, 771, 777, 779, 784, 792, 793, 797, 798, 803], "summary": {"covered_lines": 45, "num_statements": 237, "percent_covered": 18.9873417721519, "percent_covered_display": "19", "missing_lines": 192, "excluded_lines": 0}, "missing_lines": [255, 257, 258, 259, 264, 266, 267, 268, 271, 272, 273, 274, 275, 279, 284, 287, 288, 289, 291, 294, 295, 296, 339, 342, 343, 344, 346, 353, 354, 355, 358, 359, 369, 371, 372, 373, 374, 375, 377, 378, 379, 381, 388, 391, 392, 398, 402, 408, 410, 418, 422, 423, 429, 433, 436, 437, 438, 439, 440, 441, 448, 449, 454, 464, 466, 472, 481, 482, 486, 490, 492, 493, 497, 501, 504, 509, 514, 515, 517, 518, 519, 522, 523, 524, 525, 526, 531, 539, 541, 542, 543, 550, 551, 552, 554, 555, 559, 563, 564, 566, 575, 576, 578, 579, 580, 583, 584, 585, 586, 587, 595, 603, 605, 606, 607, 614, 615, 616, 618, 619, 623, 662, 663, 665, 667, 668, 671, 673, 682, 704, 706, 708, 710, 712, 713, 715, 716, 717, 725, 726, 727, 728, 732, 735, 736, 738, 739, 740, 741, 746, 747, 749, 757, 758, 759, 772, 773, 774, 780, 781, 785, 786, 799, 819, 840, 841, 842, 843, 844, 845, 847, 848, 849, 850, 851, 853, 854, 856, 857, 858, 859, 861, 872, 873, 874, 875, 876, 877, 879, 880, 881, 883], "excluded_lines": []}, "": {"executed_lines": [1, 50, 52, 53, 54, 55, 56, 57, 59, 60, 61, 63, 64, 65, 66, 67, 68, 69, 70, 71, 73, 76, 79, 80, 119, 174, 206, 313, 625, 684, 761, 795, 801, 810, 831, 863], "summary": {"covered_lines": 34, "num_statements": 34, "percent_covered": 100.0, "percent_covered_display": "100", "missing_lines": 0, "excluded_lines": 0}, "missing_lines": [], "excluded_lines": []}}}, "agents\\src\\autifyme_agents\\workflows\\outcome_tracker.py": {"executed_lines": [1, 26, 28, 29, 30, 31, 32, 34, 36, 38, 41, 42, 44, 45, 48, 49, 50, 51, 52, 54, 56, 57, 60, 61, 63, 64, 65, 66, 69, 72, 75, 76, 78, 79, 82, 83, 86, 89, 92, 93, 95, 98, 99, 100, 101, 102, 103, 104, 105, 111, 112, 126, 132, 133, 135, 149, 156, 158, 168, 170, 213, 230, 231, 235, 236, 240, 248, 260, 266, 268, 289, 299, 300, 304, 326, 327, 328, 347, 395], "summary": {"covered_lines": 73, "num_statements": 103, "percent_covered": 70.87378640776699, "percent_covered_display": "71", "missing_lines": 30, "excluded_lines": 0}, "missing_lines": [189, 190, 191, 192, 194, 202, 232, 233, 282, 301, 336, 338, 357, 358, 361, 362, 365, 366, 369, 370, 371, 374, 375, 381, 382, 385, 386, 389, 393, 406], "excluded_lines": [], "functions": {"IncomingMessage.to_hash": {"executed_lines": [56, 57], "summary": {"covered_lines": 2, "num_statements": 2, "percent_covered": 100.0, "percent_covered_display": "100", "missing_lines": 0, "excluded_lines": 0}, "missing_lines": [], "excluded_lines": []}, "OutcomeTracker.__init__": {"executed_lines": [132, 133], "summary": {"covered_lines": 2, "num_statements": 2, "percent_covered": 100.0, "percent_covered_display": "100", "missing_lines": 0, "excluded_lines": 0}, "missing_lines": [], "excluded_lines": []}, "OutcomeTracker.track_workflow_start": {"executed_lines": [149, 156, 158, 168], "summary": {"covered_lines": 4, "num_statements": 4, "percent_covered": 100.0, "percent_covered_display": "100", "missing_lines": 0, "excluded_lines": 0}, "missing_lines": [], "excluded_lines": []}, "OutcomeTracker.track_routing_decision": {"executed_lines": [], "summary": {"covered_lines": 0, "num_statements": 6, "percent_covered": 0.0, "percent_covered_display": "0", "missing_lines": 6, "excluded_lines": 0}, "missing_lines": [189, 190, 191, 192, 194, 202], "excluded_lines": []}, "OutcomeTracker.track_workflow_end": {"executed_lines": [230, 231, 235, 236, 240, 248, 260, 266], "summary": {"covered_lines": 8, "num_statements": 10, "percent_covered": 80.0, "percent_covered_display": "80", "missing_lines": 2, "excluded_lines": 0}, "missing_lines": [232, 233], "excluded_lines": []}, "OutcomeTracker.get_workflow_metrics": {"executed_lines": [], "summary": {"covered_lines": 0, "num_statements": 1, "percent_covered": 0.0, "percent_covered_display": "0", "missing_lines": 1, "excluded_lines": 0}, "missing_lines": [282], "excluded_lines": []}, "OutcomeTracker._persist_outcome": {"executed_lines": [299, 300, 304, 326, 327, 328], "summary": {"covered_lines": 6, "num_statements": 9, "percent_covered": 66.66666666666667, "percent_covered_display": "67", "missing_lines": 3, "excluded_lines": 0}, "missing_lines": [301, 336, 338], "excluded_lines": []}, "OutcomeTracker._make_json_serializable": {"executed_lines": [], "summary": {"covered_lines": 0, "num_statements": 17, "percent_covered": 0.0, "percent_covered_display": "0", "missing_lines": 17, "excluded_lines": 0}, "missing_lines": [357, 358, 361, 362, 365, 366, 369, 370, 371, 374, 375, 381, 382, 385, 386, 389, 393], "excluded_lines": []}, "OutcomeTracker._trigger_learning": {"executed_lines": [], "summary": {"covered_lines": 0, "num_statements": 1, "percent_covered": 0.0, "percent_covered_display": "0", "missing_lines": 1, "excluded_lines": 0}, "missing_lines": [406], "excluded_lines": []}, "": {"executed_lines": [1, 26, 28, 29, 30, 31, 32, 34, 36, 38, 41, 42, 44, 45, 48, 49, 50, 51, 52, 54, 60, 61, 63, 64, 65, 66, 69, 72, 75, 76, 78, 79, 82, 83, 86, 89, 92, 93, 95, 98, 99, 100, 101, 102, 103, 104, 105, 111, 112, 126, 135, 170, 213, 268, 289, 347, 395], "summary": {"covered_lines": 51, "num_statements": 51, "percent_covered": 100.0, "percent_covered_display": "100", "missing_lines": 0, "excluded_lines": 0}, "missing_lines": [], "excluded_lines": []}}, "classes": {"IncomingMessage": {"executed_lines": [56, 57], "summary": {"covered_lines": 2, "num_statements": 2, "percent_covered": 100.0, "percent_covered_display": "100", "missing_lines": 0, "excluded_lines": 0}, "missing_lines": [], "excluded_lines": []}, "RoutingDecision": {"executed_lines": [], "summary": {"covered_lines": 0, "num_statements": 0, "percent_covered": 100.0, "percent_covered_display": "100", "missing_lines": 0, "excluded_lines": 0}, "missing_lines": [], "excluded_lines": []}, "WorkflowResult": {"executed_lines": [], "summary": {"covered_lines": 0, "num_statements": 0, "percent_covered": 100.0, "percent_covered_display": "100", "missing_lines": 0, "excluded_lines": 0}, "missing_lines": [], "excluded_lines": []}, "TrackedWorkflow": {"executed_lines": [], "summary": {"covered_lines": 0, "num_statements": 0, "percent_covered": 100.0, "percent_covered_display": "100", "missing_lines": 0, "excluded_lines": 0}, "missing_lines": [], "excluded_lines": []}, "OutcomeTracker": {"executed_lines": [132, 133, 149, 156, 158, 168, 230, 231, 235, 236, 240, 248, 260, 266, 299, 300, 304, 326, 327, 328], "summary": {"covered_lines": 20, "num_statements": 50, "percent_covered": 40.0, "percent_covered_display": "40", "missing_lines": 30, "excluded_lines": 0}, "missing_lines": [189, 190, 191, 192, 194, 202, 232, 233, 282, 301, 336, 338, 357, 358, 361, 362, 365, 366, 369, 370, 371, 374, 375, 381, 382, 385, 386, 389, 393, 406], "excluded_lines": []}, "": {"executed_lines": [1, 26, 28, 29, 30, 31, 32, 34, 36, 38, 41, 42, 44, 45, 48, 49, 50, 51, 52, 54, 60, 61, 63, 64, 65, 66, 69, 72, 75, 76, 78, 79, 82, 83, 86, 89, 92, 93, 95, 98, 99, 100, 101, 102, 103, 104, 105, 111, 112, 126, 135, 170, 213, 268, 289, 347, 395], "summary": {"covered_lines": 51, "num_statements": 51, "percent_covered": 100.0, "percent_covered_display": "100", "missing_lines": 0, "excluded_lines": 0}, "missing_lines": [], "excluded_lines": []}}}, "agents\\src\\autifyme_agents\\workflows\\project_manager.py": {"executed_lines": [1, 15, 17, 18, 20, 21, 22, 24, 25, 26, 27, 29, 33, 41, 42, 43, 46, 47, 48, 55, 93, 123, 124, 126, 127], "summary": {"covered_lines": 23, "num_statements": 34, "percent_covered": 67.6470588235294, "percent_covered_display": "68", "missing_lines": 11, "excluded_lines": 2}, "missing_lines": [72, 75, 82, 130, 137, 138, 141, 146, 148, 157, 168], "excluded_lines": [29, 30], "functions": {"_resolve_model": {"executed_lines": [41, 42, 43], "summary": {"covered_lines": 3, "num_statements": 3, "percent_covered": 100.0, "percent_covered_display": "100", "missing_lines": 0, "excluded_lines": 0}, "missing_lines": [], "excluded_lines": []}, "_load_prompt": {"executed_lines": [47, 48], "summary": {"covered_lines": 2, "num_statements": 2, "percent_covered": 100.0, "percent_covered_display": "100", "missing_lines": 0, "excluded_lines": 0}, "missing_lines": [], "excluded_lines": []}, "_create_cataloging_subagent": {"executed_lines": [], "summary": {"covered_lines": 0, "num_statements": 3, "percent_covered": 0.0, "percent_covered_display": "0", "missing_lines": 3, "excluded_lines": 0}, "missing_lines": [72, 75, 82], "excluded_lines": []}, "create_project_manager": {"executed_lines": [123, 124, 126, 127], "summary": {"covered_lines": 4, "num_statements": 12, "percent_covered": 33.333333333333336, "percent_covered_display": "33", "missing_lines": 8, "excluded_lines": 0}, "missing_lines": [130, 137, 138, 141, 146, 148, 157, 168], "excluded_lines": []}, "": {"executed_lines": [1, 15, 17, 18, 20, 21, 22, 24, 25, 26, 27, 29, 33, 46, 55, 93], "summary": {"covered_lines": 14, "num_statements": 14, "percent_covered": 100.0, "percent_covered_display": "100", "missing_lines": 0, "excluded_lines": 2}, "missing_lines": [], "excluded_lines": [29, 30]}}, "classes": {"": {"executed_lines": [1, 15, 17, 18, 20, 21, 22, 24, 25, 26, 27, 29, 33, 41, 42, 43, 46, 47, 48, 55, 93, 123, 124, 126, 127], "summary": {"covered_lines": 23, "num_statements": 34, "percent_covered": 67.6470588235294, "percent_covered_display": "68", "missing_lines": 11, "excluded_lines": 2}, "missing_lines": [72, 75, 82, 130, 137, 138, 141, 146, 148, 157, 168], "excluded_lines": [29, 30]}}}}, "totals": {"covered_lines": 1011, "num_statements": 1589, "percent_covered": 63.624921334172434, "percent_covered_display": "64", "missing_lines": 578, "excluded_lines": 17}}