{"meta": {"format": 3, "version": "7.10.7", "timestamp": "2025-10-15T15:58:23.132083", "branch_coverage": false, "show_contexts": false}, "files": {"agents\\src\\autifyme_agents\\__init__.py": {"executed_lines": [0], "summary": {"covered_lines": 0, "num_statements": 0, "percent_covered": 100.0, "percent_covered_display": "100", "missing_lines": 0, "excluded_lines": 0}, "missing_lines": [], "excluded_lines": [], "functions": {"": {"executed_lines": [], "summary": {"covered_lines": 0, "num_statements": 0, "percent_covered": 100.0, "percent_covered_display": "100", "missing_lines": 0, "excluded_lines": 0}, "missing_lines": [], "excluded_lines": []}}, "classes": {"": {"executed_lines": [], "summary": {"covered_lines": 0, "num_statements": 0, "percent_covered": 100.0, "percent_covered_display": "100", "missing_lines": 0, "excluded_lines": 0}, "missing_lines": [], "excluded_lines": []}}}, "agents\\src\\autifyme_agents\\core\\__init__.py": {"executed_lines": [0], "summary": {"covered_lines": 0, "num_statements": 0, "percent_covered": 100.0, "percent_covered_display": "100", "missing_lines": 0, "excluded_lines": 0}, "missing_lines": [], "excluded_lines": [], "functions": {"": {"executed_lines": [], "summary": {"covered_lines": 0, "num_statements": 0, "percent_covered": 100.0, "percent_covered_display": "100", "missing_lines": 0, "excluded_lines": 0}, "missing_lines": [], "excluded_lines": []}}, "classes": {"": {"executed_lines": [], "summary": {"covered_lines": 0, "num_statements": 0, "percent_covered": 100.0, "percent_covered_display": "100", "missing_lines": 0, "excluded_lines": 0}, "missing_lines": [], "excluded_lines": []}}}, "agents\\src\\autifyme_agents\\core\\config.py": {"executed_lines": [1, 2, 3, 5, 7, 8, 13, 19, 20, 21, 22, 23, 24, 25, 26, 27, 28, 33], "summary": {"covered_lines": 17, "num_statements": 17, "percent_covered": 100.0, "percent_covered_display": "100", "missing_lines": 0, "excluded_lines": 0}, "missing_lines": [], "excluded_lines": [], "functions": {"": {"executed_lines": [1, 2, 3, 5, 7, 8, 13, 19, 20, 21, 22, 23, 24, 25, 26, 27, 28, 33], "summary": {"covered_lines": 17, "num_statements": 17, "percent_covered": 100.0, "percent_covered_display": "100", "missing_lines": 0, "excluded_lines": 0}, "missing_lines": [], "excluded_lines": []}}, "classes": {"Settings": {"executed_lines": [], "summary": {"covered_lines": 0, "num_statements": 0, "percent_covered": 100.0, "percent_covered_display": "100", "missing_lines": 0, "excluded_lines": 0}, "missing_lines": [], "excluded_lines": []}, "": {"executed_lines": [1, 2, 3, 5, 7, 8, 13, 19, 20, 21, 22, 23, 24, 25, 26, 27, 28, 33], "summary": {"covered_lines": 17, "num_statements": 17, "percent_covered": 100.0, "percent_covered_display": "100", "missing_lines": 0, "excluded_lines": 0}, "missing_lines": [], "excluded_lines": []}}}, "agents\\src\\autifyme_agents\\core\\exceptions.py": {"executed_lines": [1, 14, 17, 18, 24, 31, 32, 39, 48, 49, 50, 53, 54, 56, 69, 70, 72, 85, 86, 88, 108, 109, 110, 112, 113, 114, 116, 123, 124, 131, 147, 148, 154, 162, 163, 164, 171, 172, 179, 187, 188, 189, 196, 197, 203, 217, 218, 224], "summary": {"covered_lines": 37, "num_statements": 51, "percent_covered": 72.54901960784314, "percent_covered_display": "73", "missing_lines": 14, "excluded_lines": 0}, "missing_lines": [65, 66, 81, 82, 140, 141, 143, 144, 212, 213, 214, 233, 234, 235], "excluded_lines": [], "functions": {"ToolExecutionError.__init__": {"executed_lines": [48, 49, 50], "summary": {"covered_lines": 3, "num_statements": 3, "percent_covered": 100.0, "percent_covered_display": "100", "missing_lines": 0, "excluded_lines": 0}, "missing_lines": [], "excluded_lines": []}, "StorageError.__init__": {"executed_lines": [], "summary": {"covered_lines": 0, "num_statements": 2, "percent_covered": 0.0, "percent_covered_display": "0", "missing_lines": 2, "excluded_lines": 0}, "missing_lines": [65, 66], "excluded_lines": []}, "ImageAnalysisError.__init__": {"executed_lines": [], "summary": {"covered_lines": 0, "num_statements": 2, "percent_covered": 0.0, "percent_covered_display": "0", "missing_lines": 2, "excluded_lines": 0}, "missing_lines": [81, 82], "excluded_lines": []}, "ExternalAPIError.__init__": {"executed_lines": [108, 109, 110, 112, 113, 114, 116], "summary": {"covered_lines": 7, "num_statements": 7, "percent_covered": 100.0, "percent_covered_display": "100", "missing_lines": 0, "excluded_lines": 0}, "missing_lines": [], "excluded_lines": []}, "ValidationError.__init__": {"executed_lines": [], "summary": {"covered_lines": 0, "num_statements": 4, "percent_covered": 0.0, "percent_covered_display": "0", "missing_lines": 4, "excluded_lines": 0}, "missing_lines": [140, 141, 143, 144], "excluded_lines": []}, "DataNotFoundError.__init__": {"executed_lines": [162, 163, 164], "summary": {"covered_lines": 3, "num_statements": 3, "percent_covered": 100.0, "percent_covered_display": "100", "missing_lines": 0, "excluded_lines": 0}, "missing_lines": [], "excluded_lines": []}, "ConfigurationError.__init__": {"executed_lines": [187, 188, 189], "summary": {"covered_lines": 3, "num_statements": 3, "percent_covered": 100.0, "percent_covered_display": "100", "missing_lines": 0, "excluded_lines": 0}, "missing_lines": [], "excluded_lines": []}, "AgentExecutionError.__init__": {"executed_lines": [], "summary": {"covered_lines": 0, "num_statements": 3, "percent_covered": 0.0, "percent_covered_display": "0", "missing_lines": 3, "excluded_lines": 0}, "missing_lines": [212, 213, 214], "excluded_lines": []}, "WorkflowInterruptedError.__init__": {"executed_lines": [], "summary": {"covered_lines": 0, "num_statements": 3, "percent_covered": 0.0, "percent_covered_display": "0", "missing_lines": 3, "excluded_lines": 0}, "missing_lines": [233, 234, 235], "excluded_lines": []}, "": {"executed_lines": [1, 14, 17, 18, 24, 31, 32, 39, 53, 54, 56, 69, 70, 72, 85, 86, 88, 123, 124, 131, 147, 148, 154, 171, 172, 179, 196, 197, 203, 217, 218, 224], "summary": {"covered_lines": 21, "num_statements": 21, "percent_covered": 100.0, "percent_covered_display": "100", "missing_lines": 0, "excluded_lines": 0}, "missing_lines": [], "excluded_lines": []}}, "classes": {"AutifyMEError": {"executed_lines": [], "summary": {"covered_lines": 0, "num_statements": 0, "percent_covered": 100.0, "percent_covered_display": "100", "missing_lines": 0, "excluded_lines": 0}, "missing_lines": [], "excluded_lines": []}, "ToolExecutionError": {"executed_lines": [48, 49, 50], "summary": {"covered_lines": 3, "num_statements": 3, "percent_covered": 100.0, "percent_covered_display": "100", "missing_lines": 0, "excluded_lines": 0}, "missing_lines": [], "excluded_lines": []}, "StorageError": {"executed_lines": [], "summary": {"covered_lines": 0, "num_statements": 2, "percent_covered": 0.0, "percent_covered_display": "0", "missing_lines": 2, "excluded_lines": 0}, "missing_lines": [65, 66], "excluded_lines": []}, "ImageAnalysisError": {"executed_lines": [], "summary": {"covered_lines": 0, "num_statements": 2, "percent_covered": 0.0, "percent_covered_display": "0", "missing_lines": 2, "excluded_lines": 0}, "missing_lines": [81, 82], "excluded_lines": []}, "ExternalAPIError": {"executed_lines": [108, 109, 110, 112, 113, 114, 116], "summary": {"covered_lines": 7, "num_statements": 7, "percent_covered": 100.0, "percent_covered_display": "100", "missing_lines": 0, "excluded_lines": 0}, "missing_lines": [], "excluded_lines": []}, "ValidationError": {"executed_lines": [], "summary": {"covered_lines": 0, "num_statements": 4, "percent_covered": 0.0, "percent_covered_display": "0", "missing_lines": 4, "excluded_lines": 0}, "missing_lines": [140, 141, 143, 144], "excluded_lines": []}, "DataNotFoundError": {"executed_lines": [162, 163, 164], "summary": {"covered_lines": 3, "num_statements": 3, "percent_covered": 100.0, "percent_covered_display": "100", "missing_lines": 0, "excluded_lines": 0}, "missing_lines": [], "excluded_lines": []}, "ConfigurationError": {"executed_lines": [187, 188, 189], "summary": {"covered_lines": 3, "num_statements": 3, "percent_covered": 100.0, "percent_covered_display": "100", "missing_lines": 0, "excluded_lines": 0}, "missing_lines": [], "excluded_lines": []}, "AgentExecutionError": {"executed_lines": [], "summary": {"covered_lines": 0, "num_statements": 3, "percent_covered": 0.0, "percent_covered_display": "0", "missing_lines": 3, "excluded_lines": 0}, "missing_lines": [212, 213, 214], "excluded_lines": []}, "WorkflowInterruptedError": {"executed_lines": [], "summary": {"covered_lines": 0, "num_statements": 3, "percent_covered": 0.0, "percent_covered_display": "0", "missing_lines": 3, "excluded_lines": 0}, "missing_lines": [233, 234, 235], "excluded_lines": []}, "": {"executed_lines": [1, 14, 17, 18, 24, 31, 32, 39, 53, 54, 56, 69, 70, 72, 85, 86, 88, 123, 124, 131, 147, 148, 154, 171, 172, 179, 196, 197, 203, 217, 218, 224], "summary": {"covered_lines": 21, "num_statements": 21, "percent_covered": 100.0, "percent_covered_display": "100", "missing_lines": 0, "excluded_lines": 0}, "missing_lines": [], "excluded_lines": []}}}, "agents\\src\\autifyme_agents\\core\\llm_factory.py": {"executed_lines": [1, 2, 3, 6, 32, 33, 46], "summary": {"covered_lines": 7, "num_statements": 10, "percent_covered": 70.0, "percent_covered_display": "70", "missing_lines": 3, "excluded_lines": 0}, "missing_lines": [34, 36, 44], "excluded_lines": [], "functions": {"get_llm": {"executed_lines": [32, 33, 46], "summary": {"covered_lines": 3, "num_statements": 6, "percent_covered": 50.0, "percent_covered_display": "50", "missing_lines": 3, "excluded_lines": 0}, "missing_lines": [34, 36, 44], "excluded_lines": []}, "": {"executed_lines": [1, 2, 3, 6], "summary": {"covered_lines": 4, "num_statements": 4, "percent_covered": 100.0, "percent_covered_display": "100", "missing_lines": 0, "excluded_lines": 0}, "missing_lines": [], "excluded_lines": []}}, "classes": {"": {"executed_lines": [1, 2, 3, 6, 32, 33, 46], "summary": {"covered_lines": 7, "num_statements": 10, "percent_covered": 70.0, "percent_covered_display": "70", "missing_lines": 3, "excluded_lines": 0}, "missing_lines": [34, 36, 44], "excluded_lines": []}}}, "agents\\src\\autifyme_agents\\core\\logging_config.py": {"executed_lines": [1, 6, 7, 8, 9, 10, 13, 16, 17, 18, 22, 24, 25, 26, 27, 28, 40, 41, 43, 46, 49, 54, 57, 65, 66, 69, 72, 73, 75, 79, 80, 83, 84, 85, 87, 91, 92, 95, 101, 102, 103, 104, 107, 116, 119, 134], "summary": {"covered_lines": 44, "num_statements": 60, "percent_covered": 73.33333333333333, "percent_covered_display": "73", "missing_lines": 16, "excluded_lines": 0}, "missing_lines": [29, 31, 32, 33, 34, 35, 36, 37, 50, 51, 52, 96, 98, 128, 129, 130], "excluded_lines": [], "functions": {"StructuredFormatter.format": {"executed_lines": [46, 49, 54], "summary": {"covered_lines": 3, "num_statements": 6, "percent_covered": 50.0, "percent_covered_display": "50", "missing_lines": 3, "excluded_lines": 0}, "missing_lines": [50, 51, 52], "excluded_lines": []}, "setup_logging": {"executed_lines": [65, 66, 69, 72, 73, 75, 79, 80, 83, 84, 85, 87, 91, 92, 95, 101, 102, 103, 104], "summary": {"covered_lines": 19, "num_statements": 21, "percent_covered": 90.47619047619048, "percent_covered_display": "90", "missing_lines": 2, "excluded_lines": 0}, "missing_lines": [96, 98], "excluded_lines": []}, "get_logger": {"executed_lines": [116], "summary": {"covered_lines": 1, "num_statements": 1, "percent_covered": 100.0, "percent_covered_display": "100", "missing_lines": 0, "excluded_lines": 0}, "missing_lines": [], "excluded_lines": []}, "log_with_context": {"executed_lines": [], "summary": {"covered_lines": 0, "num_statements": 3, "percent_covered": 0.0, "percent_covered_display": "0", "missing_lines": 3, "excluded_lines": 0}, "missing_lines": [128, 129, 130], "excluded_lines": []}, "": {"executed_lines": [1, 6, 7, 8, 9, 10, 13, 16, 17, 18, 22, 24, 25, 26, 27, 28, 40, 41, 43, 57, 107, 119, 134], "summary": {"covered_lines": 21, "num_statements": 29, "percent_covered": 72.41379310344827, "percent_covered_display": "72", "missing_lines": 8, "excluded_lines": 0}, "missing_lines": [29, 31, 32, 33, 34, 35, 36, 37], "excluded_lines": []}}, "classes": {"StructuredFormatter": {"executed_lines": [46, 49, 54], "summary": {"covered_lines": 3, "num_statements": 6, "percent_covered": 50.0, "percent_covered_display": "50", "missing_lines": 3, "excluded_lines": 0}, "missing_lines": [50, 51, 52], "excluded_lines": []}, "": {"executed_lines": [1, 6, 7, 8, 9, 10, 13, 16, 17, 18, 22, 24, 25, 26, 27, 28, 40, 41, 43, 57, 65, 66, 69, 72, 73, 75, 79, 80, 83, 84, 85, 87, 91, 92, 95, 101, 102, 103, 104, 107, 116, 119, 134], "summary": {"covered_lines": 41, "num_statements": 54, "percent_covered": 75.92592592592592, "percent_covered_display": "76", "missing_lines": 13, "excluded_lines": 0}, "missing_lines": [29, 31, 32, 33, 34, 35, 36, 37, 96, 98, 128, 129, 130], "excluded_lines": []}}}, "agents\\src\\autifyme_agents\\core\\middleware.py": {"executed_lines": [1, 3, 5, 6, 7, 8, 10, 12, 13, 16, 19, 27, 28, 30, 32, 34, 35, 36, 37, 39, 40, 42, 43, 45, 51, 53, 55, 56, 58, 59, 60, 61, 63, 65, 66, 67, 68, 70, 72, 75, 76, 83, 84, 85, 86, 87, 89, 91, 92, 93, 97], "summary": {"covered_lines": 49, "num_statements": 53, "percent_covered": 92.45283018867924, "percent_covered_display": "92", "missing_lines": 4, "excluded_lines": 0}, "missing_lines": [46, 47, 48, 49], "excluded_lines": [], "functions": {"create_company_context_middleware": {"executed_lines": [27, 28, 30, 32, 39, 55, 72], "summary": {"covered_lines": 7, "num_statements": 7, "percent_covered": 100.0, "percent_covered_display": "100", "missing_lines": 0, "excluded_lines": 0}, "missing_lines": [], "excluded_lines": []}, "create_company_context_middleware._get_profile": {"executed_lines": [34, 35, 36, 37], "summary": {"covered_lines": 4, "num_statements": 4, "percent_covered": 100.0, "percent_covered_display": "100", "missing_lines": 0, "excluded_lines": 0}, "missing_lines": [], "excluded_lines": []}, "create_company_context_middleware._ensure_profile": {"executed_lines": [40, 42, 43, 45, 51, 53], "summary": {"covered_lines": 6, "num_statements": 10, "percent_covered": 60.0, "percent_covered_display": "60", "missing_lines": 4, "excluded_lines": 0}, "missing_lines": [46, 47, 48, 49], "excluded_lines": []}, "create_company_context_middleware.decorator": {"executed_lines": [56, 58, 59, 63, 65, 66, 70], "summary": {"covered_lines": 7, "num_statements": 7, "percent_covered": 100.0, "percent_covered_display": "100", "missing_lines": 0, "excluded_lines": 0}, "missing_lines": [], "excluded_lines": []}, "create_company_context_middleware.decorator.async_wrapper": {"executed_lines": [60, 61], "summary": {"covered_lines": 2, "num_statements": 2, "percent_covered": 100.0, "percent_covered_display": "100", "missing_lines": 0, "excluded_lines": 0}, "missing_lines": [], "excluded_lines": []}, "create_company_context_middleware.decorator.sync_wrapper": {"executed_lines": [67, 68], "summary": {"covered_lines": 2, "num_statements": 2, "percent_covered": 100.0, "percent_covered_display": "100", "missing_lines": 0, "excluded_lines": 0}, "missing_lines": [], "excluded_lines": []}, "CompanyContextMiddleware.__init__": {"executed_lines": [84, 85, 86, 87], "summary": {"covered_lines": 4, "num_statements": 4, "percent_covered": 100.0, "percent_covered_display": "100", "missing_lines": 0, "excluded_lines": 0}, "missing_lines": [], "excluded_lines": []}, "CompanyContextMiddleware.before_model": {"executed_lines": [91, 92, 93, 97], "summary": {"covered_lines": 4, "num_statements": 4, "percent_covered": 100.0, "percent_covered_display": "100", "missing_lines": 0, "excluded_lines": 0}, "missing_lines": [], "excluded_lines": []}, "": {"executed_lines": [1, 3, 5, 6, 7, 8, 10, 12, 13, 16, 19, 75, 76, 83, 89], "summary": {"covered_lines": 13, "num_statements": 13, "percent_covered": 100.0, "percent_covered_display": "100", "missing_lines": 0, "excluded_lines": 0}, "missing_lines": [], "excluded_lines": []}}, "classes": {"CompanyContextMiddleware": {"executed_lines": [84, 85, 86, 87, 91, 92, 93, 97], "summary": {"covered_lines": 8, "num_statements": 8, "percent_covered": 100.0, "percent_covered_display": "100", "missing_lines": 0, "excluded_lines": 0}, "missing_lines": [], "excluded_lines": []}, "": {"executed_lines": [1, 3, 5, 6, 7, 8, 10, 12, 13, 16, 19, 27, 28, 30, 32, 34, 35, 36, 37, 39, 40, 42, 43, 45, 51, 53, 55, 56, 58, 59, 60, 61, 63, 65, 66, 67, 68, 70, 72, 75, 76, 83, 89], "summary": {"covered_lines": 41, "num_statements": 45, "percent_covered": 91.11111111111111, "percent_covered_display": "91", "missing_lines": 4, "excluded_lines": 0}, "missing_lines": [46, 47, 48, 49], "excluded_lines": []}}}, "agents\\src\\autifyme_agents\\core\\ports.py": {"executed_lines": [1, 2, 3, 5, 13, 14, 23, 24, 33, 34, 47, 48, 79, 80, 92, 93, 109, 110, 138, 139, 171, 172, 196, 197, 214, 215, 234, 235], "summary": {"covered_lines": 27, "num_statements": 38, "percent_covered": 71.05263157894737, "percent_covered_display": "71", "missing_lines": 11, "excluded_lines": 0}, "missing_lines": [31, 45, 77, 90, 103, 132, 169, 194, 212, 232, 256], "excluded_lines": [], "functions": {"StorageInterface.get_company_profile": {"executed_lines": [], "summary": {"covered_lines": 0, "num_statements": 1, "percent_covered": 0.0, "percent_covered_display": "0", "missing_lines": 1, "excluded_lines": 0}, "missing_lines": [31], "excluded_lines": []}, "StorageInterface.save_product": {"executed_lines": [], "summary": {"covered_lines": 0, "num_statements": 1, "percent_covered": 0.0, "percent_covered_display": "0", "missing_lines": 1, "excluded_lines": 0}, "missing_lines": [45], "excluded_lines": []}, "StorageInterface.save_pending_approval": {"executed_lines": [], "summary": {"covered_lines": 0, "num_statements": 1, "percent_covered": 0.0, "percent_covered_display": "0", "missing_lines": 1, "excluded_lines": 0}, "missing_lines": [77], "excluded_lines": []}, "StorageInterface.get_pending_approval": {"executed_lines": [], "summary": {"covered_lines": 0, "num_statements": 1, "percent_covered": 0.0, "percent_covered_display": "0", "missing_lines": 1, "excluded_lines": 0}, "missing_lines": [90], "excluded_lines": []}, "StorageInterface.delete_pending_approval": {"executed_lines": [], "summary": {"covered_lines": 0, "num_statements": 1, "percent_covered": 0.0, "percent_covered_display": "0", "missing_lines": 1, "excluded_lines": 0}, "missing_lines": [103], "excluded_lines": []}, "StorageInterface.check_and_mark_message_processed": {"executed_lines": [], "summary": {"covered_lines": 0, "num_statements": 1, "percent_covered": 0.0, "percent_covered_display": "0", "missing_lines": 1, "excluded_lines": 0}, "missing_lines": [132], "excluded_lines": []}, "StorageInterface.save_workflow_outcome": {"executed_lines": [], "summary": {"covered_lines": 0, "num_statements": 1, "percent_covered": 0.0, "percent_covered_display": "0", "missing_lines": 1, "excluded_lines": 0}, "missing_lines": [169], "excluded_lines": []}, "StorageInterface.get_workflow_outcomes": {"executed_lines": [], "summary": {"covered_lines": 0, "num_statements": 1, "percent_covered": 0.0, "percent_covered_display": "0", "missing_lines": 1, "excluded_lines": 0}, "missing_lines": [194], "excluded_lines": []}, "StorageInterface.get_recent_failures": {"executed_lines": [], "summary": {"covered_lines": 0, "num_statements": 1, "percent_covered": 0.0, "percent_covered_display": "0", "missing_lines": 1, "excluded_lines": 0}, "missing_lines": [212], "excluded_lines": []}, "StorageInterface.get_success_rates": {"executed_lines": [], "summary": {"covered_lines": 0, "num_statements": 1, "percent_covered": 0.0, "percent_covered_display": "0", "missing_lines": 1, "excluded_lines": 0}, "missing_lines": [232], "excluded_lines": []}, "StorageInterface.get_edge_cases": {"executed_lines": [], "summary": {"covered_lines": 0, "num_statements": 1, "percent_covered": 0.0, "percent_covered_display": "0", "missing_lines": 1, "excluded_lines": 0}, "missing_lines": [256], "excluded_lines": []}, "": {"executed_lines": [1, 2, 3, 5, 13, 14, 23, 24, 33, 34, 47, 48, 79, 80, 92, 93, 109, 110, 138, 139, 171, 172, 196, 197, 214, 215, 234, 235], "summary": {"covered_lines": 27, "num_statements": 27, "percent_covered": 100.0, "percent_covered_display": "100", "missing_lines": 0, "excluded_lines": 0}, "missing_lines": [], "excluded_lines": []}}, "classes": {"StorageInterface": {"executed_lines": [], "summary": {"covered_lines": 0, "num_statements": 11, "percent_covered": 0.0, "percent_covered_display": "0", "missing_lines": 11, "excluded_lines": 0}, "missing_lines": [31, 45, 77, 90, 103, 132, 169, 194, 212, 232, 256], "excluded_lines": []}, "": {"executed_lines": [1, 2, 3, 5, 13, 14, 23, 24, 33, 34, 47, 48, 79, 80, 92, 93, 109, 110, 138, 139, 171, 172, 196, 197, 214, 215, 234, 235], "summary": {"covered_lines": 27, "num_statements": 27, "percent_covered": 100.0, "percent_covered_display": "100", "missing_lines": 0, "excluded_lines": 0}, "missing_lines": [], "excluded_lines": []}}}, "agents\\src\\autifyme_agents\\core\\prompt_loader.py": {"executed_lines": [1, 3, 23, 24, 26, 29, 30], "summary": {"covered_lines": 7, "num_statements": 8, "percent_covered": 87.5, "percent_covered_display": "88", "missing_lines": 1, "excluded_lines": 0}, "missing_lines": [27], "excluded_lines": [], "functions": {"load_prompt": {"executed_lines": [23, 24, 26, 29, 30], "summary": {"covered_lines": 5, "num_statements": 6, "percent_covered": 83.33333333333333, "percent_covered_display": "83", "missing_lines": 1, "excluded_lines": 0}, "missing_lines": [27], "excluded_lines": []}, "": {"executed_lines": [1, 3], "summary": {"covered_lines": 2, "num_statements": 2, "percent_covered": 100.0, "percent_covered_display": "100", "missing_lines": 0, "excluded_lines": 0}, "missing_lines": [], "excluded_lines": []}}, "classes": {"": {"executed_lines": [1, 3, 23, 24, 26, 29, 30], "summary": {"covered_lines": 7, "num_statements": 8, "percent_covered": 87.5, "percent_covered_display": "88", "missing_lines": 1, "excluded_lines": 0}, "missing_lines": [27], "excluded_lines": []}}}, "agents\\src\\autifyme_agents\\departments\\__init__.py": {"executed_lines": [0], "summary": {"covered_lines": 0, "num_statements": 0, "percent_covered": 100.0, "percent_covered_display": "100", "missing_lines": 0, "excluded_lines": 0}, "missing_lines": [], "excluded_lines": [], "functions": {"": {"executed_lines": [], "summary": {"covered_lines": 0, "num_statements": 0, "percent_covered": 100.0, "percent_covered_display": "100", "missing_lines": 0, "excluded_lines": 0}, "missing_lines": [], "excluded_lines": []}}, "classes": {"": {"executed_lines": [], "summary": {"covered_lines": 0, "num_statements": 0, "percent_covered": 100.0, "percent_covered_display": "100", "missing_lines": 0, "excluded_lines": 0}, "missing_lines": [], "excluded_lines": []}}}, "agents\\src\\autifyme_agents\\departments\\cataloging_department.py": {"executed_lines": [1, 16, 18, 19, 20, 21, 23, 24, 25, 26, 27, 28, 29, 34, 50, 51, 53, 56, 59, 65, 66, 67, 68, 73, 101, 106, 109, 119, 129], "summary": {"covered_lines": 28, "num_statements": 28, "percent_covered": 100.0, "percent_covered_display": "100", "missing_lines": 0, "excluded_lines": 0}, "missing_lines": [], "excluded_lines": [], "functions": {"create_cataloging_department": {"executed_lines": [50, 51, 53, 56, 59, 65, 66, 67, 68, 73, 101, 106, 109, 119, 129], "summary": {"covered_lines": 15, "num_statements": 15, "percent_covered": 100.0, "percent_covered_display": "100", "missing_lines": 0, "excluded_lines": 0}, "missing_lines": [], "excluded_lines": []}, "": {"executed_lines": [1, 16, 18, 19, 20, 21, 23, 24, 25, 26, 27, 28, 29, 34], "summary": {"covered_lines": 13, "num_statements": 13, "percent_covered": 100.0, "percent_covered_display": "100", "missing_lines": 0, "excluded_lines": 0}, "missing_lines": [], "excluded_lines": []}}, "classes": {"": {"executed_lines": [1, 16, 18, 19, 20, 21, 23, 24, 25, 26, 27, 28, 29, 34, 50, 51, 53, 56, 59, 65, 66, 67, 68, 73, 101, 106, 109, 119, 129], "summary": {"covered_lines": 28, "num_statements": 28, "percent_covered": 100.0, "percent_covered_display": "100", "missing_lines": 0, "excluded_lines": 0}, "missing_lines": [], "excluded_lines": []}}}, "agents\\src\\autifyme_agents\\departments\\marketing\\__init__.py": {"executed_lines": [], "summary": {"covered_lines": 0, "num_statements": 0, "percent_covered": 100.0, "percent_covered_display": "100", "missing_lines": 0, "excluded_lines": 0}, "missing_lines": [], "excluded_lines": [], "functions": {"": {"executed_lines": [], "summary": {"covered_lines": 0, "num_statements": 0, "percent_covered": 100.0, "percent_covered_display": "100", "missing_lines": 0, "excluded_lines": 0}, "missing_lines": [], "excluded_lines": []}}, "classes": {"": {"executed_lines": [], "summary": {"covered_lines": 0, "num_statements": 0, "percent_covered": 100.0, "percent_covered_display": "100", "missing_lines": 0, "excluded_lines": 0}, "missing_lines": [], "excluded_lines": []}}}, "agents\\src\\autifyme_agents\\departments\\marketing\\specialists\\__init__.py": {"executed_lines": [], "summary": {"covered_lines": 0, "num_statements": 0, "percent_covered": 100.0, "percent_covered_display": "100", "missing_lines": 0, "excluded_lines": 0}, "missing_lines": [], "excluded_lines": [], "functions": {"": {"executed_lines": [], "summary": {"covered_lines": 0, "num_statements": 0, "percent_covered": 100.0, "percent_covered_display": "100", "missing_lines": 0, "excluded_lines": 0}, "missing_lines": [], "excluded_lines": []}}, "classes": {"": {"executed_lines": [], "summary": {"covered_lines": 0, "num_statements": 0, "percent_covered": 100.0, "percent_covered_display": "100", "missing_lines": 0, "excluded_lines": 0}, "missing_lines": [], "excluded_lines": []}}}, "agents\\src\\autifyme_agents\\entrypoints\\__init__.py": {"executed_lines": [], "summary": {"covered_lines": 0, "num_statements": 0, "percent_covered": 100.0, "percent_covered_display": "100", "missing_lines": 0, "excluded_lines": 0}, "missing_lines": [], "excluded_lines": [], "functions": {"": {"executed_lines": [], "summary": {"covered_lines": 0, "num_statements": 0, "percent_covered": 100.0, "percent_covered_display": "100", "missing_lines": 0, "excluded_lines": 0}, "missing_lines": [], "excluded_lines": []}}, "classes": {"": {"executed_lines": [], "summary": {"covered_lines": 0, "num_statements": 0, "percent_covered": 100.0, "percent_covered_display": "100", "missing_lines": 0, "excluded_lines": 0}, "missing_lines": [], "excluded_lines": []}}}, "agents\\src\\autifyme_agents\\entrypoints\\whatsapp_webhook.py": {"executed_lines": [], "summary": {"covered_lines": 0, "num_statements": 126, "percent_covered": 0.0, "percent_covered_display": "0", "missing_lines": 126, "excluded_lines": 0}, "missing_lines": [3, 5, 6, 7, 8, 10, 11, 13, 14, 15, 16, 17, 18, 21, 22, 23, 25, 26, 27, 28, 30, 33, 36, 37, 39, 42, 43, 45, 49, 50, 51, 53, 57, 58, 59, 61, 62, 65, 66, 69, 73, 74, 75, 76, 78, 80, 83, 84, 85, 86, 87, 88, 89, 97, 98, 100, 103, 104, 105, 106, 107, 108, 110, 111, 113, 116, 117, 118, 119, 120, 121, 129, 131, 132, 133, 141, 142, 144, 145, 146, 151, 155, 158, 159, 160, 161, 162, 165, 166, 170, 176, 177, 183, 187, 196, 197, 199, 200, 201, 202, 203, 204, 205, 206, 207, 208, 209, 210, 211, 212, 213, 214, 215, 218, 235, 236, 237, 241, 249, 250, 252, 262, 264, 265, 266, 267], "excluded_lines": [], "functions": {"read_root": {"executed_lines": [], "summary": {"covered_lines": 0, "num_statements": 1, "percent_covered": 0.0, "percent_covered_display": "0", "missing_lines": 1, "excluded_lines": 0}, "missing_lines": [39], "excluded_lines": []}, "favicon": {"executed_lines": [], "summary": {"covered_lines": 0, "num_statements": 1, "percent_covered": 0.0, "percent_covered_display": "0", "missing_lines": 1, "excluded_lines": 0}, "missing_lines": [45], "excluded_lines": []}, "_get_runner": {"executed_lines": [], "summary": {"covered_lines": 0, "num_statements": 13, "percent_covered": 0.0, "percent_covered_display": "0", "missing_lines": 13, "excluded_lines": 0}, "missing_lines": [57, 58, 59, 61, 62, 65, 66, 69, 73, 74, 75, 76, 78], "excluded_lines": []}, "_persist_event": {"executed_lines": [], "summary": {"covered_lines": 0, "num_statements": 6, "percent_covered": 0.0, "percent_covered_display": "0", "missing_lines": 6, "excluded_lines": 0}, "missing_lines": [84, 85, 86, 87, 88, 89], "excluded_lines": []}, "health_check": {"executed_lines": [], "summary": {"covered_lines": 0, "num_statements": 1, "percent_covered": 0.0, "percent_covered_display": "0", "missing_lines": 1, "excluded_lines": 0}, "missing_lines": [100], "excluded_lines": []}, "verify": {"executed_lines": [], "summary": {"covered_lines": 0, "num_statements": 7, "percent_covered": 0.0, "percent_covered_display": "0", "missing_lines": 7, "excluded_lines": 0}, "missing_lines": [105, 106, 107, 108, 110, 111, 113], "excluded_lines": []}, "receive": {"executed_lines": [], "summary": {"covered_lines": 0, "num_statements": 59, "percent_covered": 0.0, "percent_covered_display": "0", "missing_lines": 59, "excluded_lines": 0}, "missing_lines": [118, 119, 120, 121, 129, 131, 132, 133, 141, 142, 144, 145, 146, 151, 155, 158, 159, 160, 161, 162, 165, 166, 170, 176, 177, 183, 187, 196, 197, 199, 200, 201, 202, 203, 204, 205, 206, 207, 208, 209, 210, 211, 212, 213, 214, 215, 218, 235, 236, 237, 241, 249, 250, 252, 262, 264, 265, 266, 267], "excluded_lines": []}, "": {"executed_lines": [], "summary": {"covered_lines": 0, "num_statements": 38, "percent_covered": 0.0, "percent_covered_display": "0", "missing_lines": 38, "excluded_lines": 0}, "missing_lines": [3, 5, 6, 7, 8, 10, 11, 13, 14, 15, 16, 17, 18, 21, 22, 23, 25, 26, 27, 28, 30, 33, 36, 37, 42, 43, 49, 50, 51, 53, 80, 83, 97, 98, 103, 104, 116, 117], "excluded_lines": []}}, "classes": {"": {"executed_lines": [], "summary": {"covered_lines": 0, "num_statements": 126, "percent_covered": 0.0, "percent_covered_display": "0", "missing_lines": 126, "excluded_lines": 0}, "missing_lines": [3, 5, 6, 7, 8, 10, 11, 13, 14, 15, 16, 17, 18, 21, 22, 23, 25, 26, 27, 28, 30, 33, 36, 37, 39, 42, 43, 45, 49, 50, 51, 53, 57, 58, 59, 61, 62, 65, 66, 69, 73, 74, 75, 76, 78, 80, 83, 84, 85, 86, 87, 88, 89, 97, 98, 100, 103, 104, 105, 106, 107, 108, 110, 111, 113, 116, 117, 118, 119, 120, 121, 129, 131, 132, 133, 141, 142, 144, 145, 146, 151, 155, 158, 159, 160, 161, 162, 165, 166, 170, 176, 177, 183, 187, 196, 197, 199, 200, 201, 202, 203, 204, 205, 206, 207, 208, 209, 210, 211, 212, 213, 214, 215, 218, 235, 236, 237, 241, 249, 250, 252, 262, 264, 265, 266, 267], "excluded_lines": []}}}, "agents\\src\\autifyme_agents\\integrations\\__init__.py": {"executed_lines": [0], "summary": {"covered_lines": 0, "num_statements": 0, "percent_covered": 100.0, "percent_covered_display": "100", "missing_lines": 0, "excluded_lines": 0}, "missing_lines": [], "excluded_lines": [], "functions": {"": {"executed_lines": [], "summary": {"covered_lines": 0, "num_statements": 0, "percent_covered": 100.0, "percent_covered_display": "100", "missing_lines": 0, "excluded_lines": 0}, "missing_lines": [], "excluded_lines": []}}, "classes": {"": {"executed_lines": [], "summary": {"covered_lines": 0, "num_statements": 0, "percent_covered": 100.0, "percent_covered_display": "100", "missing_lines": 0, "excluded_lines": 0}, "missing_lines": [], "excluded_lines": []}}}, "agents\\src\\autifyme_agents\\integrations\\communication\\__init__.py": {"executed_lines": [1, 3, 4, 6], "summary": {"covered_lines": 3, "num_statements": 3, "percent_covered": 100.0, "percent_covered_display": "100", "missing_lines": 0, "excluded_lines": 0}, "missing_lines": [], "excluded_lines": [], "functions": {"": {"executed_lines": [1, 3, 4, 6], "summary": {"covered_lines": 3, "num_statements": 3, "percent_covered": 100.0, "percent_covered_display": "100", "missing_lines": 0, "excluded_lines": 0}, "missing_lines": [], "excluded_lines": []}}, "classes": {"": {"executed_lines": [1, 3, 4, 6], "summary": {"covered_lines": 3, "num_statements": 3, "percent_covered": 100.0, "percent_covered_display": "100", "missing_lines": 0, "excluded_lines": 0}, "missing_lines": [], "excluded_lines": []}}}, "agents\\src\\autifyme_agents\\integrations\\communication\\whatsapp_client.py": {"executed_lines": [1, 3, 5, 6, 8, 10, 13, 16, 17, 19, 29], "summary": {"covered_lines": 9, "num_statements": 22, "percent_covered": 40.90909090909091, "percent_covered_display": "41", "missing_lines": 13, "excluded_lines": 0}, "missing_lines": [20, 21, 22, 24, 25, 27, 30, 37, 42, 43, 44, 45, 52], "excluded_lines": [], "functions": {"WhatsAppClient.__init__": {"executed_lines": [], "summary": {"covered_lines": 0, "num_statements": 6, "percent_covered": 0.0, "percent_covered_display": "0", "missing_lines": 6, "excluded_lines": 0}, "missing_lines": [20, 21, 22, 24, 25, 27], "excluded_lines": []}, "WhatsAppClient.send_text": {"executed_lines": [], "summary": {"covered_lines": 0, "num_statements": 7, "percent_covered": 0.0, "percent_covered_display": "0", "missing_lines": 7, "excluded_lines": 0}, "missing_lines": [30, 37, 42, 43, 44, 45, 52], "excluded_lines": []}, "": {"executed_lines": [1, 3, 5, 6, 8, 10, 13, 16, 17, 19, 29], "summary": {"covered_lines": 9, "num_statements": 9, "percent_covered": 100.0, "percent_covered_display": "100", "missing_lines": 0, "excluded_lines": 0}, "missing_lines": [], "excluded_lines": []}}, "classes": {"WhatsAppClient": {"executed_lines": [], "summary": {"covered_lines": 0, "num_statements": 13, "percent_covered": 0.0, "percent_covered_display": "0", "missing_lines": 13, "excluded_lines": 0}, "missing_lines": [20, 21, 22, 24, 25, 27, 30, 37, 42, 43, 44, 45, 52], "excluded_lines": []}, "": {"executed_lines": [1, 3, 5, 6, 8, 10, 13, 16, 17, 19, 29], "summary": {"covered_lines": 9, "num_statements": 9, "percent_covered": 100.0, "percent_covered_display": "100", "missing_lines": 0, "excluded_lines": 0}, "missing_lines": [], "excluded_lines": []}}}, "agents\\src\\autifyme_agents\\integrations\\communication\\whatsapp_media_client.py": {"executed_lines": [1, 3, 5, 6, 7, 8, 10, 12, 14, 15, 18, 21, 22, 30, 40, 60, 103, 104], "summary": {"covered_lines": 16, "num_statements": 57, "percent_covered": 28.07017543859649, "percent_covered_display": "28", "missing_lines": 41, "excluded_lines": 0}, "missing_lines": [31, 32, 33, 34, 35, 41, 42, 43, 44, 45, 46, 47, 51, 52, 53, 54, 58, 70, 71, 75, 76, 77, 78, 79, 83, 85, 86, 89, 90, 91, 92, 95, 96, 97, 98, 99, 101, 106, 107, 110, 138], "excluded_lines": [], "functions": {"WhatsAppMediaClient.__init__": {"executed_lines": [], "summary": {"covered_lines": 0, "num_statements": 5, "percent_covered": 0.0, "percent_covered_display": "0", "missing_lines": 5, "excluded_lines": 0}, "missing_lines": [31, 32, 33, 34, 35], "excluded_lines": []}, "WhatsAppMediaClient.get_media_url": {"executed_lines": [], "summary": {"covered_lines": 0, "num_statements": 12, "percent_covered": 0.0, "percent_covered_display": "0", "missing_lines": 12, "excluded_lines": 0}, "missing_lines": [41, 42, 43, 44, 45, 46, 47, 51, 52, 53, 54, 58], "excluded_lines": []}, "WhatsAppMediaClient.download_media": {"executed_lines": [], "summary": {"covered_lines": 0, "num_statements": 20, "percent_covered": 0.0, "percent_covered_display": "0", "missing_lines": 20, "excluded_lines": 0}, "missing_lines": [70, 71, 75, 76, 77, 78, 79, 83, 85, 86, 89, 90, 91, 92, 95, 96, 97, 98, 99, 101], "excluded_lines": []}, "WhatsAppMediaClient._derive_suffix": {"executed_lines": [], "summary": {"covered_lines": 0, "num_statements": 4, "percent_covered": 0.0, "percent_covered_display": "0", "missing_lines": 4, "excluded_lines": 0}, "missing_lines": [106, 107, 110, 138], "excluded_lines": []}, "": {"executed_lines": [1, 3, 5, 6, 7, 8, 10, 12, 14, 15, 18, 21, 22, 30, 40, 60, 103, 104], "summary": {"covered_lines": 16, "num_statements": 16, "percent_covered": 100.0, "percent_covered_display": "100", "missing_lines": 0, "excluded_lines": 0}, "missing_lines": [], "excluded_lines": []}}, "classes": {"WhatsAppMediaClient": {"executed_lines": [], "summary": {"covered_lines": 0, "num_statements": 41, "percent_covered": 0.0, "percent_covered_display": "0", "missing_lines": 41, "excluded_lines": 0}, "missing_lines": [31, 32, 33, 34, 35, 41, 42, 43, 44, 45, 46, 47, 51, 52, 53, 54, 58, 70, 71, 75, 76, 77, 78, 79, 83, 85, 86, 89, 90, 91, 92, 95, 96, 97, 98, 99, 101, 106, 107, 110, 138], "excluded_lines": []}, "": {"executed_lines": [1, 3, 5, 6, 7, 8, 10, 12, 14, 15, 18, 21, 22, 30, 40, 60, 103, 104], "summary": {"covered_lines": 16, "num_statements": 16, "percent_covered": 100.0, "percent_covered_display": "100", "missing_lines": 0, "excluded_lines": 0}, "missing_lines": [], "excluded_lines": []}}}, "agents\\src\\autifyme_agents\\integrations\\llm\\__init__.py": {"executed_lines": [], "summary": {"covered_lines": 0, "num_statements": 0, "percent_covered": 100.0, "percent_covered_display": "100", "missing_lines": 0, "excluded_lines": 0}, "missing_lines": [], "excluded_lines": [], "functions": {"": {"executed_lines": [], "summary": {"covered_lines": 0, "num_statements": 0, "percent_covered": 100.0, "percent_covered_display": "100", "missing_lines": 0, "excluded_lines": 0}, "missing_lines": [], "excluded_lines": []}}, "classes": {"": {"executed_lines": [], "summary": {"covered_lines": 0, "num_statements": 0, "percent_covered": 100.0, "percent_covered_display": "100", "missing_lines": 0, "excluded_lines": 0}, "missing_lines": [], "excluded_lines": []}}}, "agents\\src\\autifyme_agents\\integrations\\mcp\\__init__.py": {"executed_lines": [], "summary": {"covered_lines": 0, "num_statements": 0, "percent_covered": 100.0, "percent_covered_display": "100", "missing_lines": 0, "excluded_lines": 0}, "missing_lines": [], "excluded_lines": [], "functions": {"": {"executed_lines": [], "summary": {"covered_lines": 0, "num_statements": 0, "percent_covered": 100.0, "percent_covered_display": "100", "missing_lines": 0, "excluded_lines": 0}, "missing_lines": [], "excluded_lines": []}}, "classes": {"": {"executed_lines": [], "summary": {"covered_lines": 0, "num_statements": 0, "percent_covered": 100.0, "percent_covered_display": "100", "missing_lines": 0, "excluded_lines": 0}, "missing_lines": [], "excluded_lines": []}}}, "agents\\src\\autifyme_agents\\integrations\\storage\\__init__.py": {"executed_lines": [0], "summary": {"covered_lines": 0, "num_statements": 0, "percent_covered": 100.0, "percent_covered_display": "100", "missing_lines": 0, "excluded_lines": 0}, "missing_lines": [], "excluded_lines": [], "functions": {"": {"executed_lines": [], "summary": {"covered_lines": 0, "num_statements": 0, "percent_covered": 100.0, "percent_covered_display": "100", "missing_lines": 0, "excluded_lines": 0}, "missing_lines": [], "excluded_lines": []}}, "classes": {"": {"executed_lines": [], "summary": {"covered_lines": 0, "num_statements": 0, "percent_covered": 100.0, "percent_covered_display": "100", "missing_lines": 0, "excluded_lines": 0}, "missing_lines": [], "excluded_lines": []}}}, "agents\\src\\autifyme_agents\\integrations\\storage\\postgres_saver_factory.py": {"executed_lines": [1, 3, 5, 8, 9, 12], "summary": {"covered_lines": 5, "num_statements": 11, "percent_covered": 45.45454545454545, "percent_covered_display": "45", "missing_lines": 6, "excluded_lines": 0}, "missing_lines": [27, 29, 30, 31, 32, 34], "excluded_lines": [], "functions": {"get_checkpointer": {"executed_lines": [], "summary": {"covered_lines": 0, "num_statements": 6, "percent_covered": 0.0, "percent_covered_display": "0", "missing_lines": 6, "excluded_lines": 0}, "missing_lines": [27, 29, 30, 31, 32, 34], "excluded_lines": []}, "": {"executed_lines": [1, 3, 5, 8, 9, 12], "summary": {"covered_lines": 5, "num_statements": 5, "percent_covered": 100.0, "percent_covered_display": "100", "missing_lines": 0, "excluded_lines": 0}, "missing_lines": [], "excluded_lines": []}}, "classes": {"": {"executed_lines": [1, 3, 5, 8, 9, 12], "summary": {"covered_lines": 5, "num_statements": 11, "percent_covered": 45.45454545454545, "percent_covered_display": "45", "missing_lines": 6, "excluded_lines": 0}, "missing_lines": [27, 29, 30, 31, 32, 34], "excluded_lines": []}}}, "agents\\src\\autifyme_agents\\integrations\\storage\\storage_factory.py": {"executed_lines": [1, 3, 4, 7, 10, 21, 24, 26], "summary": {"covered_lines": 7, "num_statements": 7, "percent_covered": 100.0, "percent_covered_display": "100", "missing_lines": 0, "excluded_lines": 0}, "missing_lines": [], "excluded_lines": [], "functions": {"get_storage": {"executed_lines": [21, 24, 26], "summary": {"covered_lines": 3, "num_statements": 3, "percent_covered": 100.0, "percent_covered_display": "100", "missing_lines": 0, "excluded_lines": 0}, "missing_lines": [], "excluded_lines": []}, "": {"executed_lines": [1, 3, 4, 7, 10], "summary": {"covered_lines": 4, "num_statements": 4, "percent_covered": 100.0, "percent_covered_display": "100", "missing_lines": 0, "excluded_lines": 0}, "missing_lines": [], "excluded_lines": []}}, "classes": {"": {"executed_lines": [1, 3, 4, 7, 10, 21, 24, 26], "summary": {"covered_lines": 7, "num_statements": 7, "percent_covered": 100.0, "percent_covered_display": "100", "missing_lines": 0, "excluded_lines": 0}, "missing_lines": [], "excluded_lines": []}}}, "agents\\src\\autifyme_agents\\integrations\\storage\\supabase_client.py": {"executed_lines": [1, 3, 5, 6, 7, 9, 11, 12, 13, 16, 19, 20, 28, 37, 38, 39, 40, 43, 44, 46, 49, 50, 51, 53, 56, 57, 59, 64, 66, 69, 70, 74, 76, 77, 82, 85, 87, 128, 154, 167, 233, 235, 238, 239, 240, 241, 243, 245, 250, 258, 260, 294, 317, 336], "summary": {"covered_lines": 52, "num_statements": 107, "percent_covered": 48.598130841121495, "percent_covered_display": "49", "missing_lines": 55, "excluded_lines": 0}, "missing_lines": [60, 80, 83, 101, 102, 103, 117, 123, 124, 126, 136, 137, 139, 149, 150, 152, 157, 158, 161, 189, 190, 191, 198, 200, 201, 210, 215, 217, 219, 227, 246, 270, 272, 275, 276, 277, 279, 280, 282, 283, 285, 286, 289, 291, 292, 300, 302, 304, 315, 322, 328, 334, 343, 349, 356], "excluded_lines": [], "functions": {"SupabaseStorageClient.__init__": {"executed_lines": [37, 38, 39, 40, 43, 44], "summary": {"covered_lines": 6, "num_statements": 6, "percent_covered": 100.0, "percent_covered_display": "100", "missing_lines": 0, "excluded_lines": 0}, "missing_lines": [], "excluded_lines": []}, "SupabaseStorageClient._ensure_client": {"executed_lines": [49, 50, 51], "summary": {"covered_lines": 3, "num_statements": 3, "percent_covered": 100.0, "percent_covered_display": "100", "missing_lines": 0, "excluded_lines": 0}, "missing_lines": [], "excluded_lines": []}, "SupabaseStorageClient.get_company_profile": {"executed_lines": [56, 57, 59, 64], "summary": {"covered_lines": 4, "num_statements": 5, "percent_covered": 80.0, "percent_covered_display": "80", "missing_lines": 1, "excluded_lines": 0}, "missing_lines": [60], "excluded_lines": []}, "SupabaseStorageClient.save_product": {"executed_lines": [69, 70, 74, 76, 77, 82, 85], "summary": {"covered_lines": 7, "num_statements": 9, "percent_covered": 77.77777777777777, "percent_covered_display": "78", "missing_lines": 2, "excluded_lines": 0}, "missing_lines": [80, 83], "excluded_lines": []}, "SupabaseStorageClient.save_pending_approval": {"executed_lines": [], "summary": {"covered_lines": 0, "num_statements": 7, "percent_covered": 0.0, "percent_covered_display": "0", "missing_lines": 7, "excluded_lines": 0}, "missing_lines": [101, 102, 103, 117, 123, 124, 126], "excluded_lines": []}, "SupabaseStorageClient.get_pending_approval": {"executed_lines": [], "summary": {"covered_lines": 0, "num_statements": 6, "percent_covered": 0.0, "percent_covered_display": "0", "missing_lines": 6, "excluded_lines": 0}, "missing_lines": [136, 137, 139, 149, 150, 152], "excluded_lines": []}, "SupabaseStorageClient.delete_pending_approval": {"executed_lines": [], "summary": {"covered_lines": 0, "num_statements": 3, "percent_covered": 0.0, "percent_covered_display": "0", "missing_lines": 3, "excluded_lines": 0}, "missing_lines": [157, 158, 161], "excluded_lines": []}, "SupabaseStorageClient.check_and_mark_message_processed": {"executed_lines": [], "summary": {"covered_lines": 0, "num_statements": 11, "percent_covered": 0.0, "percent_covered_display": "0", "missing_lines": 11, "excluded_lines": 0}, "missing_lines": [189, 190, 191, 198, 200, 201, 210, 215, 217, 219, 227], "excluded_lines": []}, "SupabaseStorageClient.save_workflow_outcome": {"executed_lines": [235, 238, 239, 240, 241, 243, 245, 250, 258], "summary": {"covered_lines": 9, "num_statements": 10, "percent_covered": 90.0, "percent_covered_display": "90", "missing_lines": 1, "excluded_lines": 0}, "missing_lines": [246], "excluded_lines": []}, "SupabaseStorageClient.get_workflow_outcomes": {"executed_lines": [], "summary": {"covered_lines": 0, "num_statements": 14, "percent_covered": 0.0, "percent_covered_display": "0", "missing_lines": 14, "excluded_lines": 0}, "missing_lines": [270, 272, 275, 276, 277, 279, 280, 282, 283, 285, 286, 289, 291, 292], "excluded_lines": []}, "SupabaseStorageClient.get_recent_failures": {"executed_lines": [], "summary": {"covered_lines": 0, "num_statements": 4, "percent_covered": 0.0, "percent_covered_display": "0", "missing_lines": 4, "excluded_lines": 0}, "missing_lines": [300, 302, 304, 315], "excluded_lines": []}, "SupabaseStorageClient.get_success_rates": {"executed_lines": [], "summary": {"covered_lines": 0, "num_statements": 3, "percent_covered": 0.0, "percent_covered_display": "0", "missing_lines": 3, "excluded_lines": 0}, "missing_lines": [322, 328, 334], "excluded_lines": []}, "SupabaseStorageClient.get_edge_cases": {"executed_lines": [], "summary": {"covered_lines": 0, "num_statements": 3, "percent_covered": 0.0, "percent_covered_display": "0", "missing_lines": 3, "excluded_lines": 0}, "missing_lines": [343, 349, 356], "excluded_lines": []}, "": {"executed_lines": [1, 3, 5, 6, 7, 9, 11, 12, 13, 16, 19, 20, 28, 46, 53, 66, 87, 128, 154, 167, 233, 260, 294, 317, 336], "summary": {"covered_lines": 23, "num_statements": 23, "percent_covered": 100.0, "percent_covered_display": "100", "missing_lines": 0, "excluded_lines": 0}, "missing_lines": [], "excluded_lines": []}}, "classes": {"SupabaseStorageClient": {"executed_lines": [37, 38, 39, 40, 43, 44, 49, 50, 51, 56, 57, 59, 64, 69, 70, 74, 76, 77, 82, 85, 235, 238, 239, 240, 241, 243, 245, 250, 258], "summary": {"covered_lines": 29, "num_statements": 84, "percent_covered": 34.523809523809526, "percent_covered_display": "35", "missing_lines": 55, "excluded_lines": 0}, "missing_lines": [60, 80, 83, 101, 102, 103, 117, 123, 124, 126, 136, 137, 139, 149, 150, 152, 157, 158, 161, 189, 190, 191, 198, 200, 201, 210, 215, 217, 219, 227, 246, 270, 272, 275, 276, 277, 279, 280, 282, 283, 285, 286, 289, 291, 292, 300, 302, 304, 315, 322, 328, 334, 343, 349, 356], "excluded_lines": []}, "": {"executed_lines": [1, 3, 5, 6, 7, 9, 11, 12, 13, 16, 19, 20, 28, 46, 53, 66, 87, 128, 154, 167, 233, 260, 294, 317, 336], "summary": {"covered_lines": 23, "num_statements": 23, "percent_covered": 100.0, "percent_covered_display": "100", "missing_lines": 0, "excluded_lines": 0}, "missing_lines": [], "excluded_lines": []}}}, "agents\\src\\autifyme_agents\\schemas\\__init__.py": {"executed_lines": [1, 2, 3, 4, 6], "summary": {"covered_lines": 5, "num_statements": 5, "percent_covered": 100.0, "percent_covered_display": "100", "missing_lines": 0, "excluded_lines": 0}, "missing_lines": [], "excluded_lines": [], "functions": {"": {"executed_lines": [1, 2, 3, 4, 6], "summary": {"covered_lines": 5, "num_statements": 5, "percent_covered": 100.0, "percent_covered_display": "100", "missing_lines": 0, "excluded_lines": 0}, "missing_lines": [], "excluded_lines": []}}, "classes": {"": {"executed_lines": [1, 2, 3, 4, 6], "summary": {"covered_lines": 5, "num_statements": 5, "percent_covered": 100.0, "percent_covered_display": "100", "missing_lines": 0, "excluded_lines": 0}, "missing_lines": [], "excluded_lines": []}}}, "agents\\src\\autifyme_agents\\schemas\\agent_outputs.py": {"executed_lines": [1, 3, 4, 5, 7, 10, 11, 12, 13, 16, 17, 18, 19, 20, 21, 24, 25, 26, 27, 28, 31, 32, 37, 42, 46, 52, 53, 55, 56], "summary": {"covered_lines": 23, "num_statements": 23, "percent_covered": 100.0, "percent_covered_display": "100", "missing_lines": 0, "excluded_lines": 0}, "missing_lines": [], "excluded_lines": [], "functions": {"": {"executed_lines": [1, 3, 4, 5, 7, 10, 11, 12, 13, 16, 17, 18, 19, 20, 21, 24, 25, 26, 27, 28, 31, 32, 37, 42, 46, 52, 53, 55, 56], "summary": {"covered_lines": 23, "num_statements": 23, "percent_covered": 100.0, "percent_covered_display": "100", "missing_lines": 0, "excluded_lines": 0}, "missing_lines": [], "excluded_lines": []}}, "classes": {"AgentOutput": {"executed_lines": [], "summary": {"covered_lines": 0, "num_statements": 0, "percent_covered": 100.0, "percent_covered_display": "100", "missing_lines": 0, "excluded_lines": 0}, "missing_lines": [], "excluded_lines": []}, "ProductCatalogedOutput": {"executed_lines": [], "summary": {"covered_lines": 0, "num_statements": 0, "percent_covered": 100.0, "percent_covered_display": "100", "missing_lines": 0, "excluded_lines": 0}, "missing_lines": [], "excluded_lines": []}, "ErrorOutput": {"executed_lines": [], "summary": {"covered_lines": 0, "num_statements": 0, "percent_covered": 100.0, "percent_covered_display": "100", "missing_lines": 0, "excluded_lines": 0}, "missing_lines": [], "excluded_lines": []}, "ImageAnalysisResult": {"executed_lines": [], "summary": {"covered_lines": 0, "num_statements": 0, "percent_covered": 100.0, "percent_covered_display": "100", "missing_lines": 0, "excluded_lines": 0}, "missing_lines": [], "excluded_lines": []}, "CatalogingToolOutput": {"executed_lines": [], "summary": {"covered_lines": 0, "num_statements": 0, "percent_covered": 100.0, "percent_covered_display": "100", "missing_lines": 0, "excluded_lines": 0}, "missing_lines": [], "excluded_lines": []}, "": {"executed_lines": [1, 3, 4, 5, 7, 10, 11, 12, 13, 16, 17, 18, 19, 20, 21, 24, 25, 26, 27, 28, 31, 32, 37, 42, 46, 52, 53, 55, 56], "summary": {"covered_lines": 23, "num_statements": 23, "percent_covered": 100.0, "percent_covered_display": "100", "missing_lines": 0, "excluded_lines": 0}, "missing_lines": [], "excluded_lines": []}}}, "agents\\src\\autifyme_agents\\schemas\\approval.py": {"executed_lines": [1, 7, 9, 10, 13, 14, 28, 31, 36, 37, 46, 47, 59, 60, 61, 62, 68, 69, 81, 84, 88, 97, 105, 106], "summary": {"covered_lines": 20, "num_statements": 21, "percent_covered": 95.23809523809524, "percent_covered_display": "95", "missing_lines": 1, "excluded_lines": 0}, "missing_lines": [98], "excluded_lines": [], "functions": {"BatchApprovalResponse.validate_count": {"executed_lines": [97], "summary": {"covered_lines": 1, "num_statements": 2, "percent_covered": 50.0, "percent_covered_display": "50", "missing_lines": 1, "excluded_lines": 0}, "missing_lines": [98], "excluded_lines": []}, "": {"executed_lines": [1, 7, 9, 10, 13, 14, 28, 31, 36, 37, 46, 47, 59, 60, 61, 62, 68, 69, 81, 84, 88, 105, 106], "summary": {"covered_lines": 19, "num_statements": 19, "percent_covered": 100.0, "percent_covered_display": "100", "missing_lines": 0, "excluded_lines": 0}, "missing_lines": [], "excluded_lines": []}}, "classes": {"HumanInTheLoopResponse": {"executed_lines": [], "summary": {"covered_lines": 0, "num_statements": 0, "percent_covered": 100.0, "percent_covered_display": "100", "missing_lines": 0, "excluded_lines": 0}, "missing_lines": [], "excluded_lines": []}, "HumanInTheLoopResponse.Config": {"executed_lines": [], "summary": {"covered_lines": 0, "num_statements": 0, "percent_covered": 100.0, "percent_covered_display": "100", "missing_lines": 0, "excluded_lines": 0}, "missing_lines": [], "excluded_lines": []}, "InterruptContext": {"executed_lines": [], "summary": {"covered_lines": 0, "num_statements": 0, "percent_covered": 100.0, "percent_covered_display": "100", "missing_lines": 0, "excluded_lines": 0}, "missing_lines": [], "excluded_lines": []}, "BatchApprovalResponse": {"executed_lines": [97], "summary": {"covered_lines": 1, "num_statements": 2, "percent_covered": 50.0, "percent_covered_display": "50", "missing_lines": 1, "excluded_lines": 0}, "missing_lines": [98], "excluded_lines": []}, "BatchApprovalResponse.Config": {"executed_lines": [], "summary": {"covered_lines": 0, "num_statements": 0, "percent_covered": 100.0, "percent_covered_display": "100", "missing_lines": 0, "excluded_lines": 0}, "missing_lines": [], "excluded_lines": []}, "": {"executed_lines": [1, 7, 9, 10, 13, 14, 28, 31, 36, 37, 46, 47, 59, 60, 61, 62, 68, 69, 81, 84, 88, 105, 106], "summary": {"covered_lines": 19, "num_statements": 19, "percent_covered": 100.0, "percent_covered_display": "100", "missing_lines": 0, "excluded_lines": 0}, "missing_lines": [], "excluded_lines": []}}}, "agents\\src\\autifyme_agents\\schemas\\messages.py": {"executed_lines": [1, 8, 10, 11, 12, 14, 17, 18, 26, 27, 30, 33, 36, 45, 48, 51, 52, 53, 54, 58, 60, 63, 64, 72, 73, 78, 79, 80, 81, 84, 87, 88, 93, 97, 101, 105, 109, 125, 152, 154], "summary": {"covered_lines": 37, "num_statements": 62, "percent_covered": 59.67741935483871, "percent_covered_display": "60", "missing_lines": 25, "excluded_lines": 0}, "missing_lines": [99, 103, 107, 115, 116, 118, 119, 120, 122, 123, 131, 133, 134, 136, 137, 139, 140, 141, 142, 143, 144, 145, 147, 148, 150], "excluded_lines": [], "functions": {"IncomingMessage.has_media": {"executed_lines": [], "summary": {"covered_lines": 0, "num_statements": 1, "percent_covered": 0.0, "percent_covered_display": "0", "missing_lines": 1, "excluded_lines": 0}, "missing_lines": [99], "excluded_lines": []}, "IncomingMessage.has_text": {"executed_lines": [], "summary": {"covered_lines": 0, "num_statements": 1, "percent_covered": 0.0, "percent_covered_display": "0", "missing_lines": 1, "excluded_lines": 0}, "missing_lines": [103], "excluded_lines": []}, "IncomingMessage.is_empty": {"executed_lines": [], "summary": {"covered_lines": 0, "num_statements": 1, "percent_covered": 0.0, "percent_covered_display": "0", "missing_lines": 1, "excluded_lines": 0}, "missing_lines": [107], "excluded_lines": []}, "IncomingMessage.media_summary": {"executed_lines": [], "summary": {"covered_lines": 0, "num_statements": 7, "percent_covered": 0.0, "percent_covered_display": "0", "missing_lines": 7, "excluded_lines": 0}, "missing_lines": [115, 116, 118, 119, 120, 122, 123], "excluded_lines": []}, "IncomingMessage.to_semantic_description": {"executed_lines": [], "summary": {"covered_lines": 0, "num_statements": 15, "percent_covered": 0.0, "percent_covered_display": "0", "missing_lines": 15, "excluded_lines": 0}, "missing_lines": [131, 133, 134, 136, 137, 139, 140, 141, 142, 143, 144, 145, 147, 148, 150], "excluded_lines": []}, "": {"executed_lines": [1, 8, 10, 11, 12, 14, 17, 18, 26, 27, 30, 33, 36, 45, 48, 51, 52, 53, 54, 58, 60, 63, 64, 72, 73, 78, 79, 80, 81, 84, 87, 88, 93, 97, 101, 105, 109, 125, 152, 154], "summary": {"covered_lines": 37, "num_statements": 37, "percent_covered": 100.0, "percent_covered_display": "100", "missing_lines": 0, "excluded_lines": 0}, "missing_lines": [], "excluded_lines": []}}, "classes": {"MediaReference": {"executed_lines": [], "summary": {"covered_lines": 0, "num_statements": 0, "percent_covered": 100.0, "percent_covered_display": "100", "missing_lines": 0, "excluded_lines": 0}, "missing_lines": [], "excluded_lines": []}, "MediaReference.Config": {"executed_lines": [], "summary": {"covered_lines": 0, "num_statements": 0, "percent_covered": 100.0, "percent_covered_display": "100", "missing_lines": 0, "excluded_lines": 0}, "missing_lines": [], "excluded_lines": []}, "IncomingMessage": {"executed_lines": [], "summary": {"covered_lines": 0, "num_statements": 25, "percent_covered": 0.0, "percent_covered_display": "0", "missing_lines": 25, "excluded_lines": 0}, "missing_lines": [99, 103, 107, 115, 116, 118, 119, 120, 122, 123, 131, 133, 134, 136, 137, 139, 140, 141, 142, 143, 144, 145, 147, 148, 150], "excluded_lines": []}, "IncomingMessage.Config": {"executed_lines": [], "summary": {"covered_lines": 0, "num_statements": 0, "percent_covered": 100.0, "percent_covered_display": "100", "missing_lines": 0, "excluded_lines": 0}, "missing_lines": [], "excluded_lines": []}, "": {"executed_lines": [1, 8, 10, 11, 12, 14, 17, 18, 26, 27, 30, 33, 36, 45, 48, 51, 52, 53, 54, 58, 60, 63, 64, 72, 73, 78, 79, 80, 81, 84, 87, 88, 93, 97, 101, 105, 109, 125, 152, 154], "summary": {"covered_lines": 37, "num_statements": 37, "percent_covered": 100.0, "percent_covered_display": "100", "missing_lines": 0, "excluded_lines": 0}, "missing_lines": [], "excluded_lines": []}}}, "agents\\src\\autifyme_agents\\schemas\\models.py": {"executed_lines": [1, 3, 4, 5, 8, 9, 17, 21, 22, 23, 24, 25, 26, 28, 29, 30, 36, 38, 39, 40, 41, 42, 48, 49, 52, 53, 59, 60, 61, 62, 63, 64, 66, 67, 74, 75, 81, 84, 85, 86, 87, 88, 93, 94], "summary": {"covered_lines": 40, "num_statements": 44, "percent_covered": 90.9090909090909, "percent_covered_display": "91", "missing_lines": 4, "excluded_lines": 0}, "missing_lines": [37, 43, 45, 46], "excluded_lines": [], "functions": {"Product.validate_id": {"executed_lines": [36, 38, 39, 40, 41, 42], "summary": {"covered_lines": 6, "num_statements": 10, "percent_covered": 60.0, "percent_covered_display": "60", "missing_lines": 4, "excluded_lines": 0}, "missing_lines": [37, 43, 45, 46], "excluded_lines": []}, "": {"executed_lines": [1, 3, 4, 5, 8, 9, 17, 21, 22, 23, 24, 25, 26, 28, 29, 30, 48, 49, 52, 53, 59, 60, 61, 62, 63, 64, 66, 67, 74, 75, 81, 84, 85, 86, 87, 88, 93, 94], "summary": {"covered_lines": 34, "num_statements": 34, "percent_covered": 100.0, "percent_covered_display": "100", "missing_lines": 0, "excluded_lines": 0}, "missing_lines": [], "excluded_lines": []}}, "classes": {"Product": {"executed_lines": [36, 38, 39, 40, 41, 42], "summary": {"covered_lines": 6, "num_statements": 10, "percent_covered": 60.0, "percent_covered_display": "60", "missing_lines": 4, "excluded_lines": 0}, "missing_lines": [37, 43, 45, 46], "excluded_lines": []}, "Product.Config": {"executed_lines": [], "summary": {"covered_lines": 0, "num_statements": 0, "percent_covered": 100.0, "percent_covered_display": "100", "missing_lines": 0, "excluded_lines": 0}, "missing_lines": [], "excluded_lines": []}, "CompanyProfile": {"executed_lines": [], "summary": {"covered_lines": 0, "num_statements": 0, "percent_covered": 100.0, "percent_covered_display": "100", "missing_lines": 0, "excluded_lines": 0}, "missing_lines": [], "excluded_lines": []}, "CompanyProfile.Config": {"executed_lines": [], "summary": {"covered_lines": 0, "num_statements": 0, "percent_covered": 100.0, "percent_covered_display": "100", "missing_lines": 0, "excluded_lines": 0}, "missing_lines": [], "excluded_lines": []}, "CatalogingResult": {"executed_lines": [], "summary": {"covered_lines": 0, "num_statements": 0, "percent_covered": 100.0, "percent_covered_display": "100", "missing_lines": 0, "excluded_lines": 0}, "missing_lines": [], "excluded_lines": []}, "CatalogingResult.Config": {"executed_lines": [], "summary": {"covered_lines": 0, "num_statements": 0, "percent_covered": 100.0, "percent_covered_display": "100", "missing_lines": 0, "excluded_lines": 0}, "missing_lines": [], "excluded_lines": []}, "": {"executed_lines": [1, 3, 4, 5, 8, 9, 17, 21, 22, 23, 24, 25, 26, 28, 29, 30, 48, 49, 52, 53, 59, 60, 61, 62, 63, 64, 66, 67, 74, 75, 81, 84, 85, 86, 87, 88, 93, 94], "summary": {"covered_lines": 34, "num_statements": 34, "percent_covered": 100.0, "percent_covered_display": "100", "missing_lines": 0, "excluded_lines": 0}, "missing_lines": [], "excluded_lines": []}}}, "agents\\src\\autifyme_agents\\schemas\\state.py": {"executed_lines": [1, 3, 4, 6, 7, 9, 11, 14, 17, 18, 21, 22, 23, 26, 27, 29, 30, 31, 32, 35, 36, 38, 39, 40, 41, 42, 43, 44, 45, 46], "summary": {"covered_lines": 28, "num_statements": 28, "percent_covered": 100.0, "percent_covered_display": "100", "missing_lines": 0, "excluded_lines": 0}, "missing_lines": [], "excluded_lines": [], "functions": {"": {"executed_lines": [1, 3, 4, 6, 7, 9, 11, 14, 17, 18, 21, 22, 23, 26, 27, 29, 30, 31, 32, 35, 36, 38, 39, 40, 41, 42, 43, 44, 45, 46], "summary": {"covered_lines": 28, "num_statements": 28, "percent_covered": 100.0, "percent_covered_display": "100", "missing_lines": 0, "excluded_lines": 0}, "missing_lines": [], "excluded_lines": []}}, "classes": {"DepartmentResults": {"executed_lines": [], "summary": {"covered_lines": 0, "num_statements": 0, "percent_covered": 100.0, "percent_covered_display": "100", "missing_lines": 0, "excluded_lines": 0}, "missing_lines": [], "excluded_lines": []}, "ProjectMetadata": {"executed_lines": [], "summary": {"covered_lines": 0, "num_statements": 0, "percent_covered": 100.0, "percent_covered_display": "100", "missing_lines": 0, "excluded_lines": 0}, "missing_lines": [], "excluded_lines": []}, "InterruptInfo": {"executed_lines": [], "summary": {"covered_lines": 0, "num_statements": 0, "percent_covered": 100.0, "percent_covered_display": "100", "missing_lines": 0, "excluded_lines": 0}, "missing_lines": [], "excluded_lines": []}, "ProjectManagerState": {"executed_lines": [], "summary": {"covered_lines": 0, "num_statements": 0, "percent_covered": 100.0, "percent_covered_display": "100", "missing_lines": 0, "excluded_lines": 0}, "missing_lines": [], "excluded_lines": []}, "": {"executed_lines": [1, 3, 4, 6, 7, 9, 11, 14, 17, 18, 21, 22, 23, 26, 27, 29, 30, 31, 32, 35, 36, 38, 39, 40, 41, 42, 43, 44, 45, 46], "summary": {"covered_lines": 28, "num_statements": 28, "percent_covered": 100.0, "percent_covered_display": "100", "missing_lines": 0, "excluded_lines": 0}, "missing_lines": [], "excluded_lines": []}}}, "agents\\src\\autifyme_agents\\specialists\\cataloging_specialist.py": {"executed_lines": [1, 6, 8, 9, 11, 12, 13, 16, 36, 37, 40, 49, 53], "summary": {"covered_lines": 12, "num_statements": 21, "percent_covered": 57.142857142857146, "percent_covered_display": "57", "missing_lines": 9, "excluded_lines": 0}, "missing_lines": [64, 67, 69, 70, 72, 74, 76, 79, 82], "excluded_lines": [], "functions": {"create_cataloging_specialist": {"executed_lines": [36, 37, 40, 49], "summary": {"covered_lines": 4, "num_statements": 4, "percent_covered": 100.0, "percent_covered_display": "100", "missing_lines": 0, "excluded_lines": 0}, "missing_lines": [], "excluded_lines": []}, "cataloging_specialist_invoke": {"executed_lines": [], "summary": {"covered_lines": 0, "num_statements": 9, "percent_covered": 0.0, "percent_covered_display": "0", "missing_lines": 9, "excluded_lines": 0}, "missing_lines": [64, 67, 69, 70, 72, 74, 76, 79, 82], "excluded_lines": []}, "": {"executed_lines": [1, 6, 8, 9, 11, 12, 13, 16, 53], "summary": {"covered_lines": 8, "num_statements": 8, "percent_covered": 100.0, "percent_covered_display": "100", "missing_lines": 0, "excluded_lines": 0}, "missing_lines": [], "excluded_lines": []}}, "classes": {"": {"executed_lines": [1, 6, 8, 9, 11, 12, 13, 16, 36, 37, 40, 49, 53], "summary": {"covered_lines": 12, "num_statements": 21, "percent_covered": 57.142857142857146, "percent_covered_display": "57", "missing_lines": 9, "excluded_lines": 0}, "missing_lines": [64, 67, 69, 70, 72, 74, 76, 79, 82], "excluded_lines": []}}}, "agents\\src\\autifyme_agents\\specialists\\image_analysis_specialist.py": {"executed_lines": [1, 6, 7, 8, 9, 11, 12, 13, 14, 16, 17, 18, 19, 22, 38, 74, 91, 92, 95, 104, 107, 181, 211, 307], "summary": {"covered_lines": 23, "num_statements": 77, "percent_covered": 29.87012987012987, "percent_covered_display": "30", "missing_lines": 54, "excluded_lines": 0}, "missing_lines": [34, 35, 53, 55, 56, 59, 60, 68, 69, 71, 130, 132, 133, 134, 136, 138, 139, 141, 143, 146, 147, 148, 149, 152, 153, 155, 156, 158, 165, 176, 178, 228, 229, 230, 233, 234, 238, 246, 247, 248, 249, 250, 252, 253, 259, 263, 264, 265, 271, 272, 280, 281, 286, 296], "excluded_lines": [], "functions": {"_encode_bytes_to_data_uri": {"executed_lines": [], "summary": {"covered_lines": 0, "num_statements": 2, "percent_covered": 0.0, "percent_covered_display": "0", "missing_lines": 2, "excluded_lines": 0}, "missing_lines": [34, 35], "excluded_lines": []}, "_encode_image_to_data_uri": {"executed_lines": [], "summary": {"covered_lines": 0, "num_statements": 8, "percent_covered": 0.0, "percent_covered_display": "0", "missing_lines": 8, "excluded_lines": 0}, "missing_lines": [53, 55, 56, 59, 60, 68, 69, 71], "excluded_lines": []}, "create_image_analysis_specialist": {"executed_lines": [91, 92, 95, 104], "summary": {"covered_lines": 4, "num_statements": 4, "percent_covered": 100.0, "percent_covered_display": "100", "missing_lines": 0, "excluded_lines": 0}, "missing_lines": [], "excluded_lines": []}, "image_analysis_specialist_invoke": {"executed_lines": [], "summary": {"covered_lines": 0, "num_statements": 21, "percent_covered": 0.0, "percent_covered_display": "0", "missing_lines": 21, "excluded_lines": 0}, "missing_lines": [130, 132, 133, 134, 136, 138, 139, 141, 143, 146, 147, 148, 149, 152, 153, 155, 156, 158, 165, 176, 178], "excluded_lines": []}, "create_image_analysis_specialist_graph": {"executed_lines": [211, 307], "summary": {"covered_lines": 2, "num_statements": 2, "percent_covered": 100.0, "percent_covered_display": "100", "missing_lines": 0, "excluded_lines": 0}, "missing_lines": [], "excluded_lines": []}, "create_image_analysis_specialist_graph.analyze_image_from_state": {"executed_lines": [], "summary": {"covered_lines": 0, "num_statements": 23, "percent_covered": 0.0, "percent_covered_display": "0", "missing_lines": 23, "excluded_lines": 0}, "missing_lines": [228, 229, 230, 233, 234, 238, 246, 247, 248, 249, 250, 252, 253, 259, 263, 264, 265, 271, 272, 280, 281, 286, 296], "excluded_lines": []}, "": {"executed_lines": [1, 6, 7, 8, 9, 11, 12, 13, 14, 16, 17, 18, 19, 22, 38, 74, 107, 181], "summary": {"covered_lines": 17, "num_statements": 17, "percent_covered": 100.0, "percent_covered_display": "100", "missing_lines": 0, "excluded_lines": 0}, "missing_lines": [], "excluded_lines": []}}, "classes": {"": {"executed_lines": [1, 6, 7, 8, 9, 11, 12, 13, 14, 16, 17, 18, 19, 22, 38, 74, 91, 92, 95, 104, 107, 181, 211, 307], "summary": {"covered_lines": 23, "num_statements": 77, "percent_covered": 29.87012987012987, "percent_covered_display": "30", "missing_lines": 54, "excluded_lines": 0}, "missing_lines": [34, 35, 53, 55, 56, 59, 60, 68, 69, 71, 130, 132, 133, 134, 136, 138, 139, 141, 143, 146, 147, 148, 149, 152, 153, 155, 156, 158, 165, 176, 178, 228, 229, 230, 233, 234, 238, 246, 247, 248, 249, 250, 252, 253, 259, 263, 264, 265, 271, 272, 280, 281, 286, 296], "excluded_lines": []}}}, "agents\\src\\autifyme_agents\\tools\\__init__.py": {"executed_lines": [3, 7, 8, 10], "summary": {"covered_lines": 4, "num_statements": 4, "percent_covered": 100.0, "percent_covered_display": "100", "missing_lines": 0, "excluded_lines": 0}, "missing_lines": [], "excluded_lines": [], "functions": {"": {"executed_lines": [3, 7, 8, 10], "summary": {"covered_lines": 4, "num_statements": 4, "percent_covered": 100.0, "percent_covered_display": "100", "missing_lines": 0, "excluded_lines": 0}, "missing_lines": [], "excluded_lines": []}}, "classes": {"": {"executed_lines": [3, 7, 8, 10], "summary": {"covered_lines": 4, "num_statements": 4, "percent_covered": 100.0, "percent_covered_display": "100", "missing_lines": 0, "excluded_lines": 0}, "missing_lines": [], "excluded_lines": []}}}, "agents\\src\\autifyme_agents\\tools\\analysis_tools.py": {"executed_lines": [1, 10, 11, 13, 14, 22, 23, 24, 25, 26, 32, 35], "summary": {"covered_lines": 11, "num_statements": 36, "percent_covered": 30.555555555555557, "percent_covered_display": "31", "missing_lines": 25, "excluded_lines": 0}, "missing_lines": [36, 38, 39, 40, 47, 49, 51, 52, 57, 58, 64, 65, 67, 68, 77, 79, 80, 82, 83, 85, 86, 95, 96, 102, 108], "excluded_lines": [], "functions": {"create_analyze_product_image_tool": {"executed_lines": [], "summary": {"covered_lines": 0, "num_statements": 6, "percent_covered": 0.0, "percent_covered_display": "0", "missing_lines": 6, "excluded_lines": 0}, "missing_lines": [36, 38, 39, 40, 47, 108], "excluded_lines": []}, "create_analyze_product_image_tool.analyze_product_image": {"executed_lines": [], "summary": {"covered_lines": 0, "num_statements": 19, "percent_covered": 0.0, "percent_covered_display": "0", "missing_lines": 19, "excluded_lines": 0}, "missing_lines": [49, 51, 52, 57, 58, 64, 65, 67, 68, 77, 79, 80, 82, 83, 85, 86, 95, 96, 102], "excluded_lines": []}, "": {"executed_lines": [1, 10, 11, 13, 14, 22, 23, 24, 25, 26, 32, 35], "summary": {"covered_lines": 11, "num_statements": 11, "percent_covered": 100.0, "percent_covered_display": "100", "missing_lines": 0, "excluded_lines": 0}, "missing_lines": [], "excluded_lines": []}}, "classes": {"": {"executed_lines": [1, 10, 11, 13, 14, 22, 23, 24, 25, 26, 32, 35], "summary": {"covered_lines": 11, "num_statements": 36, "percent_covered": 30.555555555555557, "percent_covered_display": "31", "missing_lines": 25, "excluded_lines": 0}, "missing_lines": [36, 38, 39, 40, 47, 49, 51, 52, 57, 58, 64, 65, 67, 68, 77, 79, 80, 82, 83, 85, 86, 95, 96, 102, 108], "excluded_lines": []}}}, "agents\\src\\autifyme_agents\\tools\\cataloging_tools.py": {"executed_lines": [1, 10, 12, 14, 15, 16, 17, 18, 21, 24, 25, 27, 29, 31, 32, 33, 47, 55, 58, 61, 62, 64, 65, 67, 68, 69, 82, 83, 84, 86, 93, 94, 95, 96, 97, 101], "summary": {"covered_lines": 35, "num_statements": 35, "percent_covered": 100.0, "percent_covered_display": "100", "missing_lines": 0, "excluded_lines": 0}, "missing_lines": [], "excluded_lines": [], "functions": {"create_image_analysis_tool": {"executed_lines": [24, 25, 27, 29, 31, 32, 33, 55], "summary": {"covered_lines": 8, "num_statements": 8, "percent_covered": 100.0, "percent_covered_display": "100", "missing_lines": 0, "excluded_lines": 0}, "missing_lines": [], "excluded_lines": []}, "create_image_analysis_tool.image_analysis_specialist_tool": {"executed_lines": [47], "summary": {"covered_lines": 1, "num_statements": 1, "percent_covered": 100.0, "percent_covered_display": "100", "missing_lines": 0, "excluded_lines": 0}, "missing_lines": [], "excluded_lines": []}, "create_cataloging_specialist_tool": {"executed_lines": [61, 62, 64, 65, 67, 68, 69, 101], "summary": {"covered_lines": 8, "num_statements": 8, "percent_covered": 100.0, "percent_covered_display": "100", "missing_lines": 0, "excluded_lines": 0}, "missing_lines": [], "excluded_lines": []}, "create_cataloging_specialist_tool.cataloging_specialist_tool": {"executed_lines": [82, 83, 84, 86, 93, 94, 95, 96, 97], "summary": {"covered_lines": 9, "num_statements": 9, "percent_covered": 100.0, "percent_covered_display": "100", "missing_lines": 0, "excluded_lines": 0}, "missing_lines": [], "excluded_lines": []}, "": {"executed_lines": [1, 10, 12, 14, 15, 16, 17, 18, 21, 58], "summary": {"covered_lines": 9, "num_statements": 9, "percent_covered": 100.0, "percent_covered_display": "100", "missing_lines": 0, "excluded_lines": 0}, "missing_lines": [], "excluded_lines": []}}, "classes": {"": {"executed_lines": [1, 10, 12, 14, 15, 16, 17, 18, 21, 24, 25, 27, 29, 31, 32, 33, 47, 55, 58, 61, 62, 64, 65, 67, 68, 69, 82, 83, 84, 86, 93, 94, 95, 96, 97, 101], "summary": {"covered_lines": 35, "num_statements": 35, "percent_covered": 100.0, "percent_covered_display": "100", "missing_lines": 0, "excluded_lines": 0}, "missing_lines": [], "excluded_lines": []}}}, "agents\\src\\autifyme_agents\\tools\\communication_tools.py": {"executed_lines": [1, 3, 5, 7, 8, 11, 14, 15, 33], "summary": {"covered_lines": 8, "num_statements": 17, "percent_covered": 47.05882352941177, "percent_covered_display": "47", "missing_lines": 9, "excluded_lines": 0}, "missing_lines": [18, 19, 20, 21, 22, 23, 24, 25, 34], "excluded_lines": [], "functions": {"send_whatsapp_message": {"executed_lines": [], "summary": {"covered_lines": 0, "num_statements": 8, "percent_covered": 0.0, "percent_covered_display": "0", "missing_lines": 8, "excluded_lines": 0}, "missing_lines": [18, 19, 20, 21, 22, 23, 24, 25], "excluded_lines": []}, "create_send_whatsapp_message_tool": {"executed_lines": [], "summary": {"covered_lines": 0, "num_statements": 1, "percent_covered": 0.0, "percent_covered_display": "0", "missing_lines": 1, "excluded_lines": 0}, "missing_lines": [34], "excluded_lines": []}, "": {"executed_lines": [1, 3, 5, 7, 8, 11, 14, 15, 33], "summary": {"covered_lines": 8, "num_statements": 8, "percent_covered": 100.0, "percent_covered_display": "100", "missing_lines": 0, "excluded_lines": 0}, "missing_lines": [], "excluded_lines": []}}, "classes": {"": {"executed_lines": [1, 3, 5, 7, 8, 11, 14, 15, 33], "summary": {"covered_lines": 8, "num_statements": 17, "percent_covered": 47.05882352941177, "percent_covered_display": "47", "missing_lines": 9, "excluded_lines": 0}, "missing_lines": [18, 19, 20, 21, 22, 23, 24, 25, 34], "excluded_lines": []}}}, "agents\\src\\autifyme_agents\\tools\\platform_tools.py": {"executed_lines": [1, 7, 9, 10, 12, 14, 17, 20, 29, 31, 32, 63, 64, 70], "summary": {"covered_lines": 12, "num_statements": 20, "percent_covered": 60.0, "percent_covered_display": "60", "missing_lines": 8, "excluded_lines": 2}, "missing_lines": [44, 45, 49, 50, 54, 55, 56, 60], "excluded_lines": [14, 15], "functions": {"create_platform_media_tools": {"executed_lines": [29, 31, 32, 63, 64, 70], "summary": {"covered_lines": 6, "num_statements": 6, "percent_covered": 100.0, "percent_covered_display": "100", "missing_lines": 0, "excluded_lines": 0}, "missing_lines": [], "excluded_lines": []}, "create_platform_media_tools.download_media": {"executed_lines": [], "summary": {"covered_lines": 0, "num_statements": 8, "percent_covered": 0.0, "percent_covered_display": "0", "missing_lines": 8, "excluded_lines": 0}, "missing_lines": [44, 45, 49, 50, 54, 55, 56, 60], "excluded_lines": []}, "": {"executed_lines": [1, 7, 9, 10, 12, 14, 17, 20], "summary": {"covered_lines": 6, "num_statements": 6, "percent_covered": 100.0, "percent_covered_display": "100", "missing_lines": 0, "excluded_lines": 2}, "missing_lines": [], "excluded_lines": [14, 15]}}, "classes": {"": {"executed_lines": [1, 7, 9, 10, 12, 14, 17, 20, 29, 31, 32, 63, 64, 70], "summary": {"covered_lines": 12, "num_statements": 20, "percent_covered": 60.0, "percent_covered_display": "60", "missing_lines": 8, "excluded_lines": 2}, "missing_lines": [44, 45, 49, 50, 54, 55, 56, 60], "excluded_lines": [14, 15]}}}, "agents\\src\\autifyme_agents\\tools\\storage_tools.py": {"executed_lines": [1, 10, 11, 13, 14, 15, 23, 24, 25, 32, 35, 36, 37, 38, 39, 40, 41, 42, 45, 46, 47, 52, 53, 54, 55, 56, 57, 72, 73, 74, 79, 80, 81, 82, 86, 87, 88, 89, 90, 91, 106, 118, 119, 126, 128, 129, 138, 141, 153, 154, 161, 163, 165], "summary": {"covered_lines": 51, "num_statements": 53, "percent_covered": 96.22641509433963, "percent_covered_display": "96", "missing_lines": 2, "excluded_lines": 0}, "missing_lines": [65, 99], "excluded_lines": [], "functions": {"_save_product": {"executed_lines": [46, 47, 52, 53, 54, 55, 56, 57], "summary": {"covered_lines": 8, "num_statements": 9, "percent_covered": 88.88888888888889, "percent_covered_display": "89", "missing_lines": 1, "excluded_lines": 0}, "missing_lines": [65], "excluded_lines": []}, "_get_company_profile": {"executed_lines": [73, 74, 79, 80, 81, 82, 86, 87, 88, 89, 90, 91], "summary": {"covered_lines": 12, "num_statements": 13, "percent_covered": 92.3076923076923, "percent_covered_display": "92", "missing_lines": 1, "excluded_lines": 0}, "missing_lines": [99], "excluded_lines": []}, "create_save_product_tool": {"executed_lines": [118, 119, 126, 138], "summary": {"covered_lines": 4, "num_statements": 4, "percent_covered": 100.0, "percent_covered_display": "100", "missing_lines": 0, "excluded_lines": 0}, "missing_lines": [], "excluded_lines": []}, "create_save_product_tool.save_product": {"executed_lines": [128, 129], "summary": {"covered_lines": 2, "num_statements": 2, "percent_covered": 100.0, "percent_covered_display": "100", "missing_lines": 0, "excluded_lines": 0}, "missing_lines": [], "excluded_lines": []}, "create_get_company_profile_tool": {"executed_lines": [153, 154, 161, 165], "summary": {"covered_lines": 4, "num_statements": 4, "percent_covered": 100.0, "percent_covered_display": "100", "missing_lines": 0, "excluded_lines": 0}, "missing_lines": [], "excluded_lines": []}, "create_get_company_profile_tool.get_company_profile": {"executed_lines": [163], "summary": {"covered_lines": 1, "num_statements": 1, "percent_covered": 100.0, "percent_covered_display": "100", "missing_lines": 0, "excluded_lines": 0}, "missing_lines": [], "excluded_lines": []}, "": {"executed_lines": [1, 10, 11, 13, 14, 15, 23, 24, 25, 32, 35, 36, 37, 38, 39, 40, 41, 42, 45, 72, 106, 141], "summary": {"covered_lines": 20, "num_statements": 20, "percent_covered": 100.0, "percent_covered_display": "100", "missing_lines": 0, "excluded_lines": 0}, "missing_lines": [], "excluded_lines": []}}, "classes": {"SaveProductArgs": {"executed_lines": [], "summary": {"covered_lines": 0, "num_statements": 0, "percent_covered": 100.0, "percent_covered_display": "100", "missing_lines": 0, "excluded_lines": 0}, "missing_lines": [], "excluded_lines": []}, "": {"executed_lines": [1, 10, 11, 13, 14, 15, 23, 24, 25, 32, 35, 36, 37, 38, 39, 40, 41, 42, 45, 46, 47, 52, 53, 54, 55, 56, 57, 72, 73, 74, 79, 80, 81, 82, 86, 87, 88, 89, 90, 91, 106, 118, 119, 126, 128, 129, 138, 141, 153, 154, 161, 163, 165], "summary": {"covered_lines": 51, "num_statements": 53, "percent_covered": 96.22641509433963, "percent_covered_display": "96", "missing_lines": 2, "excluded_lines": 0}, "missing_lines": [65, 99], "excluded_lines": []}}}, "agents\\src\\autifyme_agents\\workflows\\__init__.py": {"executed_lines": [1, 3, 5], "summary": {"covered_lines": 2, "num_statements": 2, "percent_covered": 100.0, "percent_covered_display": "100", "missing_lines": 0, "excluded_lines": 0}, "missing_lines": [], "excluded_lines": [], "functions": {"": {"executed_lines": [1, 3, 5], "summary": {"covered_lines": 2, "num_statements": 2, "percent_covered": 100.0, "percent_covered_display": "100", "missing_lines": 0, "excluded_lines": 0}, "missing_lines": [], "excluded_lines": []}}, "classes": {"": {"executed_lines": [1, 3, 5], "summary": {"covered_lines": 2, "num_statements": 2, "percent_covered": 100.0, "percent_covered_display": "100", "missing_lines": 0, "excluded_lines": 0}, "missing_lines": [], "excluded_lines": []}}}, "agents\\src\\autifyme_agents\\workflows\\approval_analyzer.py": {"executed_lines": [1, 19, 21, 22, 24, 25, 27, 28, 29, 31, 34, 65, 67, 72, 78, 82, 94, 96, 97, 100, 101, 102, 107, 113, 116, 118, 120, 123, 141, 144, 150, 152, 161], "summary": {"covered_lines": 32, "num_statements": 32, "percent_covered": 100.0, "percent_covered_display": "100", "missing_lines": 0, "excluded_lines": 0}, "missing_lines": [], "excluded_lines": [], "functions": {"create_approval_analyzer": {"executed_lines": [65, 67, 72, 78, 82, 94, 116, 118, 120], "summary": {"covered_lines": 9, "num_statements": 9, "percent_covered": 100.0, "percent_covered_display": "100", "missing_lines": 0, "excluded_lines": 0}, "missing_lines": [], "excluded_lines": []}, "create_approval_analyzer.format_input": {"executed_lines": [96, 97, 100, 101, 102, 107, 113], "summary": {"covered_lines": 7, "num_statements": 7, "percent_covered": 100.0, "percent_covered_display": "100", "missing_lines": 0, "excluded_lines": 0}, "missing_lines": [], "excluded_lines": []}, "analyze_approval": {"executed_lines": [141, 144, 150, 152, 161], "summary": {"covered_lines": 5, "num_statements": 5, "percent_covered": 100.0, "percent_covered_display": "100", "missing_lines": 0, "excluded_lines": 0}, "missing_lines": [], "excluded_lines": []}, "": {"executed_lines": [
[...]
 94], "excluded_lines": []}, "WhatsAppChannel.send_approval_request": {"executed_lines": [], "summary": {"covered_lines": 0, "num_statements": 3, "percent_covered": 0.0, "percent_covered_display": "0", "missing_lines": 3, "excluded_lines": 0}, "missing_lines": [124, 126, 131], "excluded_lines": []}, "WhatsAppChannel.send_completion": {"executed_lines": [], "summary": {"covered_lines": 0, "num_statements": 5, "percent_covered": 0.0, "percent_covered_display": "0", "missing_lines": 5, "excluded_lines": 0}, "missing_lines": [150, 151, 153, 155, 164], "excluded_lines": []}, "WhatsAppChannel.send_error": {"executed_lines": [], "summary": {"covered_lines": 0, "num_statements": 5, "percent_covered": 0.0, "percent_covered_display": "0", "missing_lines": 5, "excluded_lines": 0}, "missing_lines": [185, 186, 188, 190, 195], "excluded_lines": []}, "WhatsAppChannel.download_media": {"executed_lines": [], "summary": {"covered_lines": 0, "num_statements": 8, "percent_covered": 0.0, "percent_covered_display": "0", "missing_lines": 8, "excluded_lines": 0}, "missing_lines": [213, 214, 216, 218, 229, 231, 232, 233], "excluded_lines": []}, "WhatsAppChannel.format_thread_id": {"executed_lines": [], "summary": {"covered_lines": 0, "num_statements": 1, "percent_covered": 0.0, "percent_covered_display": "0", "missing_lines": 1, "excluded_lines": 0}, "missing_lines": [250], "excluded_lines": []}, "WhatsAppChannel._format_approval_message": {"executed_lines": [], "summary": {"covered_lines": 0, "num_statements": 14, "percent_covered": 0.0, "percent_covered_display": "0", "missing_lines": 14, "excluded_lines": 0}, "missing_lines": [261, 263, 265, 266, 268, 269, 270, 272, 273, 274, 276, 277, 279, 281], "excluded_lines": []}, "WhatsAppChannel._get_default_error_message": {"executed_lines": [], "summary": {"covered_lines": 0, "num_statements": 2, "percent_covered": 0.0, "percent_covered_display": "0", "missing_lines": 2, "excluded_lines": 0}, "missing_lines": [295, 309], "excluded_lines": []}, "": {"executed_lines": [1, 9, 11, 12, 14, 15, 16, 17, 19, 22, 23, 37, 51, 101, 133, 166, 197, 239, 252, 283], "summary": {"covered_lines": 18, "num_statements": 18, "percent_covered": 100.0, "percent_covered_display": "100", "missing_lines": 0, "excluded_lines": 0}, "missing_lines": [], "excluded_lines": []}}, "classes": {"WhatsAppChannel": {"executed_lines": [], "summary": {"covered_lines": 0, "num_statements": 49, "percent_covered": 0.0, "percent_covered_display": "0", "missing_lines": 49, "excluded_lines": 0}, "missing_lines": [48, 49, 71, 72, 74, 83, 85, 90, 92, 93, 94, 124, 126, 131, 150, 151, 153, 155, 164, 185, 186, 188, 190, 195, 213, 214, 216, 218, 229, 231, 232, 233, 250, 261, 263, 265, 266, 268, 269, 270, 272, 273, 274, 276, 277, 279, 281, 295, 309], "excluded_lines": []}, "": {"executed_lines": [1, 9, 11, 12, 14, 15, 16, 17, 19, 22, 23, 37, 51, 101, 133, 166, 197, 239, 252, 283], "summary": {"covered_lines": 18, "num_statements": 18, "percent_covered": 100.0, "percent_covered_display": "100", "missing_lines": 0, "excluded_lines": 0}, "missing_lines": [], "excluded_lines": []}}}, "agents\\src\\autifyme_agents\\workflows\\orchestration\\__init__.py": {"executed_lines": [1, 10, 12], "summary": {"covered_lines": 2, "num_statements": 2, "percent_covered": 100.0, "percent_covered_display": "100", "missing_lines": 0, "excluded_lines": 0}, "missing_lines": [], "excluded_lines": [], "functions": {"": {"executed_lines": [1, 10, 12], "summary": {"covered_lines": 2, "num_statements": 2, "percent_covered": 100.0, "percent_covered_display": "100", "missing_lines": 0, "excluded_lines": 0}, "missing_lines": [], "excluded_lines": []}}, "classes": {"": {"executed_lines": [1, 10, 12], "summary": {"covered_lines": 2, "num_statements": 2, "percent_covered": 100.0, "percent_covered_display": "100", "missing_lines": 0, "excluded_lines": 0}, "missing_lines": [], "excluded_lines": []}}}, "agents\\src\\autifyme_agents\\workflows\\orchestration\\runner_v2.py": {"executed_lines": [1, 50, 52, 53, 54, 55, 56, 57, 59, 60, 61, 63, 64, 65, 66, 67, 68, 69, 70, 71, 73, 76, 79, 80, 113, 129, 130, 131, 133, 134, 135, 137, 147, 148, 149, 155, 158, 159, 162, 163, 165, 166, 168, 181, 191, 192, 194, 195, 197, 214, 219, 221, 227, 230, 238, 240, 242, 244, 245, 246, 251, 253, 258, 259, 274, 275, 276, 300, 323, 325, 326, 329, 330, 331, 333, 340, 341, 342, 345, 346, 356, 358, 359, 360, 361, 362, 368, 375, 397, 405, 416, 421, 423, 432, 434, 439, 472, 477, 485, 486, 488, 490, 491, 494, 495, 496, 497, 498, 503, 511, 535, 536, 538, 547, 548, 550, 551, 552, 555, 556, 557, 558, 559, 567, 575, 599, 636, 637, 639, 641, 642, 645, 647, 656, 658, 678, 680, 682, 684, 685, 686, 688, 689, 690, 699, 700, 701, 702, 709, 710, 722, 732, 733, 734, 735, 738, 740, 745, 753, 754, 756, 758, 759, 762, 764, 771, 780, 792, 801, 802, 803, 805, 806, 808, 809, 810, 822, 824, 833, 834, 835, 837, 840, 841, 842], "summary": {"covered_lines": 183, "num_statements": 256, "percent_covered": 71.484375, "percent_covered_display": "71", "missing_lines": 73, "excluded_lines": 0}, "missing_lines": [254, 255, 260, 261, 262, 266, 271, 278, 280, 281, 282, 283, 290, 291, 292, 293, 364, 365, 366, 378, 379, 385, 389, 395, 409, 410, 448, 450, 454, 458, 460, 461, 465, 469, 513, 514, 515, 522, 523, 524, 526, 527, 531, 577, 580, 581, 588, 589, 590, 592, 593, 597, 707, 718, 719, 720, 741, 742, 746, 747, 760, 804, 811, 812, 814, 815, 817, 818, 819, 820, 836, 838, 844], "excluded_lines": [], "functions": {"WorkflowRunner.__init__": {"executed_lines": [129, 130, 131, 133, 134, 135, 137, 147, 148, 149, 155, 158, 159, 162, 163, 165, 166], "summary": {"covered_lines": 17, "num_statements": 17, "percent_covered": 100.0, "percent_covered_display": "100", "missing_lines": 0, "excluded_lines": 0}, "missing_lines": [], "excluded_lines": []}, "WorkflowRunner.handle_message": {"executed_lines": [181, 191, 192, 194, 195], "summary": {"covered_lines": 5, "num_statements": 5, "percent_covered": 100.0, "percent_covered_display": "100", "missing_lines": 0, "excluded_lines": 0}, "missing_lines": [], "excluded_lines": []}, "WorkflowRunner._execute_workflow": {"executed_lines": [214, 219, 221, 227, 230, 238, 240, 242, 244, 245, 246, 251, 253, 258, 259, 274, 275, 276], "summary": {"covered_lines": 18, "num_statements": 34, "percent_covered": 52.94117647058823, "percent_covered_display": "53", "missing_lines": 16, "excluded_lines": 0}, "missing_lines": [254, 255, 260, 261, 262, 266, 271, 278, 280, 281, 282, 283, 290, 291, 292, 293], "excluded_lines": []}, "WorkflowRunner._invoke_pm": {"executed_lines": [323, 325, 326, 329, 330, 331, 333, 340, 341, 342, 345, 346, 356, 358, 359, 360, 361, 362, 368, 375, 397, 405, 416, 421, 423, 432, 434, 439, 472, 477, 485, 486, 488, 490, 491, 494, 495, 496, 497, 498, 503, 511, 535, 536, 538, 547, 548, 550, 551, 552, 555, 556, 557, 558, 559, 567, 575], "summary": {"covered_lines": 57, "num_statements": 93, "percent_covered": 61.29032258064516, "percent_covered_display": "61", "missing_lines": 36, "excluded_lines": 0}, "missing_lines": [364, 365, 366, 378, 379, 385, 389, 395, 409, 410, 448, 450, 454, 458, 460, 461, 465, 469, 513, 514, 515, 522, 523, 524, 526, 527, 531, 577, 580, 581, 588, 589, 590, 592, 593, 597], "excluded_lines": []}, "WorkflowRunner._build_command_from_approval": {"executed_lines": [636, 637, 639, 641, 642, 645, 647, 656], "summary": {"covered_lines": 8, "num_statements": 8, "percent_covered": 100.0, "percent_covered_display": "100", "missing_lines": 0, "excluded_lines": 0}, "missing_lines": [], "excluded_lines": []}, "WorkflowRunner._handle_interrupt": {"executed_lines": [678, 680, 682, 684, 685, 686, 688, 689, 690, 699, 700, 701, 702, 709, 710], "summary": {"covered_lines": 15, "num_statements": 19, "percent_covered": 78.94736842105263, "percent_covered_display": "79", "missing_lines": 4, "excluded_lines": 0}, "missing_lines": [707, 718, 719, 720], "excluded_lines": []}, "WorkflowRunner._get_lock": {"executed_lines": [732, 733, 734, 735, 738, 740, 745, 753, 754], "summary": {"covered_lines": 9, "num_statements": 13, "percent_covered": 69.23076923076923, "percent_covered_display": "69", "missing_lines": 4, "excluded_lines": 0}, "missing_lines": [741, 742, 746, 747], "excluded_lines": []}, "WorkflowRunner._get_checkpointer": {"executed_lines": [758, 759], "summary": {"covered_lines": 2, "num_statements": 3, "percent_covered": 66.66666666666667, "percent_covered_display": "67", "missing_lines": 1, "excluded_lines": 0}, "missing_lines": [760], "excluded_lines": []}, "WorkflowRunner._create_project_manager": {"executed_lines": [764], "summary": {"covered_lines": 1, "num_statements": 1, "percent_covered": 100.0, "percent_covered_display": "100", "missing_lines": 0, "excluded_lines": 0}, "missing_lines": [], "excluded_lines": []}, "WorkflowRunner._build_config": {"executed_lines": [780], "summary": {"covered_lines": 1, "num_statements": 1, "percent_covered": 100.0, "percent_covered_display": "100", "missing_lines": 0, "excluded_lines": 0}, "missing_lines": [], "excluded_lines": []}, "WorkflowRunner._extract_cataloging_result": {"executed_lines": [801, 802, 803, 805, 806, 808, 809, 810, 822], "summary": {"covered_lines": 9, "num_statements": 18, "percent_covered": 50.0, "percent_covered_display": "50", "missing_lines": 9, "excluded_lines": 0}, "missing_lines": [804, 811, 812, 814, 815, 817, 818, 819, 820], "excluded_lines": []}, "WorkflowRunner._extract_ai_summary": {"executed_lines": [833, 834, 835, 837, 840, 841, 842], "summary": {"covered_lines": 7, "num_statements": 10, "percent_covered": 70.0, "percent_covered_display": "70", "missing_lines": 3, "excluded_lines": 0}, "missing_lines": [836, 838, 844], "excluded_lines": []}, "": {"executed_lines": [1, 50, 52, 53, 54, 55, 56, 57, 59, 60, 61, 63, 64, 65, 66, 67, 68, 69, 70, 71, 73, 76, 79, 80, 113, 168, 197, 300, 599, 658, 722, 756, 762, 771, 792, 824], "summary": {"covered_lines": 34, "num_statements": 34, "percent_covered": 100.0, "percent_covered_display": "100", "missing_lines": 0, "excluded_lines": 0}, "missing_lines": [], "excluded_lines": []}}, "classes": {"WorkflowRunner": {"executed_lines": [129, 130, 131, 133, 134, 135, 137, 147, 148, 149, 155, 158, 159, 162, 163, 165, 166, 181, 191, 192, 194, 195, 214, 219, 221, 227, 230, 238, 240, 242, 244, 245, 246, 251, 253, 258, 259, 274, 275, 276, 323, 325, 326, 329, 330, 331, 333, 340, 341, 342, 345, 346, 356, 358, 359, 360, 361, 362, 368, 375, 397, 405, 416, 421, 423, 432, 434, 439, 472, 477, 485, 486, 488, 490, 491, 494, 495, 496, 497, 498, 503, 511, 535, 536, 538, 547, 548, 550, 551, 552, 555, 556, 557, 558, 559, 567, 575, 636, 637, 639, 641, 642, 645, 647, 656, 678, 680, 682, 684, 685, 686, 688, 689, 690, 699, 700, 701, 702, 709, 710, 732, 733, 734, 735, 738, 740, 745, 753, 754, 758, 759, 764, 780, 801, 802, 803, 805, 806, 808, 809, 810, 822, 833, 834, 835, 837, 840, 841, 842], "summary": {"covered_lines": 149, "num_statements": 222, "percent_covered": 67.11711711711712, "percent_covered_display": "67", "missing_lines": 73, "excluded_lines": 0}, "missing_lines": [254, 255, 260, 261, 262, 266, 271, 278, 280, 281, 282, 283, 290, 291, 292, 293, 364, 365, 366, 378, 379, 385, 389, 395, 409, 410, 448, 450, 454, 458, 460, 461, 465, 469, 513, 514, 515, 522, 523, 524, 526, 527, 531, 577, 580, 581, 588, 589, 590, 592, 593, 597, 707, 718, 719, 720, 741, 742, 746, 747, 760, 804, 811, 812, 814, 815, 817, 818, 819, 820, 836, 838, 844], "excluded_lines": []}, "": {"executed_lines": [1, 50, 52, 53, 54, 55, 56, 57, 59, 60, 61, 63, 64, 65, 66, 67, 68, 69, 70, 71, 73, 76, 79, 80, 113, 168, 197, 300, 599, 658, 722, 756, 762, 771, 792, 824], "summary": {"covered_lines": 34, "num_statements": 34, "percent_covered": 100.0, "percent_covered_display": "100", "missing_lines": 0, "excluded_lines": 0}, "missing_lines": [], "excluded_lines": []}}}, "agents\\src\\autifyme_agents\\workflows\\outcome_tracker.py": {"executed_lines": [1, 26, 28, 29, 30, 31, 32, 34, 36, 39, 42, 43, 45, 46, 47, 48, 49, 50, 52, 54, 55, 58, 59, 61, 62, 63, 64, 67, 70, 73, 74, 76, 77, 80, 81, 84, 87, 90, 91, 93, 96, 97, 98, 99, 100, 101, 102, 103, 109, 110, 124, 130, 131, 133, 147, 154, 156, 166, 168, 211, 228, 229, 233, 234, 238, 246, 258, 264, 266, 287, 297, 298, 299, 302, 324, 325, 326, 345, 355, 359, 360, 363, 367, 372, 373, 393], "summary": {"covered_lines": 80, "num_statements": 102, "percent_covered": 78.43137254901961, "percent_covered_display": "78", "missing_lines": 22, "excluded_lines": 0}, "missing_lines": [187, 188, 189, 190, 192, 200, 230, 231, 280, 334, 336, 356, 364, 368, 369, 379, 380, 383, 384, 387, 391, 404], "excluded_lines": [], "functions": {"IncomingMessage.to_hash": {"executed_lines": [54, 55], "summary": {"covered_lines": 2, "num_statements": 2, "percent_covered": 100.0, "percent_covered_display": "100", "missing_lines": 0, "excluded_lines": 0}, "missing_lines": [], "excluded_lines": []}, "OutcomeTracker.__init__": {"executed_lines": [130, 131], "summary": {"covered_lines": 2, "num_statements": 2, "percent_covered": 100.0, "percent_covered_display": "100", "missing_lines": 0, "excluded_lines": 0}, "missing_lines": [], "excluded_lines": []}, "OutcomeTracker.track_workflow_start": {"executed_lines": [147, 154, 156, 166], "summary": {"covered_lines": 4, "num_statements": 4, "percent_covered": 100.0, "percent_covered_display": "100", "missing_lines": 0, "excluded_lines": 0}, "missing_lines": [], "excluded_lines": []}, "OutcomeTracker.track_routing_decision": {"executed_lines": [], "summary": {"covered_lines": 0, "num_statements": 6, "percent_covered": 0.0, "percent_covered_display": "0", "missing_lines": 6, "excluded_lines": 0}, "missing_lines": [187, 188, 189, 190, 192, 200], "excluded_lines": []}, "OutcomeTracker.track_workflow_end": {"executed_lines": [228, 229, 233, 234, 238, 246, 258, 264], "summary": {"covered_lines": 8, "num_statements": 10, "percent_covered": 80.0, "percent_covered_display": "80", "missing_lines": 2, "excluded_lines": 0}, "missing_lines": [230, 231], "excluded_lines": []}, "OutcomeTracker.get_workflow_metrics": {"executed_lines": [], "summary": {"covered_lines": 0, "num_statements": 1, "percent_covered": 0.0, "percent_covered_display": "0", "missing_lines": 1, "excluded_lines": 0}, "missing_lines": [280], "excluded_lines": []}, "OutcomeTracker._persist_outcome": {"executed_lines": [297, 298, 299, 302, 324, 325, 326], "summary": {"covered_lines": 7, "num_statements": 9, "percent_covered": 77.77777777777777, "percent_covered_display": "78", "missing_lines": 2, "excluded_lines": 0}, "missing_lines": [334, 336], "excluded_lines": []}, "OutcomeTracker._make_json_serializable": {"executed_lines": [355, 359, 360, 363, 367, 372, 373], "summary": {"covered_lines": 7, "num_statements": 17, "percent_covered": 41.1764705882353, "percent_covered_display": "41", "missing_lines": 10, "excluded_lines": 0}, "missing_lines": [356, 364, 368, 369, 379, 380, 383, 384, 387, 391], "excluded_lines": []}, "OutcomeTracker._trigger_learning": {"executed_lines": [], "summary": {"covered_lines": 0, "num_statements": 1, "percent_covered": 0.0, "percent_covered_display": "0", "missing_lines": 1, "excluded_lines": 0}, "missing_lines": [404], "excluded_lines": []}, "": {"executed_lines": [1, 26, 28, 29, 30, 31, 32, 34, 36, 39, 42, 43, 45, 46, 47, 48, 49, 50, 52, 58, 59, 61, 62, 63, 64, 67, 70, 73, 74, 76, 77, 80, 81, 84, 87, 90, 91, 93, 96, 97, 98, 99, 100, 101, 102, 103, 109, 110, 124, 133, 168, 211, 266, 287, 345, 393], "summary": {"covered_lines": 50, "num_statements": 50, "percent_covered": 100.0, "percent_covered_display": "100", "missing_lines": 0, "excluded_lines": 0}, "missing_lines": [], "excluded_lines": []}}, "classes": {"IncomingMessage": {"executed_lines": [54, 55], "summary": {"covered_lines": 2, "num_statements": 2, "percent_covered": 100.0, "percent_covered_display": "100", "missing_lines": 0, "excluded_lines": 0}, "missing_lines": [], "excluded_lines": []}, "RoutingDecision": {"executed_lines": [], "summary": {"covered_lines": 0, "num_statements": 0, "percent_covered": 100.0, "percent_covered_display": "100", "missing_lines": 0, "excluded_lines": 0}, "missing_lines": [], "excluded_lines": []}, "WorkflowResult": {"executed_lines": [], "summary": {"covered_lines": 0, "num_statements": 0, "percent_covered": 100.0, "percent_covered_display": "100", "missing_lines": 0, "excluded_lines": 0}, "missing_lines": [], "excluded_lines": []}, "TrackedWorkflow": {"executed_lines": [], "summary": {"covered_lines": 0, "num_statements": 0, "percent_covered": 100.0, "percent_covered_display": "100", "missing_lines": 0, "excluded_lines": 0}, "missing_lines": [], "excluded_lines": []}, "OutcomeTracker": {"executed_lines": [130, 131, 147, 154, 156, 166, 228, 229, 233, 234, 238, 246, 258, 264, 297, 298, 299, 302, 324, 325, 326, 355, 359, 360, 363, 367, 372, 373], "summary": {"covered_lines": 28, "num_statements": 50, "percent_covered": 56.0, "percent_covered_display": "56", "missing_lines": 22, "excluded_lines": 0}, "missing_lines": [187, 188, 189, 190, 192, 200, 230, 231, 280, 334, 336, 356, 364, 368, 369, 379, 380, 383, 384, 387, 391, 404], "excluded_lines": []}, "": {"executed_lines": [1, 26, 28, 29, 30, 31, 32, 34, 36, 39, 42, 43, 45, 46, 47, 48, 49, 50, 52, 58, 59, 61, 62, 63, 64, 67, 70, 73, 74, 76, 77, 80, 81, 84, 87, 90, 91, 93, 96, 97, 98, 99, 100, 101, 102, 103, 109, 110, 124, 133, 168, 211, 266, 287, 345, 393], "summary": {"covered_lines": 50, "num_statements": 50, "percent_covered": 100.0, "percent_covered_display": "100", "missing_lines": 0, "excluded_lines": 0}, "missing_lines": [], "excluded_lines": []}}}, "agents\\src\\autifyme_agents\\workflows\\project_manager.py": {"executed_lines": [1, 15, 17, 19, 20, 21, 23, 24, 25, 26, 28, 32, 40, 41, 42, 45, 46, 47, 54, 71, 74, 81, 92, 122, 123, 125, 126, 129, 136, 137, 140, 145, 147, 156, 167], "summary": {"covered_lines": 33, "num_statements": 33, "percent_covered": 100.0, "percent_covered_display": "100", "missing_lines": 0, "excluded_lines": 2}, "missing_lines": [], "excluded_lines": [28, 29], "functions": {"_resolve_model": {"executed_lines": [40, 41, 42], "summary": {"covered_lines": 3, "num_statements": 3, "percent_covered": 100.0, "percent_covered_display": "100", "missing_lines": 0, "excluded_lines": 0}, "missing_lines": [], "excluded_lines": []}, "_load_prompt": {"executed_lines": [46, 47], "summary": {"covered_lines": 2, "num_statements": 2, "percent_covered": 100.0, "percent_covered_display": "100", "missing_lines": 0, "excluded_lines": 0}, "missing_lines": [], "excluded_lines": []}, "_create_cataloging_subagent": {"executed_lines": [71, 74, 81], "summary": {"covered_lines": 3, "num_statements": 3, "percent_covered": 100.0, "percent_covered_display": "100", "missing_lines": 0, "excluded_lines": 0}, "missing_lines": [], "excluded_lines": []}, "create_project_manager": {"executed_lines": [122, 123, 125, 126, 129, 136, 137, 140, 145, 147, 156, 167], "summary": {"covered_lines": 12, "num_statements": 12, "percent_covered": 100.0, "percent_covered_display": "100", "missing_lines": 0, "excluded_lines": 0}, "missing_lines": [], "excluded_lines": []}, "": {"executed_lines": [1, 15, 17, 19, 20, 21, 23, 24, 25, 26, 28, 32, 45, 54, 92], "summary": {"covered_lines": 13, "num_statements": 13, "percent_covered": 100.0, "percent_covered_display": "100", "missing_lines": 0, "excluded_lines": 2}, "missing_lines": [], "excluded_lines": [28, 29]}}, "classes": {"": {"executed_lines": [1, 15, 17, 19, 20, 21, 23, 24, 25, 26, 28, 32, 40, 41, 42, 45, 46, 47, 54, 71, 74, 81, 92, 122, 123, 125, 126, 129, 136, 137, 140, 145, 147, 156, 167], "summary": {"covered_lines": 33, "num_statements": 33, "percent_covered": 100.0, "percent_covered_display": "100", "missing_lines": 0, "excluded_lines": 2}, "missing_lines": [], "excluded_lines": [28, 29]}}}}, "totals": {"covered_lines": 984, "num_statements": 1559, "percent_covered": 63.117382937780626, "percent_covered_display": "63", "missing_lines": 575, "excluded_lines": 17}}